Vivado Simulator v2024.1
Copyright 1986-2022 Xilinx, Inc. All Rights Reserved.
Copyright 2022-2024 Advanced Micro Devices, Inc. All Rights Reserved.
Running: /tools/Xilinx/Vivado/2024.1/bin/unwrapped/lnx64.o/xelab --incr --debug typical --relax --mt 8 -L xil_defaultlib -L secureip --snapshot testbench_behav xil_defaultlib.testbench -log elaborate.log 
Using 8 slave threads.
Starting static elaboration
Completed static elaboration
Starting simulation data flow analysis
Completed simulation data flow analysis
Time Resolution for simulation is 1ps
Compiling package std.standard
Compiling package std.textio
Compiling package ieee.std_logic_1164
Compiling package ieee.numeric_std
Compiling package xil_defaultlib.types
Compiling package ieee.std_logic_arith
Compiling package ieee.std_logic_unsigned
Compiling architecture behaviour of entity xil_defaultlib.clock [\clock(period=80000)\]
Compiling architecture rtl of entity xil_defaultlib.acc [acc_default]
Compiling architecture behaviour of entity xil_defaultlib.memory2 [\memory2(load_file_name="/home/m...]
Compiling architecture structure of entity xil_defaultlib.testbench
Built simulation snapshot testbench_behav
