
*** Running vivado
    with args -log memory2.vds -m64 -product Vivado -mode batch -messageDb vivado.pb -notrace -source memory2.tcl


****** Vivado v2024.1 (64-bit)
  **** SW Build 5076996 on Wed May 22 18:36:09 MDT 2024
  **** IP Build 5075265 on Wed May 22 21:45:21 MDT 2024
  **** SharedData Build 5076995 on Wed May 22 18:29:18 MDT 2024
  **** Start of session at: Mon Oct 21 08:54:58 2024
    ** Copyright 1986-2022 Xilinx, Inc. All Rights Reserved.
    ** Copyright 2022-2024 Advanced Micro Devices, Inc. All Rights Reserved.

source memory2.tcl -notrace
create_project: Time (s): cpu = 00:00:05 ; elapsed = 00:00:05 . Memory (MB): peak = 1473.250 ; gain = 35.836 ; free physical = 23233 ; free virtual = 29792
Command: read_checkpoint -auto_incremental -incremental /home/madsr2d2/DTU/dds/as2/as2_task_0/as2_task_0.srcs/utils_1/imports/synth_1/clock.dcp
INFO: [Vivado 12-5825] Read reference checkpoint from /home/madsr2d2/DTU/dds/as2/as2_task_0/as2_task_0.srcs/utils_1/imports/synth_1/clock.dcp for incremental synthesis
INFO: [Vivado 12-7989] Please ensure there are no constraint changes
Command: synth_design -top memory2 -part xc7a100tcsg324-1
Starting synth_design
Attempting to get a license for feature 'Synthesis' and/or device 'xc7a100t'
INFO: [Common 17-349] Got license for feature 'Synthesis' and/or device 'xc7a100t'
INFO: [Synth 8-7079] Multithreading enabled for synth_design using a maximum of 4 processes.
INFO: [Synth 8-7078] Launching helper process for spawning children vivado processes
INFO: [Synth 8-7075] Helper process launched with PID 22568
---------------------------------------------------------------------------------
Starting Synthesize : Time (s): cpu = 00:00:02 ; elapsed = 00:00:02 . Memory (MB): peak = 1907.809 ; gain = 419.715 ; free physical = 22516 ; free virtual = 29075
---------------------------------------------------------------------------------
INFO: [Synth 8-638] synthesizing module 'memory2' [/home/madsr2d2/DTU/dds/as2/02203_A2_code/task2/memory2.vhd:44]
ERROR: [Synth 8-78] a value must be associated with generic load_file_name [/home/madsr2d2/DTU/dds/as2/02203_A2_code/task2/memory2.vhd:28]
ERROR: [Synth 8-318] illegal unconstrained array generic 'load_file_name' [/home/madsr2d2/DTU/dds/as2/02203_A2_code/task2/memory2.vhd:28]
ERROR: [Synth 8-285] failed synthesizing module 'memory2' [/home/madsr2d2/DTU/dds/as2/02203_A2_code/task2/memory2.vhd:44]
---------------------------------------------------------------------------------
Finished Synthesize : Time (s): cpu = 00:00:03 ; elapsed = 00:00:03 . Memory (MB): peak = 1981.777 ; gain = 493.684 ; free physical = 22426 ; free virtual = 28985
---------------------------------------------------------------------------------
synthesize failed
INFO: [Common 17-83] Releasing license: Synthesis
8 Infos, 0 Warnings, 0 Critical Warnings and 4 Errors encountered.
synth_design failed
ERROR: [Common 17-69] Command failed: Vivado Synthesis failed
INFO: [Common 17-206] Exiting Vivado at Mon Oct 21 08:55:09 2024...
