Vivado Simulator v2024.1
Copyright 1986-2022 Xilinx, Inc. All Rights Reserved.
Copyright 2022-2024 Advanced Micro Devices, Inc. All Rights Reserved.
Running: /tools/Xilinx/Vivado/2024.1/bin/unwrapped/lnx64.o/xelab --incr --debug typical --relax --mt 8 -L xil_defaultlib -L secureip --snapshot gcd_tb_behav xil_defaultlib.gcd_tb -log elaborate.log 
Using 8 slave threads.
Starting static elaboration
Completed static elaboration
Starting simulation data flow analysis
Completed simulation data flow analysis
Time Resolution for simulation is 1ps
Compiling package std.standard
Compiling package std.textio
Compiling package ieee.std_logic_1164
Compiling package ieee.numeric_std
Compiling package std.env
Compiling architecture structure of entity xil_defaultlib.fsm [fsm_default]
Compiling architecture behaviour of entity xil_defaultlib.buf [buf_default]
Compiling architecture behaviour of entity xil_defaultlib.mux [mux_default]
Compiling architecture behaviour of entity xil_defaultlib.reg [reg_default]
Compiling architecture behaviour of entity xil_defaultlib.alu [alu_default]
Compiling architecture structure of entity xil_defaultlib.datapath [datapath_default]
Compiling architecture structure of entity xil_defaultlib.gcd_module [\gcd_module(n=2)\]
Compiling architecture behaviour of entity xil_defaultlib.gcd_tb
Built simulation snapshot gcd_tb_behav
