
*** Running vivado
    with args -log acc.vds -m64 -product Vivado -mode batch -messageDb vivado.pb -notrace -source acc.tcl


****** Vivado v2023.2 (64-bit)
  **** SW Build 4029153 on Fri Oct 13 20:13:54 MDT 2023
  **** IP Build 4028589 on Sat Oct 14 00:45:43 MDT 2023
  **** SharedData Build 4025554 on Tue Oct 10 17:18:54 MDT 2023
    ** Copyright 1986-2022 Xilinx, Inc. All Rights Reserved.
    ** Copyright 2022-2023 Advanced Micro Devices, Inc. All Rights Reserved.

source acc.tcl -notrace
Command: read_checkpoint -auto_incremental -incremental /home/madsr2d2/DTU/dds/dds_as2/dds_as2.srcs/utils_1/imports/synth_1/top.dcp
INFO: [Vivado 12-5825] Read reference checkpoint from /home/madsr2d2/DTU/dds/dds_as2/dds_as2.srcs/utils_1/imports/synth_1/top.dcp for incremental synthesis
INFO: [Vivado 12-7989] Please ensure there are no constraint changes
Command: synth_design -top acc -part xc7a100tcsg324-1
Starting synth_design
Attempting to get a license for feature 'Synthesis' and/or device 'xc7a100t'
INFO: [Common 17-349] Got license for feature 'Synthesis' and/or device 'xc7a100t'
INFO: [Designutils 20-5440] No compile time benefit to using incremental synthesis; A full resynthesis will be run
INFO: [Designutils 20-4379] Flow is switching to default flow due to incremental criteria not met. If you would like to alter this behaviour and have the flow terminate instead, please set the following parameter config_implementation {autoIncr.Synth.RejectBehavior Terminate}
INFO: [Synth 8-7079] Multithreading enabled for synth_design using a maximum of 4 processes.
INFO: [Synth 8-7078] Launching helper process for spawning children vivado processes
INFO: [Synth 8-7075] Helper process launched with PID 1435706
---------------------------------------------------------------------------------
Starting Synthesize : Time (s): cpu = 00:00:02 ; elapsed = 00:00:02 . Memory (MB): peak = 1790.160 ; gain = 409.684 ; free physical = 17288 ; free virtual = 26393
---------------------------------------------------------------------------------
WARNING: [Synth 8-4747] shared variables must be of a protected type [/home/madsr2d2/DTU/dds/as2/as2_task1/as2_task1.srcs/sources_1/new/ram_dp.vhd:27]
INFO: [Synth 8-638] synthesizing module 'acc' [/home/madsr2d2/DTU/dds/dds_as2/02203_A2_code/task2/acc2.vhd:20]
INFO: [Synth 8-3491] module 'sobel_filter_8bit' declared at '/home/madsr2d2/DTU/dds/as2/as2_task1/as2_task1.srcs/sources_1/new/sobel_filter_8bit.vhd:6' bound to instance 'sobel_filter_inst' of component 'sobel_filter_8bit' [/home/madsr2d2/DTU/dds/dds_as2/02203_A2_code/task2/acc2.vhd:97]
INFO: [Synth 8-638] synthesizing module 'sobel_filter_8bit' [/home/madsr2d2/DTU/dds/as2/as2_task1/as2_task1.srcs/sources_1/new/sobel_filter_8bit.vhd:13]
INFO: [Synth 8-256] done synthesizing module 'sobel_filter_8bit' (0#1) [/home/madsr2d2/DTU/dds/as2/as2_task1/as2_task1.srcs/sources_1/new/sobel_filter_8bit.vhd:13]
INFO: [Synth 8-3491] module 'sobel_filter_8bit' declared at '/home/madsr2d2/DTU/dds/as2/as2_task1/as2_task1.srcs/sources_1/new/sobel_filter_8bit.vhd:6' bound to instance 'sobel_filter_inst' of component 'sobel_filter_8bit' [/home/madsr2d2/DTU/dds/dds_as2/02203_A2_code/task2/acc2.vhd:97]
INFO: [Synth 8-3491] module 'sobel_filter_8bit' declared at '/home/madsr2d2/DTU/dds/as2/as2_task1/as2_task1.srcs/sources_1/new/sobel_filter_8bit.vhd:6' bound to instance 'sobel_filter_inst' of component 'sobel_filter_8bit' [/home/madsr2d2/DTU/dds/dds_as2/02203_A2_code/task2/acc2.vhd:97]
INFO: [Synth 8-3491] module 'sobel_filter_8bit' declared at '/home/madsr2d2/DTU/dds/as2/as2_task1/as2_task1.srcs/sources_1/new/sobel_filter_8bit.vhd:6' bound to instance 'sobel_filter_inst' of component 'sobel_filter_8bit' [/home/madsr2d2/DTU/dds/dds_as2/02203_A2_code/task2/acc2.vhd:97]
INFO: [Synth 8-3491] module 'ram_dp' declared at '/home/madsr2d2/DTU/dds/as2/as2_task1/as2_task1.srcs/sources_1/new/ram_dp.vhd:5' bound to instance 'line_buffer_inst' of component 'ram_dp' [/home/madsr2d2/DTU/dds/dds_as2/02203_A2_code/task2/acc2.vhd:106]
INFO: [Synth 8-638] synthesizing module 'ram_dp' [/home/madsr2d2/DTU/dds/as2/as2_task1/as2_task1.srcs/sources_1/new/ram_dp.vhd:23]
	Parameter DATA_WIDTH bound to: 32 - type: integer 
	Parameter ADDR_WIDTH bound to: 7 - type: integer 
INFO: [Synth 8-256] done synthesizing module 'ram_dp' (0#1) [/home/madsr2d2/DTU/dds/as2/as2_task1/as2_task1.srcs/sources_1/new/ram_dp.vhd:23]
INFO: [Synth 8-3491] module 'ram_dp' declared at '/home/madsr2d2/DTU/dds/as2/as2_task1/as2_task1.srcs/sources_1/new/ram_dp.vhd:5' bound to instance 'line_buffer_inst' of component 'ram_dp' [/home/madsr2d2/DTU/dds/dds_as2/02203_A2_code/task2/acc2.vhd:106]
INFO: [Synth 8-3491] module 'ram_dp' declared at '/home/madsr2d2/DTU/dds/as2/as2_task1/as2_task1.srcs/sources_1/new/ram_dp.vhd:5' bound to instance 'line_buffer_inst' of component 'ram_dp' [/home/madsr2d2/DTU/dds/dds_as2/02203_A2_code/task2/acc2.vhd:106]
INFO: [Synth 8-256] done synthesizing module 'acc' (0#1) [/home/madsr2d2/DTU/dds/dds_as2/02203_A2_code/task2/acc2.vhd:20]
---------------------------------------------------------------------------------
Finished Synthesize : Time (s): cpu = 00:00:03 ; elapsed = 00:00:03 . Memory (MB): peak = 1869.098 ; gain = 488.621 ; free physical = 17179 ; free virtual = 26284
---------------------------------------------------------------------------------
---------------------------------------------------------------------------------
Finished Constraint Validation : Time (s): cpu = 00:00:03 ; elapsed = 00:00:03 . Memory (MB): peak = 1883.941 ; gain = 503.465 ; free physical = 17178 ; free virtual = 26284
---------------------------------------------------------------------------------
---------------------------------------------------------------------------------
Start Loading Part and Timing Information
---------------------------------------------------------------------------------
Loading part: xc7a100tcsg324-1
INFO: [Device 21-403] Loading part xc7a100tcsg324-1
---------------------------------------------------------------------------------
Finished Loading Part and Timing Information : Time (s): cpu = 00:00:03 ; elapsed = 00:00:03 . Memory (MB): peak = 1891.945 ; gain = 511.469 ; free physical = 17178 ; free virtual = 26284
---------------------------------------------------------------------------------
INFO: [Synth 8-802] inferred FSM for state register 'state_reg' in module 'acc'
INFO: [Synth 8-3971] The signal "ram_dp:/mem_reg" was recognized as a true dual port RAM template.
---------------------------------------------------------------------------------------------------
                   State |                     New Encoding |                Previous Encoding 
---------------------------------------------------------------------------------------------------
                    idle |                              000 |                              000
              load_buf_0 |                              001 |                              001
              load_buf_1 |                              010 |                              010
              load_buf_2 |                              011 |                              011
             write_sobel |                              100 |                              100
---------------------------------------------------------------------------------------------------
INFO: [Synth 8-3354] encoded FSM with state register 'state_reg' using encoding 'sequential' in module 'acc'
WARNING: [Synth 8-327] inferring latch for variable 'line_index_reg' [/home/madsr2d2/DTU/dds/dds_as2/02203_A2_code/task2/acc2.vhd:231]
WARNING: [Synth 8-327] inferring latch for variable 'buffer_index_reg' [/home/madsr2d2/DTU/dds/dds_as2/02203_A2_code/task2/acc2.vhd:233]
---------------------------------------------------------------------------------
Finished RTL Optimization Phase 2 : Time (s): cpu = 00:00:03 ; elapsed = 00:00:03 . Memory (MB): peak = 1907.961 ; gain = 527.484 ; free physical = 17156 ; free virtual = 26261
---------------------------------------------------------------------------------
No constraint files found.
---------------------------------------------------------------------------------
Start RTL Component Statistics 
---------------------------------------------------------------------------------
Detailed RTL Component Info : 
+---Adders : 
	   4 Input   31 Bit       Adders := 4     
	   2 Input   31 Bit       Adders := 4     
+---Registers : 
	               32 Bit    Registers := 6     
	               31 Bit    Registers := 1     
	               24 Bit    Registers := 8     
	               16 Bit    Registers := 7     
	                7 Bit    Registers := 1     
+---RAMs : 
	               4K Bit	(128 X 32 bit)          RAMs := 3     
+---Muxes : 
	   2 Input   32 Bit        Muxes := 6     
	   2 Input   31 Bit        Muxes := 9     
	   5 Input   31 Bit        Muxes := 2     
	   2 Input   24 Bit        Muxes := 4     
	   2 Input   16 Bit        Muxes := 2     
	   2 Input    8 Bit        Muxes := 4     
	   2 Input    3 Bit        Muxes := 4     
	   5 Input    3 Bit        Muxes := 2     
	   2 Input    2 Bit        Muxes := 1     
	   2 Input    1 Bit        Muxes := 1     
	   5 Input    1 Bit        Muxes := 8     
---------------------------------------------------------------------------------
Finished RTL Component Statistics 
---------------------------------------------------------------------------------
---------------------------------------------------------------------------------
Start Part Resource Summary
---------------------------------------------------------------------------------
Part Resources:
DSPs: 240 (col length:80)
BRAMs: 270 (col length: RAMB18 80 RAMB36 40)
---------------------------------------------------------------------------------
Finished Part Resource Summary
---------------------------------------------------------------------------------
No constraint files found.
---------------------------------------------------------------------------------
Start Cross Boundary and Area Optimization
---------------------------------------------------------------------------------
WARNING: [Synth 8-7080] Parallel synthesis criteria is not met
CRITICAL WARNING: [Synth 8-5796] RAM (i_0) has conflicting writes using multiple ports with same address
CRITICAL WARNING: [Synth 8-5796] RAM (i_1) has conflicting writes using multiple ports with same address
CRITICAL WARNING: [Synth 8-5796] RAM (i_2) has conflicting writes using multiple ports with same address
---------------------------------------------------------------------------------
Finished Cross Boundary and Area Optimization : Time (s): cpu = 00:00:07 ; elapsed = 00:00:07 . Memory (MB): peak = 2077.344 ; gain = 696.867 ; free physical = 16968 ; free virtual = 26082
---------------------------------------------------------------------------------
---------------------------------------------------------------------------------
Start ROM, RAM, DSP, Shift Register and Retiming Reporting
---------------------------------------------------------------------------------

Block RAM: Preliminary Mapping Report (see note below)
+------------+---------------------------------------------+------------------------+---+---+------------------------+---+---+------------------+--------+--------+
|Module Name | RTL Object                                  | PORT A (Depth x Width) | W | R | PORT B (Depth x Width) | W | R | Ports driving FF | RAMB18 | RAMB36 | 
+------------+---------------------------------------------+------------------------+---+---+------------------------+---+---+------------------+--------+--------+
|acc         | line_buffer_gen[0].line_buffer_inst/mem_reg | 128 x 32(READ_FIRST)   | W |   | 128 x 32(WRITE_FIRST)  |   | R | Port A and B     | 1      | 0      | 
|acc         | line_buffer_gen[1].line_buffer_inst/mem_reg | 128 x 32(READ_FIRST)   | W |   | 128 x 32(WRITE_FIRST)  |   | R | Port A and B     | 1      | 0      | 
|acc         | line_buffer_gen[2].line_buffer_inst/mem_reg | 128 x 32(READ_FIRST)   | W |   | 128 x 32(WRITE_FIRST)  |   | R | Port A and B     | 1      | 0      | 
+------------+---------------------------------------------+------------------------+---+---+------------------------+---+---+------------------+--------+--------+

Note: The table above is a preliminary report that shows the Block RAMs at the current stage of the synthesis flow. Some Block RAMs may be reimplemented as non Block RAM primitives later in the synthesis flow. Multiple instantiated Block RAMs are reported only once. 
---------------------------------------------------------------------------------
Finished ROM, RAM, DSP, Shift Register and Retiming Reporting
---------------------------------------------------------------------------------
No constraint files found.
---------------------------------------------------------------------------------
Start Timing Optimization
---------------------------------------------------------------------------------
---------------------------------------------------------------------------------
Finished Timing Optimization : Time (s): cpu = 00:00:07 ; elapsed = 00:00:07 . Memory (MB): peak = 2077.344 ; gain = 696.867 ; free physical = 16969 ; free virtual = 26083
---------------------------------------------------------------------------------
---------------------------------------------------------------------------------
Start ROM, RAM, DSP, Shift Register and Retiming Reporting
---------------------------------------------------------------------------------

Block RAM: Final Mapping Report
+------------+---------------------------------------------+------------------------+---+---+------------------------+---+---+------------------+--------+--------+
|Module Name | RTL Object                                  | PORT A (Depth x Width) | W | R | PORT B (Depth x Width) | W | R | Ports driving FF | RAMB18 | RAMB36 | 
+------------+---------------------------------------------+------------------------+---+---+------------------------+---+---+------------------+--------+--------+
|acc         | line_buffer_gen[0].line_buffer_inst/mem_reg | 128 x 32(READ_FIRST)   | W |   | 128 x 32(WRITE_FIRST)  |   | R | Port A and B     | 1      | 0      | 
|acc         | line_buffer_gen[1].line_buffer_inst/mem_reg | 128 x 32(READ_FIRST)   | W |   | 128 x 32(WRITE_FIRST)  |   | R | Port A and B     | 1      | 0      | 
|acc         | line_buffer_gen[2].line_buffer_inst/mem_reg | 128 x 32(READ_FIRST)   | W |   | 128 x 32(WRITE_FIRST)  |   | R | Port A and B     | 1      | 0      | 
+------------+---------------------------------------------+------------------------+---+---+------------------------+---+---+------------------+--------+--------+

---------------------------------------------------------------------------------
Finished ROM, RAM, DSP, Shift Register and Retiming Reporting
---------------------------------------------------------------------------------
---------------------------------------------------------------------------------
Start Technology Mapping
---------------------------------------------------------------------------------
INFO: [Synth 8-7052] The timing for the instance line_buffer_gen[0].line_buffer_inst/mem_reg (implemented as a Block RAM) might be sub-optimal as no optional output register could be merged into the ram block. Providing additional output register may help in improving timing.
INFO: [Synth 8-7052] The timing for the instance line_buffer_gen[1].line_buffer_inst/mem_reg (implemented as a Block RAM) might be sub-optimal as no optional output register could be merged into the ram block. Providing additional output register may help in improving timing.
INFO: [Synth 8-7052] The timing for the instance line_buffer_gen[2].line_buffer_inst/mem_reg (implemented as a Block RAM) might be sub-optimal as no optional output register could be merged into the ram block. Providing additional output register may help in improving timing.
---------------------------------------------------------------------------------
Finished Technology Mapping : Time (s): cpu = 00:00:07 ; elapsed = 00:00:07 . Memory (MB): peak = 2077.344 ; gain = 696.867 ; free physical = 16969 ; free virtual = 26084
---------------------------------------------------------------------------------
---------------------------------------------------------------------------------
Start IO Insertion
---------------------------------------------------------------------------------
---------------------------------------------------------------------------------
Start Flattening Before IO Insertion
---------------------------------------------------------------------------------
---------------------------------------------------------------------------------
Finished Flattening Before IO Insertion
---------------------------------------------------------------------------------
---------------------------------------------------------------------------------
Start Final Netlist Cleanup
---------------------------------------------------------------------------------
---------------------------------------------------------------------------------
Finished Final Netlist Cleanup
---------------------------------------------------------------------------------
---------------------------------------------------------------------------------
Finished IO Insertion : Time (s): cpu = 00:00:09 ; elapsed = 00:00:09 . Memory (MB): peak = 2077.344 ; gain = 696.867 ; free physical = 16970 ; free virtual = 26080
---------------------------------------------------------------------------------
---------------------------------------------------------------------------------
Start Renaming Generated Instances
---------------------------------------------------------------------------------
---------------------------------------------------------------------------------
Finished Renaming Generated Instances : Time (s): cpu = 00:00:09 ; elapsed = 00:00:09 . Memory (MB): peak = 2077.344 ; gain = 696.867 ; free physical = 16970 ; free virtual = 26080
---------------------------------------------------------------------------------
CRITICAL WARNING: [Synth 8-6859] multi-driven net on pin line_index[30] with 1st driver pin 'line_index_reg[30]__0/Q' [/home/madsr2d2/DTU/dds/dds_as2/02203_A2_code/task2/acc2.vhd:135]
CRITICAL WARNING: [Synth 8-6859] multi-driven net on pin line_index[30] with 2nd driver pin 'line_index_reg[30]/Q' [/home/madsr2d2/DTU/dds/dds_as2/02203_A2_code/task2/acc2.vhd:231]
CRITICAL WARNING: [Synth 8-6859] multi-driven net on pin line_index[29] with 1st driver pin 'line_index_reg[29]__0/Q' [/home/madsr2d2/DTU/dds/dds_as2/02203_A2_code/task2/acc2.vhd:135]
CRITICAL WARNING: [Synth 8-6859] multi-driven net on pin line_index[29] with 2nd driver pin 'line_index_reg[29]/Q' [/home/madsr2d2/DTU/dds/dds_as2/02203_A2_code/task2/acc2.vhd:231]
CRITICAL WARNING: [Synth 8-6859] multi-driven net on pin line_index[28] with 1st driver pin 'line_index_reg[28]__0/Q' [/home/madsr2d2/DTU/dds/dds_as2/02203_A2_code/task2/acc2.vhd:135]
CRITICAL WARNING: [Synth 8-6859] multi-driven net on pin line_index[28] with 2nd driver pin 'line_index_reg[28]/Q' [/home/madsr2d2/DTU/dds/dds_as2/02203_A2_code/task2/acc2.vhd:231]
CRITICAL WARNING: [Synth 8-6859] multi-driven net on pin line_index[27] with 1st driver pin 'line_index_reg[27]__0/Q' [/home/madsr2d2/DTU/dds/dds_as2/02203_A2_code/task2/acc2.vhd:135]
CRITICAL WARNING: [Synth 8-6859] multi-driven net on pin line_index[27] with 2nd driver pin 'line_index_reg[27]/Q' [/home/madsr2d2/DTU/dds/dds_as2/02203_A2_code/task2/acc2.vhd:231]
CRITICAL WARNING: [Synth 8-6859] multi-driven net on pin line_index[26] with 1st driver pin 'line_index_reg[26]__0/Q' [/home/madsr2d2/DTU/dds/dds_as2/02203_A2_code/task2/acc2.vhd:135]
CRITICAL WARNING: [Synth 8-6859] multi-driven net on pin line_index[26] with 2nd driver pin 'line_index_reg[26]/Q' [/home/madsr2d2/DTU/dds/dds_as2/02203_A2_code/task2/acc2.vhd:231]
CRITICAL WARNING: [Synth 8-6859] multi-driven net on pin line_index[25] with 1st driver pin 'line_index_reg[25]__0/Q' [/home/madsr2d2/DTU/dds/dds_as2/02203_A2_code/task2/acc2.vhd:135]
CRITICAL WARNING: [Synth 8-6859] multi-driven net on pin line_index[25] with 2nd driver pin 'line_index_reg[25]/Q' [/home/madsr2d2/DTU/dds/dds_as2/02203_A2_code/task2/acc2.vhd:231]
CRITICAL WARNING: [Synth 8-6859] multi-driven net on pin line_index[24] with 1st driver pin 'line_index_reg[24]__0/Q' [/home/madsr2d2/DTU/dds/dds_as2/02203_A2_code/task2/acc2.vhd:135]
CRITICAL WARNING: [Synth 8-6859] multi-driven net on pin line_index[24] with 2nd driver pin 'line_index_reg[24]/Q' [/home/madsr2d2/DTU/dds/dds_as2/02203_A2_code/task2/acc2.vhd:231]
CRITICAL WARNING: [Synth 8-6859] multi-driven net on pin line_index[23] with 1st driver pin 'line_index_reg[23]__0/Q' [/home/madsr2d2/DTU/dds/dds_as2/02203_A2_code/task2/acc2.vhd:135]
CRITICAL WARNING: [Synth 8-6859] multi-driven net on pin line_index[23] with 2nd driver pin 'line_index_reg[23]/Q' [/home/madsr2d2/DTU/dds/dds_as2/02203_A2_code/task2/acc2.vhd:231]
CRITICAL WARNING: [Synth 8-6859] multi-driven net on pin line_index[22] with 1st driver pin 'line_index_reg[22]__0/Q' [/home/madsr2d2/DTU/dds/dds_as2/02203_A2_code/task2/acc2.vhd:135]
CRITICAL WARNING: [Synth 8-6859] multi-driven net on pin line_index[22] with 2nd driver pin 'line_index_reg[22]/Q' [/home/madsr2d2/DTU/dds/dds_as2/02203_A2_code/task2/acc2.vhd:231]
CRITICAL WARNING: [Synth 8-6859] multi-driven net on pin line_index[21] with 1st driver pin 'line_index_reg[21]__0/Q' [/home/madsr2d2/DTU/dds/dds_as2/02203_A2_code/task2/acc2.vhd:135]
CRITICAL WARNING: [Synth 8-6859] multi-driven net on pin line_index[21] with 2nd driver pin 'line_index_reg[21]/Q' [/home/madsr2d2/DTU/dds/dds_as2/02203_A2_code/task2/acc2.vhd:231]
CRITICAL WARNING: [Synth 8-6859] multi-driven net on pin line_index[20] with 1st driver pin 'line_index_reg[20]__0/Q' [/home/madsr2d2/DTU/dds/dds_as2/02203_A2_code/task2/acc2.vhd:135]
CRITICAL WARNING: [Synth 8-6859] multi-driven net on pin line_index[20] with 2nd driver pin 'line_index_reg[20]/Q' [/home/madsr2d2/DTU/dds/dds_as2/02203_A2_code/task2/acc2.vhd:231]
CRITICAL WARNING: [Synth 8-6859] multi-driven net on pin line_index[19] with 1st driver pin 'line_index_reg[19]__0/Q' [/home/madsr2d2/DTU/dds/dds_as2/02203_A2_code/task2/acc2.vhd:135]
CRITICAL WARNING: [Synth 8-6859] multi-driven net on pin line_index[19] with 2nd driver pin 'line_index_reg[19]/Q' [/home/madsr2d2/DTU/dds/dds_as2/02203_A2_code/task2/acc2.vhd:231]
CRITICAL WARNING: [Synth 8-6859] multi-driven net on pin line_index[18] with 1st driver pin 'line_index_reg[18]__0/Q' [/home/madsr2d2/DTU/dds/dds_as2/02203_A2_code/task2/acc2.vhd:135]
CRITICAL WARNING: [Synth 8-6859] multi-driven net on pin line_index[18] with 2nd driver pin 'line_index_reg[18]/Q' [/home/madsr2d2/DTU/dds/dds_as2/02203_A2_code/task2/acc2.vhd:231]
CRITICAL WARNING: [Synth 8-6859] multi-driven net on pin line_index[17] with 1st driver pin 'line_index_reg[17]__0/Q' [/home/madsr2d2/DTU/dds/dds_as2/02203_A2_code/task2/acc2.vhd:135]
CRITICAL WARNING: [Synth 8-6859] multi-driven net on pin line_index[17] with 2nd driver pin 'line_index_reg[17]/Q' [/home/madsr2d2/DTU/dds/dds_as2/02203_A2_code/task2/acc2.vhd:231]
CRITICAL WARNING: [Synth 8-6859] multi-driven net on pin line_index[16] with 1st driver pin 'line_index_reg[16]__0/Q' [/home/madsr2d2/DTU/dds/dds_as2/02203_A2_code/task2/acc2.vhd:135]
CRITICAL WARNING: [Synth 8-6859] multi-driven net on pin line_index[16] with 2nd driver pin 'line_index_reg[16]/Q' [/home/madsr2d2/DTU/dds/dds_as2/02203_A2_code/task2/acc2.vhd:231]
CRITICAL WARNING: [Synth 8-6859] multi-driven net on pin line_index[15] with 1st driver pin 'line_index_reg[15]__0/Q' [/home/madsr2d2/DTU/dds/dds_as2/02203_A2_code/task2/acc2.vhd:135]
CRITICAL WARNING: [Synth 8-6859] multi-driven net on pin line_index[15] with 2nd driver pin 'line_index_reg[15]/Q' [/home/madsr2d2/DTU/dds/dds_as2/02203_A2_code/task2/acc2.vhd:231]
CRITICAL WARNING: [Synth 8-6859] multi-driven net on pin line_index[14] with 1st driver pin 'line_index_reg[14]__0/Q' [/home/madsr2d2/DTU/dds/dds_as2/02203_A2_code/task2/acc2.vhd:135]
CRITICAL WARNING: [Synth 8-6859] multi-driven net on pin line_index[14] with 2nd driver pin 'line_index_reg[14]/Q' [/home/madsr2d2/DTU/dds/dds_as2/02203_A2_code/task2/acc2.vhd:231]
CRITICAL WARNING: [Synth 8-6859] multi-driven net on pin line_index[13] with 1st driver pin 'line_index_reg[13]__0/Q' [/home/madsr2d2/DTU/dds/dds_as2/02203_A2_code/task2/acc2.vhd:135]
CRITICAL WARNING: [Synth 8-6859] multi-driven net on pin line_index[13] with 2nd driver pin 'line_index_reg[13]/Q' [/home/madsr2d2/DTU/dds/dds_as2/02203_A2_code/task2/acc2.vhd:231]
CRITICAL WARNING: [Synth 8-6859] multi-driven net on pin line_index[12] with 1st driver pin 'line_index_reg[12]__0/Q' [/home/madsr2d2/DTU/dds/dds_as2/02203_A2_code/task2/acc2.vhd:135]
CRITICAL WARNING: [Synth 8-6859] multi-driven net on pin line_index[12] with 2nd driver pin 'line_index_reg[12]/Q' [/home/madsr2d2/DTU/dds/dds_as2/02203_A2_code/task2/acc2.vhd:231]
CRITICAL WARNING: [Synth 8-6859] multi-driven net on pin line_index[11] with 1st driver pin 'line_index_reg[11]__0/Q' [/home/madsr2d2/DTU/dds/dds_as2/02203_A2_code/task2/acc2.vhd:135]
CRITICAL WARNING: [Synth 8-6859] multi-driven net on pin line_index[11] with 2nd driver pin 'line_index_reg[11]/Q' [/home/madsr2d2/DTU/dds/dds_as2/02203_A2_code/task2/acc2.vhd:231]
CRITICAL WARNING: [Synth 8-6859] multi-driven net on pin line_index[10] with 1st driver pin 'line_index_reg[10]__0/Q' [/home/madsr2d2/DTU/dds/dds_as2/02203_A2_code/task2/acc2.vhd:135]
CRITICAL WARNING: [Synth 8-6859] multi-driven net on pin line_index[10] with 2nd driver pin 'line_index_reg[10]/Q' [/home/madsr2d2/DTU/dds/dds_as2/02203_A2_code/task2/acc2.vhd:231]
CRITICAL WARNING: [Synth 8-6859] multi-driven net on pin line_index[9] with 1st driver pin 'line_index_reg[9]__0/Q' [/home/madsr2d2/DTU/dds/dds_as2/02203_A2_code/task2/acc2.vhd:135]
CRITICAL WARNING: [Synth 8-6859] multi-driven net on pin line_index[9] with 2nd driver pin 'line_index_reg[9]/Q' [/home/madsr2d2/DTU/dds/dds_as2/02203_A2_code/task2/acc2.vhd:231]
CRITICAL WARNING: [Synth 8-6859] multi-driven net on pin line_index[8] with 1st driver pin 'line_index_reg[8]__0/Q' [/home/madsr2d2/DTU/dds/dds_as2/02203_A2_code/task2/acc2.vhd:135]
CRITICAL WARNING: [Synth 8-6859] multi-driven net on pin line_index[8] with 2nd driver pin 'line_index_reg[8]/Q' [/home/madsr2d2/DTU/dds/dds_as2/02203_A2_code/task2/acc2.vhd:231]
CRITICAL WARNING: [Synth 8-6859] multi-driven net on pin line_index[7] with 1st driver pin 'line_index_reg[7]__0/Q' [/home/madsr2d2/DTU/dds/dds_as2/02203_A2_code/task2/acc2.vhd:135]
CRITICAL WARNING: [Synth 8-6859] multi-driven net on pin line_index[7] with 2nd driver pin 'line_index_reg[7]/Q' [/home/madsr2d2/DTU/dds/dds_as2/02203_A2_code/task2/acc2.vhd:231]
CRITICAL WARNING: [Synth 8-6859] multi-driven net on pin line_index[6] with 1st driver pin 'line_index_reg[6]__0/Q' [/home/madsr2d2/DTU/dds/dds_as2/02203_A2_code/task2/acc2.vhd:135]
CRITICAL WARNING: [Synth 8-6859] multi-driven net on pin line_index[6] with 2nd driver pin 'line_index_reg[6]/Q' [/home/madsr2d2/DTU/dds/dds_as2/02203_A2_code/task2/acc2.vhd:231]
CRITICAL WARNING: [Synth 8-6859] multi-driven net on pin line_index[5] with 1st driver pin 'line_index_reg[5]__0/Q' [/home/madsr2d2/DTU/dds/dds_as2/02203_A2_code/task2/acc2.vhd:135]
CRITICAL WARNING: [Synth 8-6859] multi-driven net on pin line_index[5] with 2nd driver pin 'line_index_reg[5]/Q' [/home/madsr2d2/DTU/dds/dds_as2/02203_A2_code/task2/acc2.vhd:231]
CRITICAL WARNING: [Synth 8-6859] multi-driven net on pin line_index[4] with 1st driver pin 'line_index_reg[4]__0/Q' [/home/madsr2d2/DTU/dds/dds_as2/02203_A2_code/task2/acc2.vhd:135]
CRITICAL WARNING: [Synth 8-6859] multi-driven net on pin line_index[4] with 2nd driver pin 'line_index_reg[4]/Q' [/home/madsr2d2/DTU/dds/dds_as2/02203_A2_code/task2/acc2.vhd:231]
CRITICAL WARNING: [Synth 8-6859] multi-driven net on pin line_index[3] with 1st driver pin 'line_index_reg[3]__0/Q' [/home/madsr2d2/DTU/dds/dds_as2/02203_A2_code/task2/acc2.vhd:135]
CRITICAL WARNING: [Synth 8-6859] multi-driven net on pin line_index[3] with 2nd driver pin 'line_index_reg[3]/Q' [/home/madsr2d2/DTU/dds/dds_as2/02203_A2_code/task2/acc2.vhd:231]
CRITICAL WARNING: [Synth 8-6859] multi-driven net on pin line_index[2] with 1st driver pin 'line_index_reg[2]__0/Q' [/home/madsr2d2/DTU/dds/dds_as2/02203_A2_code/task2/acc2.vhd:135]
CRITICAL WARNING: [Synth 8-6859] multi-driven net on pin line_index[2] with 2nd driver pin 'line_index_reg[2]/Q' [/home/madsr2d2/DTU/dds/dds_as2/02203_A2_code/task2/acc2.vhd:231]
CRITICAL WARNING: [Synth 8-6859] multi-driven net on pin line_index[1] with 1st driver pin 'line_index_reg[1]__0/Q' [/home/madsr2d2/DTU/dds/dds_as2/02203_A2_code/task2/acc2.vhd:135]
CRITICAL WARNING: [Synth 8-6859] multi-driven net on pin line_index[1] with 2nd driver pin 'line_index_reg[1]/Q' [/home/madsr2d2/DTU/dds/dds_as2/02203_A2_code/task2/acc2.vhd:231]
CRITICAL WARNING: [Synth 8-6859] multi-driven net on pin line_index[0] with 1st driver pin 'line_index_reg[0]__0/Q' [/home/madsr2d2/DTU/dds/dds_as2/02203_A2_code/task2/acc2.vhd:135]
CRITICAL WARNING: [Synth 8-6859] multi-driven net on pin line_index[0] with 2nd driver pin 'line_index_reg[0]/Q' [/home/madsr2d2/DTU/dds/dds_as2/02203_A2_code/task2/acc2.vhd:231]

Report Check Netlist: 
+------+------------------+-------+---------+-------+------------------+
|      |Item              |Errors |Warnings |Status |Description       |
+------+------------------+-------+---------+-------+------------------+
|1     |multi_driven_nets |      0|       31|Failed |Multi driven nets |
+------+------------------+-------+---------+-------+------------------+
---------------------------------------------------------------------------------
Start Rebuilding User Hierarchy
---------------------------------------------------------------------------------
---------------------------------------------------------------------------------
Finished Rebuilding User Hierarchy : Time (s): cpu = 00:00:09 ; elapsed = 00:00:09 . Memory (MB): peak = 2077.344 ; gain = 696.867 ; free physical = 16970 ; free virtual = 26080
---------------------------------------------------------------------------------
---------------------------------------------------------------------------------
Start Renaming Generated Ports
---------------------------------------------------------------------------------
---------------------------------------------------------------------------------
Finished Renaming Generated Ports : Time (s): cpu = 00:00:09 ; elapsed = 00:00:09 . Memory (MB): peak = 2077.344 ; gain = 696.867 ; free physical = 16970 ; free virtual = 26080
---------------------------------------------------------------------------------
---------------------------------------------------------------------------------
Start Handling Custom Attributes
---------------------------------------------------------------------------------
---------------------------------------------------------------------------------
Finished Handling Custom Attributes : Time (s): cpu = 00:00:09 ; elapsed = 00:00:09 . Memory (MB): peak = 2077.344 ; gain = 696.867 ; free physical = 16970 ; free virtual = 26080
---------------------------------------------------------------------------------
---------------------------------------------------------------------------------
Start Renaming Generated Nets
---------------------------------------------------------------------------------
---------------------------------------------------------------------------------
Finished Renaming Generated Nets : Time (s): cpu = 00:00:09 ; elapsed = 00:00:09 . Memory (MB): peak = 2077.344 ; gain = 696.867 ; free physical = 16970 ; free virtual = 26080
---------------------------------------------------------------------------------
---------------------------------------------------------------------------------
Start Writing Synthesis Report
---------------------------------------------------------------------------------

Report BlackBoxes: 
+-+--------------+----------+
| |BlackBox name |Instances |
+-+--------------+----------+
+-+--------------+----------+

Report Cell Usage: 
+------+---------+------+
|      |Cell     |Count |
+------+---------+------+
|1     |BUFG     |     1|
|2     |CARRY4   |   166|
|3     |LUT1     |    29|
|4     |LUT2     |   152|
|5     |LUT3     |   295|
|6     |LUT4     |   281|
|7     |LUT5     |   340|
|8     |LUT6     |   141|
|9     |RAMB18E1 |     3|
|10    |FDCE     |     3|
|11    |FDRE     |   277|
|12    |LD       |    62|
|13    |IBUF     |    35|
|14    |OBUF     |    51|
+------+---------+------+

Report Instance Areas: 
+------+----------------------------------------+---------+------+
|      |Instance                                |Module   |Cells |
+------+----------------------------------------+---------+------+
|1     |top                                     |         |  1836|
|2     |  \line_buffer_gen[0].line_buffer_inst  |ram_dp   |    74|
|3     |  \line_buffer_gen[1].line_buffer_inst  |ram_dp_0 |    97|
|4     |  \line_buffer_gen[2].line_buffer_inst  |ram_dp_1 |    66|
+------+----------------------------------------+---------+------+
---------------------------------------------------------------------------------
Finished Writing Synthesis Report : Time (s): cpu = 00:00:09 ; elapsed = 00:00:09 . Memory (MB): peak = 2077.344 ; gain = 696.867 ; free physical = 16970 ; free virtual = 26080
---------------------------------------------------------------------------------
Synthesis finished with 0 errors, 65 critical warnings and 4 warnings.
Synthesis Optimization Runtime : Time (s): cpu = 00:00:09 ; elapsed = 00:00:09 . Memory (MB): peak = 2077.344 ; gain = 696.867 ; free physical = 16970 ; free virtual = 26080
Synthesis Optimization Complete : Time (s): cpu = 00:00:09 ; elapsed = 00:00:09 . Memory (MB): peak = 2077.352 ; gain = 696.867 ; free physical = 16970 ; free virtual = 26080
INFO: [Project 1-571] Translating synthesized netlist
Netlist sorting complete. Time (s): cpu = 00:00:00 ; elapsed = 00:00:00.01 . Memory (MB): peak = 2077.352 ; gain = 0.000 ; free physical = 17244 ; free virtual = 26354
INFO: [Netlist 29-17] Analyzing 231 Unisim elements for replacement
INFO: [Netlist 29-28] Unisim Transformation completed in 0 CPU seconds
WARNING: [Netlist 29-101] Netlist 'acc' is not ideal for floorplanning, since the cellview 'acc' contains a large number of primitives.  Please consider enabling hierarchy in synthesis if you want to do floorplanning.
INFO: [Project 1-570] Preparing netlist for logic optimization
INFO: [Opt 31-138] Pushed 0 inverter(s) to 0 load pin(s).
Netlist sorting complete. Time (s): cpu = 00:00:00 ; elapsed = 00:00:00 . Memory (MB): peak = 2191.184 ; gain = 0.000 ; free physical = 17213 ; free virtual = 26322
INFO: [Project 1-111] Unisim Transformation Summary:
  A total of 62 instances were transformed.
  LD => LDCE: 62 instances

Synth Design complete | Checksum: a2bb602a
INFO: [Common 17-83] Releasing license: Synthesis
35 Infos, 5 Warnings, 65 Critical Warnings and 0 Errors encountered.
synth_design completed successfully
synth_design: Time (s): cpu = 00:00:12 ; elapsed = 00:00:10 . Memory (MB): peak = 2191.219 ; gain = 820.648 ; free physical = 17213 ; free virtual = 26322
INFO: [Common 17-2834] synth_design peak Physical Memory [PSS] (MB): overall = 1465.390; main = 1465.390; forked = 0.000
INFO: [Common 17-2834] synth_design peak Virtual Memory [VSS] (MB): overall = 2191.188; main = 2191.188; forked = 0.000
INFO: [runtcl-6] Synthesis results are not added to the cache due to CRITICAL_WARNING
Write ShapeDB Complete: Time (s): cpu = 00:00:00.01 ; elapsed = 00:00:00 . Memory (MB): peak = 2215.195 ; gain = 0.000 ; free physical = 17212 ; free virtual = 26322
INFO: [Common 17-1381] The checkpoint '/home/madsr2d2/DTU/dds/dds_as2/dds_as2.runs/synth_1/acc.dcp' has been generated.
INFO: [runtcl-4] Executing : report_utilization -file acc_utilization_synth.rpt -pb acc_utilization_synth.pb
INFO: [Common 17-206] Exiting Vivado at Wed Oct 30 13:13:58 2024...
