#-----------------------------------------------------------
# Vivado v2024.1 (64-bit)
# SW Build 5076996 on Wed May 22 18:36:09 MDT 2024
# IP Build 5075265 on Wed May 22 21:45:21 MDT 2024
# SharedData Build 5076995 on Wed May 22 18:29:18 MDT 2024
# Start of session at: Sat Oct 19 17:49:04 2024
# Process ID: 7099
# Current directory: /home/madsr2d2/DTU/dds/as2
# Command line: vivado
# Log file: /home/madsr2d2/DTU/dds/as2/vivado.log
# Journal file: /home/madsr2d2/DTU/dds/as2/vivado.jou
# Running On        :madsr2d2
# Platform          :Ubuntu
# Operating System  :Ubuntu 22.04.5 LTS
# Processor Detail  :13th Gen Intel(R) Core(TM) i7-1360P
# CPU Frequency     :399.954 MHz
# CPU Physical cores:12
# CPU Logical cores :16
# Host memory       :33245 MB
# Swap memory       :2147 MB
# Total Virtual     :35393 MB
# Available Virtual :33556 MB
#-----------------------------------------------------------
start_gui
open_project /home/madsr2d2/DTU/dds/as2/as2_task1/as2_task1.xpr
WARNING: [Board 49-26] cannot add Board Part xilinx.com:vek280_es:part0:1.0 available at /tools/Xilinx/Vivado/2024.1/data/xhub/boards/XilinxBoardStore/boards/Xilinx/vek280/es/rev_a/1.0/board.xml as part xcve2802-vsvh1760-2lp-e-s-es1 specified in board_part file is either invalid or not available
WARNING: [Board 49-26] cannot add Board Part xilinx.com:vek280_es:part0:1.1 available at /tools/Xilinx/Vivado/2024.1/data/xhub/boards/XilinxBoardStore/boards/Xilinx/vek280/es/rev_a/1.1/board.xml as part xcve2802-vsvh1760-2lp-e-s-es1 specified in board_part file is either invalid or not available
WARNING: [Board 49-26] cannot add Board Part xilinx.com:vek280_es_revb:part0:1.0 available at /tools/Xilinx/Vivado/2024.1/data/xhub/boards/XilinxBoardStore/boards/Xilinx/vek280/es/rev_b/1.0/board.xml as part xcve2802-vsvh1760-2mp-e-s-es1 specified in board_part file is either invalid or not available
WARNING: [Board 49-26] cannot add Board Part xilinx.com:vek280_es_revb:part0:1.1 available at /tools/Xilinx/Vivado/2024.1/data/xhub/boards/XilinxBoardStore/boards/Xilinx/vek280/es/rev_b/1.1/board.xml as part xcve2802-vsvh1760-2mp-e-s-es1 specified in board_part file is either invalid or not available
WARNING: [Board 49-26] cannot add Board Part xilinx.com:vhk158_es:part0:1.0 available at /tools/Xilinx/Vivado/2024.1/data/xhub/boards/XilinxBoardStore/boards/Xilinx/vhk158/es/1.0/board.xml as part xcvh1582-vsva3697-2mp-e-s-es1 specified in board_part file is either invalid or not available
WARNING: [Board 49-26] cannot add Board Part xilinx.com:vhk158_es:part0:1.1 available at /tools/Xilinx/Vivado/2024.1/data/xhub/boards/XilinxBoardStore/boards/Xilinx/vhk158/es/1.1/board.xml as part xcvh1582-vsva3697-2mp-e-s-es1 specified in board_part file is either invalid or not available
WARNING: [Board 49-26] cannot add Board Part xilinx.com:zcu208ld:part0:2.0 available at /tools/Xilinx/Vivado/2024.1/data/xhub/boards/XilinxBoardStore/boards/Xilinx/zcu208ld/production/2.0/board.xml as part xczu58dr-fsvg1517-2-i specified in board_part file is either invalid or not available
WARNING: [Board 49-26] cannot add Board Part xilinx.com:zcu216ld:part0:2.0 available at /tools/Xilinx/Vivado/2024.1/data/xhub/boards/XilinxBoardStore/boards/Xilinx/zcu216ld/production/2.0/board.xml as part xczu59dr-ffvf1760-2-i specified in board_part file is either invalid or not available
WARNING: [Board 49-26] cannot add Board Part xilinx.com:zcu670ld:part0:1.0 available at /tools/Xilinx/Vivado/2024.1/data/xhub/boards/XilinxBoardStore/boards/Xilinx/zcu670ld/1.0/board.xml as part xczu57dr-fsve1156-2-i specified in board_part file is either invalid or not available
INFO: [filemgmt 56-3] Default IP Output Path : Could not find the directory '/home/madsr2d2/DTU/dds/as2/as2_task1/as2_task1.gen/sources_1'.
Scanning sources...
Finished scanning sources
INFO: [IP_Flow 19-234] Refreshing IP repositories
INFO: [IP_Flow 19-1704] No user IP repositories specified
INFO: [IP_Flow 19-2313] Loaded Vivado IP repository '/tools/Xilinx/Vivado/2024.1/data/ip'.
open_project: Time (s): cpu = 00:00:13 ; elapsed = 00:00:07 . Memory (MB): peak = 8128.898 ; gain = 445.531 ; free physical = 24971 ; free virtual = 30758
update_compile_order -fileset sources_1
add_files -norecurse /home/madsr2d2/DTU/dds/as2/as2_task1/as2_task1.srcs/sources_1/new/unpacker.vhd
WARNING: [filemgmt 56-12] File '/home/madsr2d2/DTU/dds/as2/as2_task1/as2_task1.srcs/sources_1/new/unpacker.vhd' cannot be added to the project because it already exists in the project, skipping this file
set_property top unpacker [current_fileset]
update_compile_order -fileset sources_1
reset_run synth_1
INFO: [Project 1-1161] Replacing file /home/madsr2d2/DTU/dds/as2/as2_task1/as2_task1.srcs/utils_1/imports/synth_1/line_buffer.dcp with file /home/madsr2d2/DTU/dds/as2/as2_task1/as2_task1.runs/synth_1/line_buffer.dcp
launch_runs synth_1 -jobs 16
[Sat Oct 19 19:27:11 2024] Launched synth_1...
Run output will be captured here: /home/madsr2d2/DTU/dds/as2/as2_task1/as2_task1.runs/synth_1/runme.log
reset_run synth_1
INFO: [Project 1-1161] Replacing file /home/madsr2d2/DTU/dds/as2/as2_task1/as2_task1.srcs/utils_1/imports/synth_1/line_buffer.dcp with file /home/madsr2d2/DTU/dds/as2/as2_task1/as2_task1.runs/synth_1/unpacker.dcp
launch_runs synth_1 -jobs 16
[Sat Oct 19 19:29:52 2024] Launched synth_1...
Run output will be captured here: /home/madsr2d2/DTU/dds/as2/as2_task1/as2_task1.runs/synth_1/runme.log
reset_run synth_1
INFO: [Project 1-1161] Replacing file /home/madsr2d2/DTU/dds/as2/as2_task1/as2_task1.srcs/utils_1/imports/synth_1/line_buffer.dcp with file /home/madsr2d2/DTU/dds/as2/as2_task1/as2_task1.runs/synth_1/unpacker.dcp
launch_runs synth_1 -jobs 16
[Sat Oct 19 19:33:21 2024] Launched synth_1...
Run output will be captured here: /home/madsr2d2/DTU/dds/as2/as2_task1/as2_task1.runs/synth_1/runme.log
reset_run synth_1
INFO: [Project 1-1161] Replacing file /home/madsr2d2/DTU/dds/as2/as2_task1/as2_task1.srcs/utils_1/imports/synth_1/line_buffer.dcp with file /home/madsr2d2/DTU/dds/as2/as2_task1/as2_task1.runs/synth_1/unpacker.dcp
launch_runs synth_1 -jobs 16
[Sat Oct 19 19:46:39 2024] Launched synth_1...
Run output will be captured here: /home/madsr2d2/DTU/dds/as2/as2_task1/as2_task1.runs/synth_1/runme.log
synth_design -rtl -rtl_skip_mlo -name rtl_1
Command: synth_design -rtl -rtl_skip_mlo -name rtl_1
Starting synth_design
Using part: xc7a100tcsg324-1
Top: unpacker
INFO: [Device 21-403] Loading part xc7a100tcsg324-1
INFO: [Device 21-9227] Part: xc7a100tcsg324-1 does not have CEAM library.
INFO: [Synth 8-7079] Multithreading enabled for synth_design using a maximum of 4 processes.
INFO: [Synth 8-7078] Launching helper process for spawning children vivado processes
INFO: [Synth 8-7075] Helper process launched with PID 18713
---------------------------------------------------------------------------------
Starting RTL Elaboration : Time (s): cpu = 00:00:03 ; elapsed = 00:00:02 . Memory (MB): peak = 9220.867 ; gain = 416.773 ; free physical = 23861 ; free virtual = 29767
---------------------------------------------------------------------------------
INFO: [Synth 8-638] synthesizing module 'unpacker' [/home/madsr2d2/DTU/dds/as2/as2_task1/as2_task1.srcs/sources_1/new/unpacker.vhd:21]
WARNING: [Synth 8-614] signal 'm' is read in the process but is not in the sensitivity list [/home/madsr2d2/DTU/dds/as2/as2_task1/as2_task1.srcs/sources_1/new/unpacker.vhd:33]
WARNING: [Synth 8-614] signal 'internal_addr' is read in the process but is not in the sensitivity list [/home/madsr2d2/DTU/dds/as2/as2_task1/as2_task1.srcs/sources_1/new/unpacker.vhd:33]
WARNING: [Synth 8-614] signal 'data' is read in the process but is not in the sensitivity list [/home/madsr2d2/DTU/dds/as2/as2_task1/as2_task1.srcs/sources_1/new/unpacker.vhd:33]
WARNING: [Synth 8-614] signal 'n' is read in the process but is not in the sensitivity list [/home/madsr2d2/DTU/dds/as2/as2_task1/as2_task1.srcs/sources_1/new/unpacker.vhd:33]
WARNING: [Synth 8-614] signal 'previous_line' is read in the process but is not in the sensitivity list [/home/madsr2d2/DTU/dds/as2/as2_task1/as2_task1.srcs/sources_1/new/unpacker.vhd:33]
WARNING: [Synth 8-614] signal 'current_line' is read in the process but is not in the sensitivity list [/home/madsr2d2/DTU/dds/as2/as2_task1/as2_task1.srcs/sources_1/new/unpacker.vhd:33]
WARNING: [Synth 8-614] signal 'next_line' is read in the process but is not in the sensitivity list [/home/madsr2d2/DTU/dds/as2/as2_task1/as2_task1.srcs/sources_1/new/unpacker.vhd:33]
WARNING: [Synth 8-614] signal 'buf' is read in the process but is not in the sensitivity list [/home/madsr2d2/DTU/dds/as2/as2_task1/as2_task1.srcs/sources_1/new/unpacker.vhd:33]
WARNING: [Synth 8-614] signal 'base_addr' is read in the process but is not in the sensitivity list [/home/madsr2d2/DTU/dds/as2/as2_task1/as2_task1.srcs/sources_1/new/unpacker.vhd:246]
INFO: [Synth 8-256] done synthesizing module 'unpacker' (0#1) [/home/madsr2d2/DTU/dds/as2/as2_task1/as2_task1.srcs/sources_1/new/unpacker.vhd:21]
---------------------------------------------------------------------------------
Finished RTL Elaboration : Time (s): cpu = 00:00:04 ; elapsed = 00:00:03 . Memory (MB): peak = 9299.836 ; gain = 495.742 ; free physical = 23758 ; free virtual = 29665
---------------------------------------------------------------------------------
---------------------------------------------------------------------------------
Start Handling Custom Attributes
---------------------------------------------------------------------------------
---------------------------------------------------------------------------------
Finished Handling Custom Attributes : Time (s): cpu = 00:00:04 ; elapsed = 00:00:03 . Memory (MB): peak = 9317.648 ; gain = 513.555 ; free physical = 23758 ; free virtual = 29665
---------------------------------------------------------------------------------
---------------------------------------------------------------------------------
Finished RTL Optimization Phase 1 : Time (s): cpu = 00:00:04 ; elapsed = 00:00:03 . Memory (MB): peak = 9317.648 ; gain = 513.555 ; free physical = 23758 ; free virtual = 29665
---------------------------------------------------------------------------------
Netlist sorting complete. Time (s): cpu = 00:00:00.01 ; elapsed = 00:00:00.01 . Memory (MB): peak = 9317.656 ; gain = 0.000 ; free physical = 23758 ; free virtual = 29665
INFO: [Project 1-570] Preparing netlist for logic optimization

Processing XDC Constraints
Initializing timing engine
Completed Processing XDC Constraints

Netlist sorting complete. Time (s): cpu = 00:00:00 ; elapsed = 00:00:00 . Memory (MB): peak = 9445.422 ; gain = 0.000 ; free physical = 23989 ; free virtual = 29897
INFO: [Project 1-111] Unisim Transformation Summary:
No Unisim elements were transformed.

RTL Elaboration Complete:  : Time (s): cpu = 00:00:15 ; elapsed = 00:00:06 . Memory (MB): peak = 9539.156 ; gain = 735.062 ; free physical = 23882 ; free virtual = 29861
9 Infos, 9 Warnings, 0 Critical Warnings and 0 Errors encountered.
synth_design completed successfully
synth_design: Time (s): cpu = 00:00:17 ; elapsed = 00:00:07 . Memory (MB): peak = 9539.156 ; gain = 981.125 ; free physical = 23882 ; free virtual = 29861
INFO: [Common 17-2834] synth_design peak Physical Memory [PSS] (MB): overall = 2690.936; main = 2690.936; forked = 0.000
INFO: [Common 17-2834] synth_design peak Virtual Memory [VSS] (MB): overall = 9537.160; main = 9537.160; forked = 0.000
close_design
add_files -norecurse /home/madsr2d2/DTU/dds/as2/as2_task1/as2_task1.srcs/sources_1/new/unpacker_1.vhd
update_compile_order -fileset sources_1
set_property top image_unpacker_sobel [current_fileset]
WARNING: [filemgmt 56-199] Attempt to get parsing info during refresh. "On-the-fly" syntax checking information may be incorrect. [/home/madsr2d2/DTU/dds/as2/as2_task1/as2_task1.srcs/sources_1/new/unpacker.vhd:]
WARNING: [filemgmt 56-199] Attempt to get parsing info during refresh. "On-the-fly" syntax checking information may be incorrect. [/home/madsr2d2/DTU/dds/as2/as2_task1/as2_task1.srcs/sources_1/new/unpacker_1.vhd:]
WARNING: [filemgmt 56-199] Attempt to get parsing info during refresh. "On-the-fly" syntax checking information may be incorrect. [/home/madsr2d2/DTU/dds/as2/as2_task1/as2_task1.srcs/sources_1/new/unpacker_1.vhd:]
WARNING: [filemgmt 56-199] Attempt to get parsing info during refresh. "On-the-fly" syntax checking information may be incorrect. [/home/madsr2d2/DTU/dds/as2/as2_task1/as2_task1.srcs/sources_1/new/unpacker_1.vhd:]
update_compile_order -fileset sources_1
WARNING: [filemgmt 56-199] Attempt to get parsing info during refresh. "On-the-fly" syntax checking information may be incorrect. [/home/madsr2d2/DTU/dds/as2/as2_task1/as2_task1.srcs/sources_1/new/unpacker.vhd:]
WARNING: [filemgmt 56-199] Attempt to get parsing info during refresh. "On-the-fly" syntax checking information may be incorrect. [/home/madsr2d2/DTU/dds/as2/as2_task1/as2_task1.srcs/sources_1/new/unpacker_1.vhd:]
WARNING: [filemgmt 56-199] Attempt to get parsing info during refresh. "On-the-fly" syntax checking information may be incorrect. [/home/madsr2d2/DTU/dds/as2/as2_task1/as2_task1.srcs/sources_1/new/unpacker_1.vhd:]
WARNING: [filemgmt 56-199] Attempt to get parsing info during refresh. "On-the-fly" syntax checking information may be incorrect. [/home/madsr2d2/DTU/dds/as2/as2_task1/as2_task1.srcs/sources_1/new/unpacker_1.vhd:]
reset_run synth_1
INFO: [Project 1-1161] Replacing file /home/madsr2d2/DTU/dds/as2/as2_task1/as2_task1.srcs/utils_1/imports/synth_1/line_buffer.dcp with file /home/madsr2d2/DTU/dds/as2/as2_task1/as2_task1.runs/synth_1/unpacker.dcp
launch_runs synth_1 -jobs 16
[Sat Oct 19 19:59:45 2024] Launched synth_1...
Run output will be captured here: /home/madsr2d2/DTU/dds/as2/as2_task1/as2_task1.runs/synth_1/runme.log
WARNING: [filemgmt 56-199] Attempt to get parsing info during refresh. "On-the-fly" syntax checking information may be incorrect. [/home/madsr2d2/DTU/dds/as2/as2_task1/as2_task1.srcs/sources_1/new/unpacker.vhd:]
WARNING: [filemgmt 56-199] Attempt to get parsing info during refresh. "On-the-fly" syntax checking information may be incorrect. [/home/madsr2d2/DTU/dds/as2/as2_task1/as2_task1.srcs/sources_1/new/unpacker_1.vhd:]
WARNING: [filemgmt 56-199] Attempt to get parsing info during refresh. "On-the-fly" syntax checking information may be incorrect. [/home/madsr2d2/DTU/dds/as2/as2_task1/as2_task1.srcs/sources_1/new/unpacker.vhd:]
WARNING: [filemgmt 56-199] Attempt to get parsing info during refresh. "On-the-fly" syntax checking information may be incorrect. [/home/madsr2d2/DTU/dds/as2/as2_task1/as2_task1.srcs/sources_1/new/unpacker.vhd:]
synth_design -rtl -rtl_skip_mlo -name rtl_1
Command: synth_design -rtl -rtl_skip_mlo -name rtl_1
Starting synth_design
Using part: xc7a100tcsg324-1
Top: image_unpacker_sobel
INFO: [Synth 8-7079] Multithreading enabled for synth_design using a maximum of 4 processes.
---------------------------------------------------------------------------------
Starting RTL Elaboration : Time (s): cpu = 00:00:02 ; elapsed = 00:00:02 . Memory (MB): peak = 9658.164 ; gain = 0.000 ; free physical = 23678 ; free virtual = 29590
---------------------------------------------------------------------------------
INFO: [Synth 8-638] synthesizing module 'image_unpacker_sobel' [/home/madsr2d2/DTU/dds/as2/as2_task1/as2_task1.srcs/sources_1/new/unpacker_1.vhd:21]
INFO: [Synth 8-226] default block is never used [/home/madsr2d2/DTU/dds/as2/as2_task1/as2_task1.srcs/sources_1/new/unpacker_1.vhd:69]
INFO: [Synth 8-256] done synthesizing module 'image_unpacker_sobel' (0#1) [/home/madsr2d2/DTU/dds/as2/as2_task1/as2_task1.srcs/sources_1/new/unpacker_1.vhd:21]
WARNING: [Synth 8-3848] Net next_line[0] in module/entity image_unpacker_sobel does not have driver. [/home/madsr2d2/DTU/dds/as2/as2_task1/as2_task1.srcs/sources_1/new/unpacker_1.vhd:25]
WARNING: [Synth 8-3848] Net next_line[1] in module/entity image_unpacker_sobel does not have driver. [/home/madsr2d2/DTU/dds/as2/as2_task1/as2_task1.srcs/sources_1/new/unpacker_1.vhd:25]
WARNING: [Synth 8-3848] Net next_line[2] in module/entity image_unpacker_sobel does not have driver. [/home/madsr2d2/DTU/dds/as2/as2_task1/as2_task1.srcs/sources_1/new/unpacker_1.vhd:25]
WARNING: [Synth 8-3848] Net next_line[3] in module/entity image_unpacker_sobel does not have driver. [/home/madsr2d2/DTU/dds/as2/as2_task1/as2_task1.srcs/sources_1/new/unpacker_1.vhd:25]
WARNING: [Synth 8-3848] Net next_line[4] in module/entity image_unpacker_sobel does not have driver. [/home/madsr2d2/DTU/dds/as2/as2_task1/as2_task1.srcs/sources_1/new/unpacker_1.vhd:25]
WARNING: [Synth 8-3848] Net next_line[5] in module/entity image_unpacker_sobel does not have driver. [/home/madsr2d2/DTU/dds/as2/as2_task1/as2_task1.srcs/sources_1/new/unpacker_1.vhd:25]
WARNING: [Synth 8-3848] Net next_line[6] in module/entity image_unpacker_sobel does not have driver. [/home/madsr2d2/DTU/dds/as2/as2_task1/as2_task1.srcs/sources_1/new/unpacker_1.vhd:25]
WARNING: [Synth 8-3848] Net next_line[7] in module/entity image_unpacker_sobel does not have driver. [/home/madsr2d2/DTU/dds/as2/as2_task1/as2_task1.srcs/sources_1/new/unpacker_1.vhd:25]
WARNING: [Synth 8-3848] Net next_line[8] in module/entity image_unpacker_sobel does not have driver. [/home/madsr2d2/DTU/dds/as2/as2_task1/as2_task1.srcs/sources_1/new/unpacker_1.vhd:25]
WARNING: [Synth 8-3848] Net next_line[9] in module/entity image_unpacker_sobel does not have driver. [/home/madsr2d2/DTU/dds/as2/as2_task1/as2_task1.srcs/sources_1/new/unpacker_1.vhd:25]
WARNING: [Synth 8-3848] Net next_line[10] in module/entity image_unpacker_sobel does not have driver. [/home/madsr2d2/DTU/dds/as2/as2_task1/as2_task1.srcs/sources_1/new/unpacker_1.vhd:25]
WARNING: [Synth 8-3848] Net next_line[11] in module/entity image_unpacker_sobel does not have driver. [/home/madsr2d2/DTU/dds/as2/as2_task1/as2_task1.srcs/sources_1/new/unpacker_1.vhd:25]
WARNING: [Synth 8-3848] Net next_line[12] in module/entity image_unpacker_sobel does not have driver. [/home/madsr2d2/DTU/dds/as2/as2_task1/as2_task1.srcs/sources_1/new/unpacker_1.vhd:25]
WARNING: [Synth 8-3848] Net next_line[13] in module/entity image_unpacker_sobel does not have driver. [/home/madsr2d2/DTU/dds/as2/as2_task1/as2_task1.srcs/sources_1/new/unpacker_1.vhd:25]
WARNING: [Synth 8-3848] Net next_line[14] in module/entity image_unpacker_sobel does not have driver. [/home/madsr2d2/DTU/dds/as2/as2_task1/as2_task1.srcs/sources_1/new/unpacker_1.vhd:25]
WARNING: [Synth 8-3848] Net next_line[15] in module/entity image_unpacker_sobel does not have driver. [/home/madsr2d2/DTU/dds/as2/as2_task1/as2_task1.srcs/sources_1/new/unpacker_1.vhd:25]
WARNING: [Synth 8-3848] Net next_line[16] in module/entity image_unpacker_sobel does not have driver. [/home/madsr2d2/DTU/dds/as2/as2_task1/as2_task1.srcs/sources_1/new/unpacker_1.vhd:25]
WARNING: [Synth 8-3848] Net next_line[17] in module/entity image_unpacker_sobel does not have driver. [/home/madsr2d2/DTU/dds/as2/as2_task1/as2_task1.srcs/sources_1/new/unpacker_1.vhd:25]
WARNING: [Synth 8-3848] Net next_line[18] in module/entity image_unpacker_sobel does not have driver. [/home/madsr2d2/DTU/dds/as2/as2_task1/as2_task1.srcs/sources_1/new/unpacker_1.vhd:25]
WARNING: [Synth 8-3848] Net next_line[19] in module/entity image_unpacker_sobel does not have driver. [/home/madsr2d2/DTU/dds/as2/as2_task1/as2_task1.srcs/sources_1/new/unpacker_1.vhd:25]
WARNING: [Synth 8-3848] Net next_line[20] in module/entity image_unpacker_sobel does not have driver. [/home/madsr2d2/DTU/dds/as2/as2_task1/as2_task1.srcs/sources_1/new/unpacker_1.vhd:25]
WARNING: [Synth 8-3848] Net next_line[21] in module/entity image_unpacker_sobel does not have driver. [/home/madsr2d2/DTU/dds/as2/as2_task1/as2_task1.srcs/sources_1/new/unpacker_1.vhd:25]
WARNING: [Synth 8-3848] Net next_line[22] in module/entity image_unpacker_sobel does not have driver. [/home/madsr2d2/DTU/dds/as2/as2_task1/as2_task1.srcs/sources_1/new/unpacker_1.vhd:25]
WARNING: [Synth 8-3848] Net next_line[23] in module/entity image_unpacker_sobel does not have driver. [/home/madsr2d2/DTU/dds/as2/as2_task1/as2_task1.srcs/sources_1/new/unpacker_1.vhd:25]
WARNING: [Synth 8-3848] Net next_line[24] in module/entity image_unpacker_sobel does not have driver. [/home/madsr2d2/DTU/dds/as2/as2_task1/as2_task1.srcs/sources_1/new/unpacker_1.vhd:25]
WARNING: [Synth 8-3848] Net next_line[25] in module/entity image_unpacker_sobel does not have driver. [/home/madsr2d2/DTU/dds/as2/as2_task1/as2_task1.srcs/sources_1/new/unpacker_1.vhd:25]
WARNING: [Synth 8-3848] Net next_line[26] in module/entity image_unpacker_sobel does not have driver. [/home/madsr2d2/DTU/dds/as2/as2_task1/as2_task1.srcs/sources_1/new/unpacker_1.vhd:25]
WARNING: [Synth 8-3848] Net next_line[27] in module/entity image_unpacker_sobel does not have driver. [/home/madsr2d2/DTU/dds/as2/as2_task1/as2_task1.srcs/sources_1/new/unpacker_1.vhd:25]
WARNING: [Synth 8-3848] Net next_line[28] in module/entity image_unpacker_sobel does not have driver. [/home/madsr2d2/DTU/dds/as2/as2_task1/as2_task1.srcs/sources_1/new/unpacker_1.vhd:25]
WARNING: [Synth 8-3848] Net next_line[29] in module/entity image_unpacker_sobel does not have driver. [/home/madsr2d2/DTU/dds/as2/as2_task1/as2_task1.srcs/sources_1/new/unpacker_1.vhd:25]
WARNING: [Synth 8-3848] Net next_line[30] in module/entity image_unpacker_sobel does not have driver. [/home/madsr2d2/DTU/dds/as2/as2_task1/as2_task1.srcs/sources_1/new/unpacker_1.vhd:25]
WARNING: [Synth 8-3848] Net next_line[31] in module/entity image_unpacker_sobel does not have driver. [/home/madsr2d2/DTU/dds/as2/as2_task1/as2_task1.srcs/sources_1/new/unpacker_1.vhd:25]
WARNING: [Synth 8-3848] Net next_line[32] in module/entity image_unpacker_sobel does not have driver. [/home/madsr2d2/DTU/dds/as2/as2_task1/as2_task1.srcs/sources_1/new/unpacker_1.vhd:25]
WARNING: [Synth 8-3848] Net next_line[33] in module/entity image_unpacker_sobel does not have driver. [/home/madsr2d2/DTU/dds/as2/as2_task1/as2_task1.srcs/sources_1/new/unpacker_1.vhd:25]
WARNING: [Synth 8-3848] Net next_line[34] in module/entity image_unpacker_sobel does not have driver. [/home/madsr2d2/DTU/dds/as2/as2_task1/as2_task1.srcs/sources_1/new/unpacker_1.vhd:25]
WARNING: [Synth 8-3848] Net next_line[35] in module/entity image_unpacker_sobel does not have driver. [/home/madsr2d2/DTU/dds/as2/as2_task1/as2_task1.srcs/sources_1/new/unpacker_1.vhd:25]
WARNING: [Synth 8-3848] Net next_line[36] in module/entity image_unpacker_sobel does not have driver. [/home/madsr2d2/DTU/dds/as2/as2_task1/as2_task1.srcs/sources_1/new/unpacker_1.vhd:25]
WARNING: [Synth 8-3848] Net next_line[37] in module/entity image_unpacker_sobel does not have driver. [/home/madsr2d2/DTU/dds/as2/as2_task1/as2_task1.srcs/sources_1/new/unpacker_1.vhd:25]
WARNING: [Synth 8-3848] Net next_line[38] in module/entity image_unpacker_sobel does not have driver. [/home/madsr2d2/DTU/dds/as2/as2_task1/as2_task1.srcs/sources_1/new/unpacker_1.vhd:25]
WARNING: [Synth 8-3848] Net next_line[39] in module/entity image_unpacker_sobel does not have driver. [/home/madsr2d2/DTU/dds/as2/as2_task1/as2_task1.srcs/sources_1/new/unpacker_1.vhd:25]
WARNING: [Synth 8-3848] Net next_line[40] in module/entity image_unpacker_sobel does not have driver. [/home/madsr2d2/DTU/dds/as2/as2_task1/as2_task1.srcs/sources_1/new/unpacker_1.vhd:25]
WARNING: [Synth 8-3848] Net next_line[41] in module/entity image_unpacker_sobel does not have driver. [/home/madsr2d2/DTU/dds/as2/as2_task1/as2_task1.srcs/sources_1/new/unpacker_1.vhd:25]
WARNING: [Synth 8-3848] Net next_line[42] in module/entity image_unpacker_sobel does not have driver. [/home/madsr2d2/DTU/dds/as2/as2_task1/as2_task1.srcs/sources_1/new/unpacker_1.vhd:25]
WARNING: [Synth 8-3848] Net next_line[43] in module/entity image_unpacker_sobel does not have driver. [/home/madsr2d2/DTU/dds/as2/as2_task1/as2_task1.srcs/sources_1/new/unpacker_1.vhd:25]
WARNING: [Synth 8-3848] Net next_line[44] in module/entity image_unpacker_sobel does not have driver. [/home/madsr2d2/DTU/dds/as2/as2_task1/as2_task1.srcs/sources_1/new/unpacker_1.vhd:25]
WARNING: [Synth 8-3848] Net next_line[45] in module/entity image_unpacker_sobel does not have driver. [/home/madsr2d2/DTU/dds/as2/as2_task1/as2_task1.srcs/sources_1/new/unpacker_1.vhd:25]
WARNING: [Synth 8-3848] Net next_line[46] in module/entity image_unpacker_sobel does not have driver. [/home/madsr2d2/DTU/dds/as2/as2_task1/as2_task1.srcs/sources_1/new/unpacker_1.vhd:25]
WARNING: [Synth 8-3848] Net next_line[47] in module/entity image_unpacker_sobel does not have driver. [/home/madsr2d2/DTU/dds/as2/as2_task1/as2_task1.srcs/sources_1/new/unpacker_1.vhd:25]
WARNING: [Synth 8-3848] Net next_line[48] in module/entity image_unpacker_sobel does not have driver. [/home/madsr2d2/DTU/dds/as2/as2_task1/as2_task1.srcs/sources_1/new/unpacker_1.vhd:25]
WARNING: [Synth 8-3848] Net next_line[49] in module/entity image_unpacker_sobel does not have driver. [/home/madsr2d2/DTU/dds/as2/as2_task1/as2_task1.srcs/sources_1/new/unpacker_1.vhd:25]
WARNING: [Synth 8-3848] Net next_line[50] in module/entity image_unpacker_sobel does not have driver. [/home/madsr2d2/DTU/dds/as2/as2_task1/as2_task1.srcs/sources_1/new/unpacker_1.vhd:25]
WARNING: [Synth 8-3848] Net next_line[51] in module/entity image_unpacker_sobel does not have driver. [/home/madsr2d2/DTU/dds/as2/as2_task1/as2_task1.srcs/sources_1/new/unpacker_1.vhd:25]
WARNING: [Synth 8-3848] Net next_line[52] in module/entity image_unpacker_sobel does not have driver. [/home/madsr2d2/DTU/dds/as2/as2_task1/as2_task1.srcs/sources_1/new/unpacker_1.vhd:25]
WARNING: [Synth 8-3848] Net next_line[53] in module/entity image_unpacker_sobel does not have driver. [/home/madsr2d2/DTU/dds/as2/as2_task1/as2_task1.srcs/sources_1/new/unpacker_1.vhd:25]
WARNING: [Synth 8-3848] Net next_line[54] in module/entity image_unpacker_sobel does not have driver. [/home/madsr2d2/DTU/dds/as2/as2_task1/as2_task1.srcs/sources_1/new/unpacker_1.vhd:25]
WARNING: [Synth 8-3848] Net next_line[55] in module/entity image_unpacker_sobel does not have driver. [/home/madsr2d2/DTU/dds/as2/as2_task1/as2_task1.srcs/sources_1/new/unpacker_1.vhd:25]
WARNING: [Synth 8-3848] Net next_line[56] in module/entity image_unpacker_sobel does not have driver. [/home/madsr2d2/DTU/dds/as2/as2_task1/as2_task1.srcs/sources_1/new/unpacker_1.vhd:25]
WARNING: [Synth 8-3848] Net next_line[57] in module/entity image_unpacker_sobel does not have driver. [/home/madsr2d2/DTU/dds/as2/as2_task1/as2_task1.srcs/sources_1/new/unpacker_1.vhd:25]
WARNING: [Synth 8-3848] Net next_line[58] in module/entity image_unpacker_sobel does not have driver. [/home/madsr2d2/DTU/dds/as2/as2_task1/as2_task1.srcs/sources_1/new/unpacker_1.vhd:25]
WARNING: [Synth 8-3848] Net next_line[59] in module/entity image_unpacker_sobel does not have driver. [/home/madsr2d2/DTU/dds/as2/as2_task1/as2_task1.srcs/sources_1/new/unpacker_1.vhd:25]
WARNING: [Synth 8-3848] Net next_line[60] in module/entity image_unpacker_sobel does not have driver. [/home/madsr2d2/DTU/dds/as2/as2_task1/as2_task1.srcs/sources_1/new/unpacker_1.vhd:25]
WARNING: [Synth 8-3848] Net next_line[61] in module/entity image_unpacker_sobel does not have driver. [/home/madsr2d2/DTU/dds/as2/as2_task1/as2_task1.srcs/sources_1/new/unpacker_1.vhd:25]
WARNING: [Synth 8-3848] Net next_line[62] in module/entity image_unpacker_sobel does not have driver. [/home/madsr2d2/DTU/dds/as2/as2_task1/as2_task1.srcs/sources_1/new/unpacker_1.vhd:25]
WARNING: [Synth 8-3848] Net next_line[63] in module/entity image_unpacker_sobel does not have driver. [/home/madsr2d2/DTU/dds/as2/as2_task1/as2_task1.srcs/sources_1/new/unpacker_1.vhd:25]
WARNING: [Synth 8-3848] Net next_line[64] in module/entity image_unpacker_sobel does not have driver. [/home/madsr2d2/DTU/dds/as2/as2_task1/as2_task1.srcs/sources_1/new/unpacker_1.vhd:25]
WARNING: [Synth 8-3848] Net next_line[65] in module/entity image_unpacker_sobel does not have driver. [/home/madsr2d2/DTU/dds/as2/as2_task1/as2_task1.srcs/sources_1/new/unpacker_1.vhd:25]
WARNING: [Synth 8-3848] Net next_line[66] in module/entity image_unpacker_sobel does not have driver. [/home/madsr2d2/DTU/dds/as2/as2_task1/as2_task1.srcs/sources_1/new/unpacker_1.vhd:25]
WARNING: [Synth 8-3848] Net next_line[67] in module/entity image_unpacker_sobel does not have driver. [/home/madsr2d2/DTU/dds/as2/as2_task1/as2_task1.srcs/sources_1/new/unpacker_1.vhd:25]
WARNING: [Synth 8-3848] Net next_line[68] in module/entity image_unpacker_sobel does not have driver. [/home/madsr2d2/DTU/dds/as2/as2_task1/as2_task1.srcs/sources_1/new/unpacker_1.vhd:25]
WARNING: [Synth 8-3848] Net next_line[69] in module/entity image_unpacker_sobel does not have driver. [/home/madsr2d2/DTU/dds/as2/as2_task1/as2_task1.srcs/sources_1/new/unpacker_1.vhd:25]
WARNING: [Synth 8-3848] Net next_line[70] in module/entity image_unpacker_sobel does not have driver. [/home/madsr2d2/DTU/dds/as2/as2_task1/as2_task1.srcs/sources_1/new/unpacker_1.vhd:25]
WARNING: [Synth 8-3848] Net next_line[71] in module/entity image_unpacker_sobel does not have driver. [/home/madsr2d2/DTU/dds/as2/as2_task1/as2_task1.srcs/sources_1/new/unpacker_1.vhd:25]
WARNING: [Synth 8-3848] Net next_line[72] in module/entity image_unpacker_sobel does not have driver. [/home/madsr2d2/DTU/dds/as2/as2_task1/as2_task1.srcs/sources_1/new/unpacker_1.vhd:25]
WARNING: [Synth 8-3848] Net next_line[73] in module/entity image_unpacker_sobel does not have driver. [/home/madsr2d2/DTU/dds/as2/as2_task1/as2_task1.srcs/sources_1/new/unpacker_1.vhd:25]
WARNING: [Synth 8-3848] Net next_line[74] in module/entity image_unpacker_sobel does not have driver. [/home/madsr2d2/DTU/dds/as2/as2_task1/as2_task1.srcs/sources_1/new/unpacker_1.vhd:25]
WARNING: [Synth 8-3848] Net next_line[75] in module/entity image_unpacker_sobel does not have driver. [/home/madsr2d2/DTU/dds/as2/as2_task1/as2_task1.srcs/sources_1/new/unpacker_1.vhd:25]
WARNING: [Synth 8-3848] Net next_line[76] in module/entity image_unpacker_sobel does not have driver. [/home/madsr2d2/DTU/dds/as2/as2_task1/as2_task1.srcs/sources_1/new/unpacker_1.vhd:25]
WARNING: [Synth 8-3848] Net next_line[77] in module/entity image_unpacker_sobel does not have driver. [/home/madsr2d2/DTU/dds/as2/as2_task1/as2_task1.srcs/sources_1/new/unpacker_1.vhd:25]
WARNING: [Synth 8-3848] Net next_line[78] in module/entity image_unpacker_sobel does not have driver. [/home/madsr2d2/DTU/dds/as2/as2_task1/as2_task1.srcs/sources_1/new/unpacker_1.vhd:25]
WARNING: [Synth 8-3848] Net next_line[79] in module/entity image_unpacker_sobel does not have driver. [/home/madsr2d2/DTU/dds/as2/as2_task1/as2_task1.srcs/sources_1/new/unpacker_1.vhd:25]
WARNING: [Synth 8-3848] Net next_line[80] in module/entity image_unpacker_sobel does not have driver. [/home/madsr2d2/DTU/dds/as2/as2_task1/as2_task1.srcs/sources_1/new/unpacker_1.vhd:25]
WARNING: [Synth 8-3848] Net next_line[81] in module/entity image_unpacker_sobel does not have driver. [/home/madsr2d2/DTU/dds/as2/as2_task1/as2_task1.srcs/sources_1/new/unpacker_1.vhd:25]
WARNING: [Synth 8-3848] Net next_line[82] in module/entity image_unpacker_sobel does not have driver. [/home/madsr2d2/DTU/dds/as2/as2_task1/as2_task1.srcs/sources_1/new/unpacker_1.vhd:25]
WARNING: [Synth 8-3848] Net next_line[83] in module/entity image_unpacker_sobel does not have driver. [/home/madsr2d2/DTU/dds/as2/as2_task1/as2_task1.srcs/sources_1/new/unpacker_1.vhd:25]
WARNING: [Synth 8-3848] Net next_line[84] in module/entity image_unpacker_sobel does not have driver. [/home/madsr2d2/DTU/dds/as2/as2_task1/as2_task1.srcs/sources_1/new/unpacker_1.vhd:25]
WARNING: [Synth 8-3848] Net next_line[85] in module/entity image_unpacker_sobel does not have driver. [/home/madsr2d2/DTU/dds/as2/as2_task1/as2_task1.srcs/sources_1/new/unpacker_1.vhd:25]
WARNING: [Synth 8-3848] Net next_line[86] in module/entity image_unpacker_sobel does not have driver. [/home/madsr2d2/DTU/dds/as2/as2_task1/as2_task1.srcs/sources_1/new/unpacker_1.vhd:25]
WARNING: [Synth 8-3848] Net next_line[87] in module/entity image_unpacker_sobel does not have driver. [/home/madsr2d2/DTU/dds/as2/as2_task1/as2_task1.srcs/sources_1/new/unpacker_1.vhd:25]
WARNING: [Synth 8-3848] Net next_line[88] in module/entity image_unpacker_sobel does not have driver. [/home/madsr2d2/DTU/dds/as2/as2_task1/as2_task1.srcs/sources_1/new/unpacker_1.vhd:25]
WARNING: [Synth 8-3848] Net next_line[89] in module/entity image_unpacker_sobel does not have driver. [/home/madsr2d2/DTU/dds/as2/as2_task1/as2_task1.srcs/sources_1/new/unpacker_1.vhd:25]
WARNING: [Synth 8-3848] Net next_line[90] in module/entity image_unpacker_sobel does not have driver. [/home/madsr2d2/DTU/dds/as2/as2_task1/as2_task1.srcs/sources_1/new/unpacker_1.vhd:25]
WARNING: [Synth 8-3848] Net next_line[91] in module/entity image_unpacker_sobel does not have driver. [/home/madsr2d2/DTU/dds/as2/as2_task1/as2_task1.srcs/sources_1/new/unpacker_1.vhd:25]
WARNING: [Synth 8-3848] Net next_line[92] in module/entity image_unpacker_sobel does not have driver. [/home/madsr2d2/DTU/dds/as2/as2_task1/as2_task1.srcs/sources_1/new/unpacker_1.vhd:25]
WARNING: [Synth 8-3848] Net next_line[93] in module/entity image_unpacker_sobel does not have driver. [/home/madsr2d2/DTU/dds/as2/as2_task1/as2_task1.srcs/sources_1/new/unpacker_1.vhd:25]
WARNING: [Synth 8-3848] Net next_line[94] in module/entity image_unpacker_sobel does not have driver. [/home/madsr2d2/DTU/dds/as2/as2_task1/as2_task1.srcs/sources_1/new/unpacker_1.vhd:25]
WARNING: [Synth 8-3848] Net next_line[95] in module/entity image_unpacker_sobel does not have driver. [/home/madsr2d2/DTU/dds/as2/as2_task1/as2_task1.srcs/sources_1/new/unpacker_1.vhd:25]
WARNING: [Synth 8-3848] Net next_line[96] in module/entity image_unpacker_sobel does not have driver. [/home/madsr2d2/DTU/dds/as2/as2_task1/as2_task1.srcs/sources_1/new/unpacker_1.vhd:25]
WARNING: [Synth 8-3848] Net next_line[97] in module/entity image_unpacker_sobel does not have driver. [/home/madsr2d2/DTU/dds/as2/as2_task1/as2_task1.srcs/sources_1/new/unpacker_1.vhd:25]
WARNING: [Synth 8-3848] Net next_line[98] in module/entity image_unpacker_sobel does not have driver. [/home/madsr2d2/DTU/dds/as2/as2_task1/as2_task1.srcs/sources_1/new/unpacker_1.vhd:25]
WARNING: [Synth 8-3848] Net next_line[99] in module/entity image_unpacker_sobel does not have driver. [/home/madsr2d2/DTU/dds/as2/as2_task1/as2_task1.srcs/sources_1/new/unpacker_1.vhd:25]
INFO: [Common 17-14] Message 'Synth 8-3848' appears 100 times and further instances of the messages will be disabled. Use the Tcl command set_msg_config to change the current settings.
WARNING: [Synth 8-3917] design image_unpacker_sobel has port done driven by constant 0
WARNING: [Synth 8-7129] Port data[31] in module image_unpacker_sobel is either unconnected or has no load
WARNING: [Synth 8-7129] Port data[30] in module image_unpacker_sobel is either unconnected or has no load
WARNING: [Synth 8-7129] Port data[29] in module image_unpacker_sobel is either unconnected or has no load
WARNING: [Synth 8-7129] Port data[28] in module image_unpacker_sobel is either unconnected or has no load
WARNING: [Synth 8-7129] Port data[27] in module image_unpacker_sobel is either unconnected or has no load
WARNING: [Synth 8-7129] Port data[26] in module image_unpacker_sobel is either unconnected or has no load
WARNING: [Synth 8-7129] Port data[25] in module image_unpacker_sobel is either unconnected or has no load
WARNING: [Synth 8-7129] Port data[24] in module image_unpacker_sobel is either unconnected or has no load
WARNING: [Synth 8-7129] Port data[23] in module image_unpacker_sobel is either unconnected or has no load
WARNING: [Synth 8-7129] Port data[22] in module image_unpacker_sobel is either unconnected or has no load
WARNING: [Synth 8-7129] Port data[21] in module image_unpacker_sobel is either unconnected or has no load
WARNING: [Synth 8-7129] Port data[20] in module image_unpacker_sobel is either unconnected or has no load
WARNING: [Synth 8-7129] Port data[19] in module image_unpacker_sobel is either unconnected or has no load
WARNING: [Synth 8-7129] Port data[18] in module image_unpacker_sobel is either unconnected or has no load
WARNING: [Synth 8-7129] Port data[17] in module image_unpacker_sobel is either unconnected or has no load
WARNING: [Synth 8-7129] Port data[16] in module image_unpacker_sobel is either unconnected or has no load
WARNING: [Synth 8-7129] Port data[15] in module image_unpacker_sobel is either unconnected or has no load
WARNING: [Synth 8-7129] Port data[14] in module image_unpacker_sobel is either unconnected or has no load
WARNING: [Synth 8-7129] Port data[13] in module image_unpacker_sobel is either unconnected or has no load
WARNING: [Synth 8-7129] Port data[12] in module image_unpacker_sobel is either unconnected or has no load
WARNING: [Synth 8-7129] Port data[11] in module image_unpacker_sobel is either unconnected or has no load
WARNING: [Synth 8-7129] Port data[10] in module image_unpacker_sobel is either unconnected or has no load
WARNING: [Synth 8-7129] Port data[9] in module image_unpacker_sobel is either unconnected or has no load
WARNING: [Synth 8-7129] Port data[8] in module image_unpacker_sobel is either unconnected or has no load
WARNING: [Synth 8-7129] Port data[7] in module image_unpacker_sobel is either unconnected or has no load
WARNING: [Synth 8-7129] Port data[6] in module image_unpacker_sobel is either unconnected or has no load
WARNING: [Synth 8-7129] Port data[5] in module image_unpacker_sobel is either unconnected or has no load
WARNING: [Synth 8-7129] Port data[4] in module image_unpacker_sobel is either unconnected or has no load
WARNING: [Synth 8-7129] Port data[3] in module image_unpacker_sobel is either unconnected or has no load
WARNING: [Synth 8-7129] Port data[2] in module image_unpacker_sobel is either unconnected or has no load
WARNING: [Synth 8-7129] Port data[1] in module image_unpacker_sobel is either unconnected or has no load
WARNING: [Synth 8-7129] Port data[0] in module image_unpacker_sobel is either unconnected or has no load
WARNING: [Synth 8-7129] Port base_addr[15] in module image_unpacker_sobel is either unconnected or has no load
WARNING: [Synth 8-7129] Port base_addr[14] in module image_unpacker_sobel is either unconnected or has no load
WARNING: [Synth 8-7129] Port base_addr[13] in module image_unpacker_sobel is either unconnected or has no load
WARNING: [Synth 8-7129] Port base_addr[12] in module image_unpacker_sobel is either unconnected or has no load
WARNING: [Synth 8-7129] Port base_addr[11] in module image_unpacker_sobel is either unconnected or has no load
WARNING: [Synth 8-7129] Port base_addr[10] in module image_unpacker_sobel is either unconnected or has no load
WARNING: [Synth 8-7129] Port base_addr[9] in module image_unpacker_sobel is either unconnected or has no load
WARNING: [Synth 8-7129] Port base_addr[8] in module image_unpacker_sobel is either unconnected or has no load
WARNING: [Synth 8-7129] Port base_addr[7] in module image_unpacker_sobel is either unconnected or has no load
WARNING: [Synth 8-7129] Port base_addr[6] in module image_unpacker_sobel is either unconnected or has no load
WARNING: [Synth 8-7129] Port base_addr[5] in module image_unpacker_sobel is either unconnected or has no load
WARNING: [Synth 8-7129] Port base_addr[4] in module image_unpacker_sobel is either unconnected or has no load
WARNING: [Synth 8-7129] Port base_addr[3] in module image_unpacker_sobel is either unconnected or has no load
WARNING: [Synth 8-7129] Port base_addr[2] in module image_unpacker_sobel is either unconnected or has no load
WARNING: [Synth 8-7129] Port base_addr[1] in module image_unpacker_sobel is either unconnected or has no load
WARNING: [Synth 8-7129] Port base_addr[0] in module image_unpacker_sobel is either unconnected or has no load
---------------------------------------------------------------------------------
Finished RTL Elaboration : Time (s): cpu = 00:00:04 ; elapsed = 00:00:04 . Memory (MB): peak = 9664.164 ; gain = 6.000 ; free physical = 23592 ; free virtual = 29476
---------------------------------------------------------------------------------
---------------------------------------------------------------------------------
Start Handling Custom Attributes
---------------------------------------------------------------------------------
---------------------------------------------------------------------------------
Finished Handling Custom Attributes : Time (s): cpu = 00:00:04 ; elapsed = 00:00:04 . Memory (MB): peak = 9670.102 ; gain = 11.938 ; free physical = 23592 ; free virtual = 29475
---------------------------------------------------------------------------------
---------------------------------------------------------------------------------
Finished RTL Optimization Phase 1 : Time (s): cpu = 00:00:04 ; elapsed = 00:00:04 . Memory (MB): peak = 9670.102 ; gain = 11.938 ; free physical = 23592 ; free virtual = 29475
---------------------------------------------------------------------------------
Netlist sorting complete. Time (s): cpu = 00:00:00.03 ; elapsed = 00:00:00.03 . Memory (MB): peak = 9670.109 ; gain = 0.000 ; free physical = 23886 ; free virtual = 29769
INFO: [Project 1-570] Preparing netlist for logic optimization

Processing XDC Constraints
Initializing timing engine
Completed Processing XDC Constraints

Netlist sorting complete. Time (s): cpu = 00:00:00 ; elapsed = 00:00:00 . Memory (MB): peak = 9757.547 ; gain = 0.000 ; free physical = 23885 ; free virtual = 29769
INFO: [Project 1-111] Unisim Transformation Summary:
No Unisim elements were transformed.

RTL Elaboration Complete:  : Time (s): cpu = 00:00:20 ; elapsed = 00:00:07 . Memory (MB): peak = 9902.602 ; gain = 244.438 ; free physical = 23780 ; free virtual = 29767
7 Infos, 149 Warnings, 0 Critical Warnings and 0 Errors encountered.
synth_design completed successfully
synth_design: Time (s): cpu = 00:00:20 ; elapsed = 00:00:07 . Memory (MB): peak = 9902.602 ; gain = 244.438 ; free physical = 23780 ; free virtual = 29767
INFO: [Common 17-2834] synth_design peak Physical Memory [PSS] (MB): overall = 2841.026; main = 2841.026; forked = 0.000
INFO: [Common 17-2834] synth_design peak Virtual Memory [VSS] (MB): overall = 9804.562; main = 9804.562; forked = 0.000
WARNING: [filemgmt 56-199] Attempt to get parsing info during refresh. "On-the-fly" syntax checking information may be incorrect. [/home/madsr2d2/DTU/dds/as2/as2_task1/as2_task1.srcs/sources_1/new/unpacker.vhd:]
WARNING: [filemgmt 56-199] Attempt to get parsing info during refresh. "On-the-fly" syntax checking information may be incorrect. [/home/madsr2d2/DTU/dds/as2/as2_task1/as2_task1.srcs/sources_1/new/unpacker_1.vhd:]
WARNING: [filemgmt 56-199] Attempt to get parsing info during refresh. "On-the-fly" syntax checking information may be incorrect. [/home/madsr2d2/DTU/dds/as2/as2_task1/as2_task1.srcs/sources_1/new/unpacker.vhd:]
WARNING: [filemgmt 56-199] Attempt to get parsing info during refresh. "On-the-fly" syntax checking information may be incorrect. [/home/madsr2d2/DTU/dds/as2/as2_task1/as2_task1.srcs/sources_1/new/unpacker.vhd:]
update_compile_order -fileset sources_1
WARNING: [filemgmt 56-199] Attempt to get parsing info during refresh. "On-the-fly" syntax checking information may be incorrect. [/home/madsr2d2/DTU/dds/as2/as2_task1/as2_task1.srcs/sources_1/new/unpacker.vhd:]
WARNING: [filemgmt 56-199] Attempt to get parsing info during refresh. "On-the-fly" syntax checking information may be incorrect. [/home/madsr2d2/DTU/dds/as2/as2_task1/as2_task1.srcs/sources_1/new/unpacker_1.vhd:]
WARNING: [filemgmt 56-199] Attempt to get parsing info during refresh. "On-the-fly" syntax checking information may be incorrect. [/home/madsr2d2/DTU/dds/as2/as2_task1/as2_task1.srcs/sources_1/new/unpacker.vhd:]
WARNING: [filemgmt 56-199] Attempt to get parsing info during refresh. "On-the-fly" syntax checking information may be incorrect. [/home/madsr2d2/DTU/dds/as2/as2_task1/as2_task1.srcs/sources_1/new/unpacker.vhd:]
WARNING: [filemgmt 56-199] Attempt to get parsing info during refresh. "On-the-fly" syntax checking information may be incorrect. [/home/madsr2d2/DTU/dds/as2/as2_task1/as2_task1.srcs/sources_1/new/unpacker.vhd:]
WARNING: [filemgmt 56-199] Attempt to get parsing info during refresh. "On-the-fly" syntax checking information may be incorrect. [/home/madsr2d2/DTU/dds/as2/as2_task1/as2_task1.srcs/sources_1/new/unpacker_1.vhd:]
WARNING: [filemgmt 56-199] Attempt to get parsing info during refresh. "On-the-fly" syntax checking information may be incorrect. [/home/madsr2d2/DTU/dds/as2/as2_task1/as2_task1.srcs/sources_1/new/unpacker.vhd:]
WARNING: [filemgmt 56-199] Attempt to get parsing info during refresh. "On-the-fly" syntax checking information may be incorrect. [/home/madsr2d2/DTU/dds/as2/as2_task1/as2_task1.srcs/sources_1/new/unpacker.vhd:]
update_compile_order -fileset sources_1
WARNING: [filemgmt 56-199] Attempt to get parsing info during refresh. "On-the-fly" syntax checking information may be incorrect. [/home/madsr2d2/DTU/dds/as2/as2_task1/as2_task1.srcs/sources_1/new/unpacker.vhd:]
WARNING: [filemgmt 56-199] Attempt to get parsing info during refresh. "On-the-fly" syntax checking information may be incorrect. [/home/madsr2d2/DTU/dds/as2/as2_task1/as2_task1.srcs/sources_1/new/unpacker_1.vhd:]
WARNING: [filemgmt 56-199] Attempt to get parsing info during refresh. "On-the-fly" syntax checking information may be incorrect. [/home/madsr2d2/DTU/dds/as2/as2_task1/as2_task1.srcs/sources_1/new/unpacker.vhd:]
WARNING: [filemgmt 56-199] Attempt to get parsing info during refresh. "On-the-fly" syntax checking information may be incorrect. [/home/madsr2d2/DTU/dds/as2/as2_task1/as2_task1.srcs/sources_1/new/unpacker.vhd:]
refresh_design
INFO: [Synth 8-7079] Multithreading enabled for synth_design using a maximum of 4 processes.
---------------------------------------------------------------------------------
Starting RTL Elaboration : Time (s): cpu = 00:00:03 ; elapsed = 00:00:02 . Memory (MB): peak = 9902.602 ; gain = 0.000 ; free physical = 23454 ; free virtual = 29422
---------------------------------------------------------------------------------
INFO: [Synth 8-638] synthesizing module 'image_unpacker_sobel' [/home/madsr2d2/DTU/dds/as2/as2_task1/as2_task1.srcs/sources_1/new/unpacker_1.vhd:21]
INFO: [Synth 8-226] default block is never used [/home/madsr2d2/DTU/dds/as2/as2_task1/as2_task1.srcs/sources_1/new/unpacker_1.vhd:77]
INFO: [Synth 8-256] done synthesizing module 'image_unpacker_sobel' (0#1) [/home/madsr2d2/DTU/dds/as2/as2_task1/as2_task1.srcs/sources_1/new/unpacker_1.vhd:21]
WARNING: [Synth 8-3848] Net next_line[0] in module/entity image_unpacker_sobel does not have driver. [/home/madsr2d2/DTU/dds/as2/as2_task1/as2_task1.srcs/sources_1/new/unpacker_1.vhd:25]
WARNING: [Synth 8-3848] Net next_line[1] in module/entity image_unpacker_sobel does not have driver. [/home/madsr2d2/DTU/dds/as2/as2_task1/as2_task1.srcs/sources_1/new/unpacker_1.vhd:25]
WARNING: [Synth 8-3848] Net next_line[2] in module/entity image_unpacker_sobel does not have driver. [/home/madsr2d2/DTU/dds/as2/as2_task1/as2_task1.srcs/sources_1/new/unpacker_1.vhd:25]
WARNING: [Synth 8-3848] Net next_line[3] in module/entity image_unpacker_sobel does not have driver. [/home/madsr2d2/DTU/dds/as2/as2_task1/as2_task1.srcs/sources_1/new/unpacker_1.vhd:25]
WARNING: [Synth 8-3848] Net next_line[4] in module/entity image_unpacker_sobel does not have driver. [/home/madsr2d2/DTU/dds/as2/as2_task1/as2_task1.srcs/sources_1/new/unpacker_1.vhd:25]
WARNING: [Synth 8-3848] Net next_line[5] in module/entity image_unpacker_sobel does not have driver. [/home/madsr2d2/DTU/dds/as2/as2_task1/as2_task1.srcs/sources_1/new/unpacker_1.vhd:25]
WARNING: [Synth 8-3848] Net next_line[6] in module/entity image_unpacker_sobel does not have driver. [/home/madsr2d2/DTU/dds/as2/as2_task1/as2_task1.srcs/sources_1/new/unpacker_1.vhd:25]
WARNING: [Synth 8-3848] Net next_line[7] in module/entity image_unpacker_sobel does not have driver. [/home/madsr2d2/DTU/dds/as2/as2_task1/as2_task1.srcs/sources_1/new/unpacker_1.vhd:25]
WARNING: [Synth 8-3848] Net next_line[8] in module/entity image_unpacker_sobel does not have driver. [/home/madsr2d2/DTU/dds/as2/as2_task1/as2_task1.srcs/sources_1/new/unpacker_1.vhd:25]
WARNING: [Synth 8-3848] Net next_line[9] in module/entity image_unpacker_sobel does not have driver. [/home/madsr2d2/DTU/dds/as2/as2_task1/as2_task1.srcs/sources_1/new/unpacker_1.vhd:25]
WARNING: [Synth 8-3848] Net next_line[10] in module/entity image_unpacker_sobel does not have driver. [/home/madsr2d2/DTU/dds/as2/as2_task1/as2_task1.srcs/sources_1/new/unpacker_1.vhd:25]
WARNING: [Synth 8-3848] Net next_line[11] in module/entity image_unpacker_sobel does not have driver. [/home/madsr2d2/DTU/dds/as2/as2_task1/as2_task1.srcs/sources_1/new/unpacker_1.vhd:25]
WARNING: [Synth 8-3848] Net next_line[12] in module/entity image_unpacker_sobel does not have driver. [/home/madsr2d2/DTU/dds/as2/as2_task1/as2_task1.srcs/sources_1/new/unpacker_1.vhd:25]
WARNING: [Synth 8-3848] Net next_line[13] in module/entity image_unpacker_sobel does not have driver. [/home/madsr2d2/DTU/dds/as2/as2_task1/as2_task1.srcs/sources_1/new/unpacker_1.vhd:25]
WARNING: [Synth 8-3848] Net next_line[14] in module/entity image_unpacker_sobel does not have driver. [/home/madsr2d2/DTU/dds/as2/as2_task1/as2_task1.srcs/sources_1/new/unpacker_1.vhd:25]
WARNING: [Synth 8-3848] Net next_line[15] in module/entity image_unpacker_sobel does not have driver. [/home/madsr2d2/DTU/dds/as2/as2_task1/as2_task1.srcs/sources_1/new/unpacker_1.vhd:25]
WARNING: [Synth 8-3848] Net next_line[16] in module/entity image_unpacker_sobel does not have driver. [/home/madsr2d2/DTU/dds/as2/as2_task1/as2_task1.srcs/sources_1/new/unpacker_1.vhd:25]
WARNING: [Synth 8-3848] Net next_line[17] in module/entity image_unpacker_sobel does not have driver. [/home/madsr2d2/DTU/dds/as2/as2_task1/as2_task1.srcs/sources_1/new/unpacker_1.vhd:25]
WARNING: [Synth 8-3848] Net next_line[18] in module/entity image_unpacker_sobel does not have driver. [/home/madsr2d2/DTU/dds/as2/as2_task1/as2_task1.srcs/sources_1/new/unpacker_1.vhd:25]
WARNING: [Synth 8-3848] Net next_line[19] in module/entity image_unpacker_sobel does not have driver. [/home/madsr2d2/DTU/dds/as2/as2_task1/as2_task1.srcs/sources_1/new/unpacker_1.vhd:25]
WARNING: [Synth 8-3848] Net next_line[20] in module/entity image_unpacker_sobel does not have driver. [/home/madsr2d2/DTU/dds/as2/as2_task1/as2_task1.srcs/sources_1/new/unpacker_1.vhd:25]
WARNING: [Synth 8-3848] Net next_line[21] in module/entity image_unpacker_sobel does not have driver. [/home/madsr2d2/DTU/dds/as2/as2_task1/as2_task1.srcs/sources_1/new/unpacker_1.vhd:25]
WARNING: [Synth 8-3848] Net next_line[22] in module/entity image_unpacker_sobel does not have driver. [/home/madsr2d2/DTU/dds/as2/as2_task1/as2_task1.srcs/sources_1/new/unpacker_1.vhd:25]
WARNING: [Synth 8-3848] Net next_line[23] in module/entity image_unpacker_sobel does not have driver. [/home/madsr2d2/DTU/dds/as2/as2_task1/as2_task1.srcs/sources_1/new/unpacker_1.vhd:25]
WARNING: [Synth 8-3848] Net next_line[24] in module/entity image_unpacker_sobel does not have driver. [/home/madsr2d2/DTU/dds/as2/as2_task1/as2_task1.srcs/sources_1/new/unpacker_1.vhd:25]
WARNING: [Synth 8-3848] Net next_line[25] in module/entity image_unpacker_sobel does not have driver. [/home/madsr2d2/DTU/dds/as2/as2_task1/as2_task1.srcs/sources_1/new/unpacker_1.vhd:25]
WARNING: [Synth 8-3848] Net next_line[26] in module/entity image_unpacker_sobel does not have driver. [/home/madsr2d2/DTU/dds/as2/as2_task1/as2_task1.srcs/sources_1/new/unpacker_1.vhd:25]
WARNING: [Synth 8-3848] Net next_line[27] in module/entity image_unpacker_sobel does not have driver. [/home/madsr2d2/DTU/dds/as2/as2_task1/as2_task1.srcs/sources_1/new/unpacker_1.vhd:25]
WARNING: [Synth 8-3848] Net next_line[28] in module/entity image_unpacker_sobel does not have driver. [/home/madsr2d2/DTU/dds/as2/as2_task1/as2_task1.srcs/sources_1/new/unpacker_1.vhd:25]
WARNING: [Synth 8-3848] Net next_line[29] in module/entity image_unpacker_sobel does not have driver. [/home/madsr2d2/DTU/dds/as2/as2_task1/as2_task1.srcs/sources_1/new/unpacker_1.vhd:25]
WARNING: [Synth 8-3848] Net next_line[30] in module/entity image_unpacker_sobel does not have driver. [/home/madsr2d2/DTU/dds/as2/as2_task1/as2_task1.srcs/sources_1/new/unpacker_1.vhd:25]
WARNING: [Synth 8-3848] Net next_line[31] in module/entity image_unpacker_sobel does not have driver. [/home/madsr2d2/DTU/dds/as2/as2_task1/as2_task1.srcs/sources_1/new/unpacker_1.vhd:25]
WARNING: [Synth 8-3848] Net next_line[32] in module/entity image_unpacker_sobel does not have driver. [/home/madsr2d2/DTU/dds/as2/as2_task1/as2_task1.srcs/sources_1/new/unpacker_1.vhd:25]
WARNING: [Synth 8-3848] Net next_line[33] in module/entity image_unpacker_sobel does not have driver. [/home/madsr2d2/DTU/dds/as2/as2_task1/as2_task1.srcs/sources_1/new/unpacker_1.vhd:25]
WARNING: [Synth 8-3848] Net next_line[34] in module/entity image_unpacker_sobel does not have driver. [/home/madsr2d2/DTU/dds/as2/as2_task1/as2_task1.srcs/sources_1/new/unpacker_1.vhd:25]
WARNING: [Synth 8-3848] Net next_line[35] in module/entity image_unpacker_sobel does not have driver. [/home/madsr2d2/DTU/dds/as2/as2_task1/as2_task1.srcs/sources_1/new/unpacker_1.vhd:25]
WARNING: [Synth 8-3848] Net next_line[36] in module/entity image_unpacker_sobel does not have driver. [/home/madsr2d2/DTU/dds/as2/as2_task1/as2_task1.srcs/sources_1/new/unpacker_1.vhd:25]
WARNING: [Synth 8-3848] Net next_line[37] in module/entity image_unpacker_sobel does not have driver. [/home/madsr2d2/DTU/dds/as2/as2_task1/as2_task1.srcs/sources_1/new/unpacker_1.vhd:25]
WARNING: [Synth 8-3848] Net next_line[38] in module/entity image_unpacker_sobel does not have driver. [/home/madsr2d2/DTU/dds/as2/as2_task1/as2_task1.srcs/sources_1/new/unpacker_1.vhd:25]
WARNING: [Synth 8-3848] Net next_line[39] in module/entity image_unpacker_sobel does not have driver. [/home/madsr2d2/DTU/dds/as2/as2_task1/as2_task1.srcs/sources_1/new/unpacker_1.vhd:25]
WARNING: [Synth 8-3848] Net next_line[40] in module/entity image_unpacker_sobel does not have driver. [/home/madsr2d2/DTU/dds/as2/as2_task1/as2_task1.srcs/sources_1/new/unpacker_1.vhd:25]
WARNING: [Synth 8-3848] Net next_line[41] in module/entity image_unpacker_sobel does not have driver. [/home/madsr2d2/DTU/dds/as2/as2_task1/as2_task1.srcs/sources_1/new/unpacker_1.vhd:25]
WARNING: [Synth 8-3848] Net next_line[42] in module/entity image_unpacker_sobel does not have driver. [/home/madsr2d2/DTU/dds/as2/as2_task1/as2_task1.srcs/sources_1/new/unpacker_1.vhd:25]
WARNING: [Synth 8-3848] Net next_line[43] in module/entity image_unpacker_sobel does not have driver. [/home/madsr2d2/DTU/dds/as2/as2_task1/as2_task1.srcs/sources_1/new/unpacker_1.vhd:25]
WARNING: [Synth 8-3848] Net next_line[44] in module/entity image_unpacker_sobel does not have driver. [/home/madsr2d2/DTU/dds/as2/as2_task1/as2_task1.srcs/sources_1/new/unpacker_1.vhd:25]
WARNING: [Synth 8-3848] Net next_line[45] in module/entity image_unpacker_sobel does not have driver. [/home/madsr2d2/DTU/dds/as2/as2_task1/as2_task1.srcs/sources_1/new/unpacker_1.vhd:25]
WARNING: [Synth 8-3848] Net next_line[46] in module/entity image_unpacker_sobel does not have driver. [/home/madsr2d2/DTU/dds/as2/as2_task1/as2_task1.srcs/sources_1/new/unpacker_1.vhd:25]
WARNING: [Synth 8-3848] Net next_line[47] in module/entity image_unpacker_sobel does not have driver. [/home/madsr2d2/DTU/dds/as2/as2_task1/as2_task1.srcs/sources_1/new/unpacker_1.vhd:25]
WARNING: [Synth 8-3848] Net next_line[48] in module/entity image_unpacker_sobel does not have driver. [/home/madsr2d2/DTU/dds/as2/as2_task1/as2_task1.srcs/sources_1/new/unpacker_1.vhd:25]
WARNING: [Synth 8-3848] Net next_line[49] in module/entity image_unpacker_sobel does not have driver. [/home/madsr2d2/DTU/dds/as2/as2_task1/as2_task1.srcs/sources_1/new/unpacker_1.vhd:25]
WARNING: [Synth 8-3848] Net next_line[50] in module/entity image_unpacker_sobel does not have driver. [/home/madsr2d2/DTU/dds/as2/as2_task1/as2_task1.srcs/sources_1/new/unpacker_1.vhd:25]
WARNING: [Synth 8-3848] Net next_line[51] in module/entity image_unpacker_sobel does not have driver. [/home/madsr2d2/DTU/dds/as2/as2_task1/as2_task1.srcs/sources_1/new/unpacker_1.vhd:25]
WARNING: [Synth 8-3848] Net next_line[52] in module/entity image_unpacker_sobel does not have driver. [/home/madsr2d2/DTU/dds/as2/as2_task1/as2_task1.srcs/sources_1/new/unpacker_1.vhd:25]
WARNING: [Synth 8-3848] Net next_line[53] in module/entity image_unpacker_sobel does not have driver. [/home/madsr2d2/DTU/dds/as2/as2_task1/as2_task1.srcs/sources_1/new/unpacker_1.vhd:25]
WARNING: [Synth 8-3848] Net next_line[54] in module/entity image_unpacker_sobel does not have driver. [/home/madsr2d2/DTU/dds/as2/as2_task1/as2_task1.srcs/sources_1/new/unpacker_1.vhd:25]
WARNING: [Synth 8-3848] Net next_line[55] in module/entity image_unpacker_sobel does not have driver. [/home/madsr2d2/DTU/dds/as2/as2_task1/as2_task1.srcs/sources_1/new/unpacker_1.vhd:25]
WARNING: [Synth 8-3848] Net next_line[56] in module/entity image_unpacker_sobel does not have driver. [/home/madsr2d2/DTU/dds/as2/as2_task1/as2_task1.srcs/sources_1/new/unpacker_1.vhd:25]
WARNING: [Synth 8-3848] Net next_line[57] in module/entity image_unpacker_sobel does not have driver. [/home/madsr2d2/DTU/dds/as2/as2_task1/as2_task1.srcs/sources_1/new/unpacker_1.vhd:25]
WARNING: [Synth 8-3848] Net next_line[58] in module/entity image_unpacker_sobel does not have driver. [/home/madsr2d2/DTU/dds/as2/as2_task1/as2_task1.srcs/sources_1/new/unpacker_1.vhd:25]
WARNING: [Synth 8-3848] Net next_line[59] in module/entity image_unpacker_sobel does not have driver. [/home/madsr2d2/DTU/dds/as2/as2_task1/as2_task1.srcs/sources_1/new/unpacker_1.vhd:25]
WARNING: [Synth 8-3848] Net next_line[60] in module/entity image_unpacker_sobel does not have driver. [/home/madsr2d2/DTU/dds/as2/as2_task1/as2_task1.srcs/sources_1/new/unpacker_1.vhd:25]
WARNING: [Synth 8-3848] Net next_line[61] in module/entity image_unpacker_sobel does not have driver. [/home/madsr2d2/DTU/dds/as2/as2_task1/as2_task1.srcs/sources_1/new/unpacker_1.vhd:25]
WARNING: [Synth 8-3848] Net next_line[62] in module/entity image_unpacker_sobel does not have driver. [/home/madsr2d2/DTU/dds/as2/as2_task1/as2_task1.srcs/sources_1/new/unpacker_1.vhd:25]
WARNING: [Synth 8-3848] Net next_line[63] in module/entity image_unpacker_sobel does not have driver. [/home/madsr2d2/DTU/dds/as2/as2_task1/as2_task1.srcs/sources_1/new/unpacker_1.vhd:25]
WARNING: [Synth 8-3848] Net next_line[64] in module/entity image_unpacker_sobel does not have driver. [/home/madsr2d2/DTU/dds/as2/as2_task1/as2_task1.srcs/sources_1/new/unpacker_1.vhd:25]
WARNING: [Synth 8-3848] Net next_line[65] in module/entity image_unpacker_sobel does not have driver. [/home/madsr2d2/DTU/dds/as2/as2_task1/as2_task1.srcs/sources_1/new/unpacker_1.vhd:25]
WARNING: [Synth 8-3848] Net next_line[66] in module/entity image_unpacker_sobel does not have driver. [/home/madsr2d2/DTU/dds/as2/as2_task1/as2_task1.srcs/sources_1/new/unpacker_1.vhd:25]
WARNING: [Synth 8-3848] Net next_line[67] in module/entity image_unpacker_sobel does not have driver. [/home/madsr2d2/DTU/dds/as2/as2_task1/as2_task1.srcs/sources_1/new/unpacker_1.vhd:25]
WARNING: [Synth 8-3848] Net next_line[68] in module/entity image_unpacker_sobel does not have driver. [/home/madsr2d2/DTU/dds/as2/as2_task1/as2_task1.srcs/sources_1/new/unpacker_1.vhd:25]
WARNING: [Synth 8-3848] Net next_line[69] in module/entity image_unpacker_sobel does not have driver. [/home/madsr2d2/DTU/dds/as2/as2_task1/as2_task1.srcs/sources_1/new/unpacker_1.vhd:25]
WARNING: [Synth 8-3848] Net next_line[70] in module/entity image_unpacker_sobel does not have driver. [/home/madsr2d2/DTU/dds/as2/as2_task1/as2_task1.srcs/sources_1/new/unpacker_1.vhd:25]
WARNING: [Synth 8-3848] Net next_line[71] in module/entity image_unpacker_sobel does not have driver. [/home/madsr2d2/DTU/dds/as2/as2_task1/as2_task1.srcs/sources_1/new/unpacker_1.vhd:25]
WARNING: [Synth 8-3848] Net next_line[72] in module/entity image_unpacker_sobel does not have driver. [/home/madsr2d2/DTU/dds/as2/as2_task1/as2_task1.srcs/sources_1/new/unpacker_1.vhd:25]
WARNING: [Synth 8-3848] Net next_line[73] in module/entity image_unpacker_sobel does not have driver. [/home/madsr2d2/DTU/dds/as2/as2_task1/as2_task1.srcs/sources_1/new/unpacker_1.vhd:25]
WARNING: [Synth 8-3848] Net next_line[74] in module/entity image_unpacker_sobel does not have driver. [/home/madsr2d2/DTU/dds/as2/as2_task1/as2_task1.srcs/sources_1/new/unpacker_1.vhd:25]
WARNING: [Synth 8-3848] Net next_line[75] in module/entity image_unpacker_sobel does not have driver. [/home/madsr2d2/DTU/dds/as2/as2_task1/as2_task1.srcs/sources_1/new/unpacker_1.vhd:25]
WARNING: [Synth 8-3848] Net next_line[76] in module/entity image_unpacker_sobel does not have driver. [/home/madsr2d2/DTU/dds/as2/as2_task1/as2_task1.srcs/sources_1/new/unpacker_1.vhd:25]
WARNING: [Synth 8-3848] Net next_line[77] in module/entity image_unpacker_sobel does not have driver. [/home/madsr2d2/DTU/dds/as2/as2_task1/as2_task1.srcs/sources_1/new/unpacker_1.vhd:25]
WARNING: [Synth 8-3848] Net next_line[78] in module/entity image_unpacker_sobel does not have driver. [/home/madsr2d2/DTU/dds/as2/as2_task1/as2_task1.srcs/sources_1/new/unpacker_1.vhd:25]
WARNING: [Synth 8-3848] Net next_line[79] in module/entity image_unpacker_sobel does not have driver. [/home/madsr2d2/DTU/dds/as2/as2_task1/as2_task1.srcs/sources_1/new/unpacker_1.vhd:25]
WARNING: [Synth 8-3848] Net next_line[80] in module/entity image_unpacker_sobel does not have driver. [/home/madsr2d2/DTU/dds/as2/as2_task1/as2_task1.srcs/sources_1/new/unpacker_1.vhd:25]
WARNING: [Synth 8-3848] Net next_line[81] in module/entity image_unpacker_sobel does not have driver. [/home/madsr2d2/DTU/dds/as2/as2_task1/as2_task1.srcs/sources_1/new/unpacker_1.vhd:25]
WARNING: [Synth 8-3848] Net next_line[82] in module/entity image_unpacker_sobel does not have driver. [/home/madsr2d2/DTU/dds/as2/as2_task1/as2_task1.srcs/sources_1/new/unpacker_1.vhd:25]
WARNING: [Synth 8-3848] Net next_line[83] in module/entity image_unpacker_sobel does not have driver. [/home/madsr2d2/DTU/dds/as2/as2_task1/as2_task1.srcs/sources_1/new/unpacker_1.vhd:25]
WARNING: [Synth 8-3848] Net next_line[84] in module/entity image_unpacker_sobel does not have driver. [/home/madsr2d2/DTU/dds/as2/as2_task1/as2_task1.srcs/sources_1/new/unpacker_1.vhd:25]
WARNING: [Synth 8-3848] Net next_line[85] in module/entity image_unpacker_sobel does not have driver. [/home/madsr2d2/DTU/dds/as2/as2_task1/as2_task1.srcs/sources_1/new/unpacker_1.vhd:25]
WARNING: [Synth 8-3848] Net next_line[86] in module/entity image_unpacker_sobel does not have driver. [/home/madsr2d2/DTU/dds/as2/as2_task1/as2_task1.srcs/sources_1/new/unpacker_1.vhd:25]
WARNING: [Synth 8-3848] Net next_line[87] in module/entity image_unpacker_sobel does not have driver. [/home/madsr2d2/DTU/dds/as2/as2_task1/as2_task1.srcs/sources_1/new/unpacker_1.vhd:25]
WARNING: [Synth 8-3848] Net next_line[88] in module/entity image_unpacker_sobel does not have driver. [/home/madsr2d2/DTU/dds/as2/as2_task1/as2_task1.srcs/sources_1/new/unpacker_1.vhd:25]
WARNING: [Synth 8-3848] Net next_line[89] in module/entity image_unpacker_sobel does not have driver. [/home/madsr2d2/DTU/dds/as2/as2_task1/as2_task1.srcs/sources_1/new/unpacker_1.vhd:25]
WARNING: [Synth 8-3848] Net next_line[90] in module/entity image_unpacker_sobel does not have driver. [/home/madsr2d2/DTU/dds/as2/as2_task1/as2_task1.srcs/sources_1/new/unpacker_1.vhd:25]
WARNING: [Synth 8-3848] Net next_line[91] in module/entity image_unpacker_sobel does not have driver. [/home/madsr2d2/DTU/dds/as2/as2_task1/as2_task1.srcs/sources_1/new/unpacker_1.vhd:25]
WARNING: [Synth 8-3848] Net next_line[92] in module/entity image_unpacker_sobel does not have driver. [/home/madsr2d2/DTU/dds/as2/as2_task1/as2_task1.srcs/sources_1/new/unpacker_1.vhd:25]
WARNING: [Synth 8-3848] Net next_line[93] in module/entity image_unpacker_sobel does not have driver. [/home/madsr2d2/DTU/dds/as2/as2_task1/as2_task1.srcs/sources_1/new/unpacker_1.vhd:25]
WARNING: [Synth 8-3848] Net next_line[94] in module/entity image_unpacker_sobel does not have driver. [/home/madsr2d2/DTU/dds/as2/as2_task1/as2_task1.srcs/sources_1/new/unpacker_1.vhd:25]
WARNING: [Synth 8-3848] Net next_line[95] in module/entity image_unpacker_sobel does not have driver. [/home/madsr2d2/DTU/dds/as2/as2_task1/as2_task1.srcs/sources_1/new/unpacker_1.vhd:25]
WARNING: [Synth 8-3848] Net next_line[96] in module/entity image_unpacker_sobel does not have driver. [/home/madsr2d2/DTU/dds/as2/as2_task1/as2_task1.srcs/sources_1/new/unpacker_1.vhd:25]
WARNING: [Synth 8-3848] Net next_line[97] in module/entity image_unpacker_sobel does not have driver. [/home/madsr2d2/DTU/dds/as2/as2_task1/as2_task1.srcs/sources_1/new/unpacker_1.vhd:25]
WARNING: [Synth 8-3848] Net next_line[98] in module/entity image_unpacker_sobel does not have driver. [/home/madsr2d2/DTU/dds/as2/as2_task1/as2_task1.srcs/sources_1/new/unpacker_1.vhd:25]
WARNING: [Synth 8-3848] Net next_line[99] in module/entity image_unpacker_sobel does not have driver. [/home/madsr2d2/DTU/dds/as2/as2_task1/as2_task1.srcs/sources_1/new/unpacker_1.vhd:25]
INFO: [Common 17-14] Message 'Synth 8-3848' appears 100 times and further instances of the messages will be disabled. Use the Tcl command set_msg_config to change the current settings.
WARNING: [Synth 8-3917] design image_unpacker_sobel has port done driven by constant 0
WARNING: [Synth 8-7129] Port base_addr[15] in module image_unpacker_sobel is either unconnected or has no load
WARNING: [Synth 8-7129] Port base_addr[14] in module image_unpacker_sobel is either unconnected or has no load
WARNING: [Synth 8-7129] Port base_addr[13] in module image_unpacker_sobel is either unconnected or has no load
WARNING: [Synth 8-7129] Port base_addr[12] in module image_unpacker_sobel is either unconnected or has no load
WARNING: [Synth 8-7129] Port base_addr[11] in module image_unpacker_sobel is either unconnected or has no load
WARNING: [Synth 8-7129] Port base_addr[10] in module image_unpacker_sobel is either unconnected or has no load
WARNING: [Synth 8-7129] Port base_addr[9] in module image_unpacker_sobel is either unconnected or has no load
WARNING: [Synth 8-7129] Port base_addr[8] in module image_unpacker_sobel is either unconnected or has no load
WARNING: [Synth 8-7129] Port base_addr[7] in module image_unpacker_sobel is either unconnected or has no load
WARNING: [Synth 8-7129] Port base_addr[6] in module image_unpacker_sobel is either unconnected or has no load
WARNING: [Synth 8-7129] Port base_addr[5] in module image_unpacker_sobel is either unconnected or has no load
WARNING: [Synth 8-7129] Port base_addr[4] in module image_unpacker_sobel is either unconnected or has no load
WARNING: [Synth 8-7129] Port base_addr[3] in module image_unpacker_sobel is either unconnected or has no load
WARNING: [Synth 8-7129] Port base_addr[2] in module image_unpacker_sobel is either unconnected or has no load
WARNING: [Synth 8-7129] Port base_addr[1] in module image_unpacker_sobel is either unconnected or has no load
WARNING: [Synth 8-7129] Port base_addr[0] in module image_unpacker_sobel is either unconnected or has no load
---------------------------------------------------------------------------------
Finished RTL Elaboration : Time (s): cpu = 00:00:05 ; elapsed = 00:00:05 . Memory (MB): peak = 10130.562 ; gain = 227.961 ; free physical = 23138 ; free virtual = 29078
---------------------------------------------------------------------------------
---------------------------------------------------------------------------------
Start Handling Custom Attributes
---------------------------------------------------------------------------------
---------------------------------------------------------------------------------
Finished Handling Custom Attributes : Time (s): cpu = 00:00:05 ; elapsed = 00:00:05 . Memory (MB): peak = 10130.562 ; gain = 227.961 ; free physical = 23139 ; free virtual = 29079
---------------------------------------------------------------------------------
---------------------------------------------------------------------------------
Finished RTL Optimization Phase 1 : Time (s): cpu = 00:00:05 ; elapsed = 00:00:05 . Memory (MB): peak = 10130.562 ; gain = 227.961 ; free physical = 23139 ; free virtual = 29079
---------------------------------------------------------------------------------
Netlist sorting complete. Time (s): cpu = 00:00:00.13 ; elapsed = 00:00:00.12 . Memory (MB): peak = 10132.562 ; gain = 0.000 ; free physical = 23348 ; free virtual = 29363
INFO: [Project 1-570] Preparing netlist for logic optimization

Processing XDC Constraints
Initializing timing engine
Completed Processing XDC Constraints

refresh_design: Time (s): cpu = 00:00:18 ; elapsed = 00:00:10 . Memory (MB): peak = 10254.617 ; gain = 352.016 ; free physical = 23409 ; free virtual = 29354
reset_run synth_1
INFO: [Project 1-1161] Replacing file /home/madsr2d2/DTU/dds/as2/as2_task1/as2_task1.srcs/utils_1/imports/synth_1/line_buffer.dcp with file /home/madsr2d2/DTU/dds/as2/as2_task1/as2_task1.runs/synth_1/image_unpacker_sobel.dcp
launch_runs synth_1 -jobs 16
[Sat Oct 19 20:14:07 2024] Launched synth_1...
Run output will be captured here: /home/madsr2d2/DTU/dds/as2/as2_task1/as2_task1.runs/synth_1/runme.log
WARNING: [filemgmt 56-199] Attempt to get parsing info during refresh. "On-the-fly" syntax checking information may be incorrect. [/home/madsr2d2/DTU/dds/as2/as2_task1/as2_task1.srcs/sources_1/new/unpacker.vhd:]
WARNING: [filemgmt 56-199] Attempt to get parsing info during refresh. "On-the-fly" syntax checking information may be incorrect. [/home/madsr2d2/DTU/dds/as2/as2_task1/as2_task1.srcs/sources_1/new/unpacker_1.vhd:]
WARNING: [filemgmt 56-199] Attempt to get parsing info during refresh. "On-the-fly" syntax checking information may be incorrect. [/home/madsr2d2/DTU/dds/as2/as2_task1/as2_task1.srcs/sources_1/new/unpacker.vhd:]
WARNING: [filemgmt 56-199] Attempt to get parsing info during refresh. "On-the-fly" syntax checking information may be incorrect. [/home/madsr2d2/DTU/dds/as2/as2_task1/as2_task1.srcs/sources_1/new/unpacker.vhd:]
WARNING: [filemgmt 56-199] Attempt to get parsing info during refresh. "On-the-fly" syntax checking information may be incorrect. [/home/madsr2d2/DTU/dds/as2/as2_task1/as2_task1.srcs/sources_1/new/unpacker.vhd:]
WARNING: [filemgmt 56-199] Attempt to get parsing info during refresh. "On-the-fly" syntax checking information may be incorrect. [/home/madsr2d2/DTU/dds/as2/as2_task1/as2_task1.srcs/sources_1/new/unpacker_1.vhd:]
WARNING: [filemgmt 56-199] Attempt to get parsing info during refresh. "On-the-fly" syntax checking information may be incorrect. [/home/madsr2d2/DTU/dds/as2/as2_task1/as2_task1.srcs/sources_1/new/unpacker_1.vhd:]
WARNING: [filemgmt 56-199] Attempt to get parsing info during refresh. "On-the-fly" syntax checking information may be incorrect. [/home/madsr2d2/DTU/dds/as2/as2_task1/as2_task1.srcs/sources_1/new/unpacker_1.vhd:]
WARNING: [filemgmt 56-199] Attempt to get parsing info during refresh. "On-the-fly" syntax checking information may be incorrect. [/home/madsr2d2/DTU/dds/as2/as2_task1/as2_task1.srcs/sources_1/new/unpacker.vhd:]
WARNING: [filemgmt 56-199] Attempt to get parsing info during refresh. "On-the-fly" syntax checking information may be incorrect. [/home/madsr2d2/DTU/dds/as2/as2_task1/as2_task1.srcs/sources_1/new/unpacker_1.vhd:]
WARNING: [filemgmt 56-199] Attempt to get parsing info during refresh. "On-the-fly" syntax checking information may be incorrect. [/home/madsr2d2/DTU/dds/as2/as2_task1/as2_task1.srcs/sources_1/new/unpacker.vhd:]
WARNING: [filemgmt 56-199] Attempt to get parsing info during refresh. "On-the-fly" syntax checking information may be incorrect. [/home/madsr2d2/DTU/dds/as2/as2_task1/as2_task1.srcs/sources_1/new/unpacker.vhd:]
WARNING: [filemgmt 56-199] Attempt to get parsing info during refresh. "On-the-fly" syntax checking information may be incorrect. [/home/madsr2d2/DTU/dds/as2/as2_task1/as2_task1.srcs/sources_1/new/unpacker.vhd:]
WARNING: [filemgmt 56-199] Attempt to get parsing info during refresh. "On-the-fly" syntax checking information may be incorrect. [/home/madsr2d2/DTU/dds/as2/as2_task1/as2_task1.srcs/sources_1/new/unpacker_1.vhd:]
WARNING: [filemgmt 56-199] Attempt to get parsing info during refresh. "On-the-fly" syntax checking information may be incorrect. [/home/madsr2d2/DTU/dds/as2/as2_task1/as2_task1.srcs/sources_1/new/unpacker.vhd:]
WARNING: [filemgmt 56-199] Attempt to get parsing info during refresh. "On-the-fly" syntax checking information may be incorrect. [/home/madsr2d2/DTU/dds/as2/as2_task1/as2_task1.srcs/sources_1/new/unpacker.vhd:]
WARNING: [filemgmt 56-199] Attempt to get parsing info during refresh. "On-the-fly" syntax checking information may be incorrect. [/home/madsr2d2/DTU/dds/as2/as2_task1/as2_task1.srcs/sources_1/new/unpacker.vhd:]
WARNING: [filemgmt 56-199] Attempt to get parsing info during refresh. "On-the-fly" syntax checking information may be incorrect. [/home/madsr2d2/DTU/dds/as2/as2_task1/as2_task1.srcs/sources_1/new/unpacker_1.vhd:]
WARNING: [filemgmt 56-199] Attempt to get parsing info during refresh. "On-the-fly" syntax checking information may be incorrect. [/home/madsr2d2/DTU/dds/as2/as2_task1/as2_task1.srcs/sources_1/new/unpacker.vhd:]
WARNING: [filemgmt 56-199] Attempt to get parsing info during refresh. "On-the-fly" syntax checking information may be incorrect. [/home/madsr2d2/DTU/dds/as2/as2_task1/as2_task1.srcs/sources_1/new/unpacker.vhd:]
refresh_design
INFO: [Synth 8-7079] Multithreading enabled for synth_design using a maximum of 4 processes.
---------------------------------------------------------------------------------
Starting RTL Elaboration : Time (s): cpu = 00:00:03 ; elapsed = 00:00:02 . Memory (MB): peak = 10254.617 ; gain = 0.000 ; free physical = 23079 ; free virtual = 28955
---------------------------------------------------------------------------------
INFO: [Synth 8-638] synthesizing module 'image_unpacker_sobel' [/home/madsr2d2/DTU/dds/as2/as2_task1/as2_task1.srcs/sources_1/new/unpacker_1.vhd:21]
INFO: [Synth 8-226] default block is never used [/home/madsr2d2/DTU/dds/as2/as2_task1/as2_task1.srcs/sources_1/new/unpacker_1.vhd:77]
WARNING: [Synth 8-614] signal 'base_addr' is read in the process but is not in the sensitivity list [/home/madsr2d2/DTU/dds/as2/as2_task1/as2_task1.srcs/sources_1/new/unpacker_1.vhd:115]
INFO: [Synth 8-256] done synthesizing module 'image_unpacker_sobel' (0#1) [/home/madsr2d2/DTU/dds/as2/as2_task1/as2_task1.srcs/sources_1/new/unpacker_1.vhd:21]
WARNING: [Synth 8-3917] design image_unpacker_sobel has port done driven by constant 0
---------------------------------------------------------------------------------
Finished RTL Elaboration : Time (s): cpu = 00:00:05 ; elapsed = 00:00:05 . Memory (MB): peak = 10369.586 ; gain = 114.969 ; free physical = 22888 ; free virtual = 28763
---------------------------------------------------------------------------------
---------------------------------------------------------------------------------
Start Handling Custom Attributes
---------------------------------------------------------------------------------
---------------------------------------------------------------------------------
Finished Handling Custom Attributes : Time (s): cpu = 00:00:06 ; elapsed = 00:00:05 . Memory (MB): peak = 10369.586 ; gain = 114.969 ; free physical = 22879 ; free virtual = 28763
---------------------------------------------------------------------------------
---------------------------------------------------------------------------------
Finished RTL Optimization Phase 1 : Time (s): cpu = 00:00:06 ; elapsed = 00:00:05 . Memory (MB): peak = 10369.586 ; gain = 114.969 ; free physical = 22879 ; free virtual = 28763
---------------------------------------------------------------------------------
Netlist sorting complete. Time (s): cpu = 00:00:00.13 ; elapsed = 00:00:00.13 . Memory (MB): peak = 10369.594 ; gain = 0.000 ; free physical = 23103 ; free virtual = 29060
INFO: [Project 1-570] Preparing netlist for logic optimization

Processing XDC Constraints
Initializing timing engine
Completed Processing XDC Constraints

refresh_design: Time (s): cpu = 00:00:14 ; elapsed = 00:00:10 . Memory (MB): peak = 10483.637 ; gain = 229.020 ; free physical = 23186 ; free virtual = 29038
reset_run synth_1
INFO: [Project 1-1161] Replacing file /home/madsr2d2/DTU/dds/as2/as2_task1/as2_task1.srcs/utils_1/imports/synth_1/line_buffer.dcp with file /home/madsr2d2/DTU/dds/as2/as2_task1/as2_task1.runs/synth_1/image_unpacker_sobel.dcp
launch_runs synth_1 -jobs 16
[Sat Oct 19 20:21:37 2024] Launched synth_1...
Run output will be captured here: /home/madsr2d2/DTU/dds/as2/as2_task1/as2_task1.runs/synth_1/runme.log
WARNING: [filemgmt 56-199] Attempt to get parsing info during refresh. "On-the-fly" syntax checking information may be incorrect. [/home/madsr2d2/DTU/dds/as2/as2_task1/as2_task1.srcs/sources_1/new/unpacker.vhd:]
WARNING: [filemgmt 56-199] Attempt to get parsing info during refresh. "On-the-fly" syntax checking information may be incorrect. [/home/madsr2d2/DTU/dds/as2/as2_task1/as2_task1.srcs/sources_1/new/unpacker_1.vhd:]
WARNING: [filemgmt 56-199] Attempt to get parsing info during refresh. "On-the-fly" syntax checking information may be incorrect. [/home/madsr2d2/DTU/dds/as2/as2_task1/as2_task1.srcs/sources_1/new/unpacker.vhd:]
WARNING: [filemgmt 56-199] Attempt to get parsing info during refresh. "On-the-fly" syntax checking information may be incorrect. [/home/madsr2d2/DTU/dds/as2/as2_task1/as2_task1.srcs/sources_1/new/unpacker.vhd:]
