#-----------------------------------------------------------
# Vivado v2024.1 (64-bit)
# SW Build 5076996 on Wed May 22 18:36:09 MDT 2024
# IP Build 5075265 on Wed May 22 21:45:21 MDT 2024
# SharedData Build 5076995 on Wed May 22 18:29:18 MDT 2024
# Start of session at: Fri Oct 25 13:18:47 2024
# Process ID: 1196834
# Current directory: /home/madsr2d2/DTU/dds/as2/as2_task1
# Command line: vivado
# Log file: /home/madsr2d2/DTU/dds/as2/as2_task1/vivado.log
# Journal file: /home/madsr2d2/DTU/dds/as2/as2_task1/vivado.jou
# Running On        :madsr2d2
# Platform          :Ubuntu
# Operating System  :Ubuntu 22.04.5 LTS
# Processor Detail  :13th Gen Intel(R) Core(TM) i7-1360P
# CPU Frequency     :400.000 MHz
# CPU Physical cores:12
# CPU Logical cores :16
# Host memory       :33245 MB
# Swap memory       :2147 MB
# Total Virtual     :35393 MB
# Available Virtual :32356 MB
#-----------------------------------------------------------
start_gui
WARNING: [Board 49-26] cannot add Board Part xilinx.com:vek280_es:part0:1.0 available at /tools/Xilinx/Vivado/2024.1/data/xhub/boards/XilinxBoardStore/boards/Xilinx/vek280/es/rev_a/1.0/board.xml as part xcve2802-vsvh1760-2lp-e-s-es1 specified in board_part file is either invalid or not available
WARNING: [Board 49-26] cannot add Board Part xilinx.com:vek280_es:part0:1.1 available at /tools/Xilinx/Vivado/2024.1/data/xhub/boards/XilinxBoardStore/boards/Xilinx/vek280/es/rev_a/1.1/board.xml as part xcve2802-vsvh1760-2lp-e-s-es1 specified in board_part file is either invalid or not available
WARNING: [Board 49-26] cannot add Board Part xilinx.com:vek280_es_revb:part0:1.0 available at /tools/Xilinx/Vivado/2024.1/data/xhub/boards/XilinxBoardStore/boards/Xilinx/vek280/es/rev_b/1.0/board.xml as part xcve2802-vsvh1760-2mp-e-s-es1 specified in board_part file is either invalid or not available
WARNING: [Board 49-26] cannot add Board Part xilinx.com:vek280_es_revb:part0:1.1 available at /tools/Xilinx/Vivado/2024.1/data/xhub/boards/XilinxBoardStore/boards/Xilinx/vek280/es/rev_b/1.1/board.xml as part xcve2802-vsvh1760-2mp-e-s-es1 specified in board_part file is either invalid or not available
WARNING: [Board 49-26] cannot add Board Part xilinx.com:vhk158_es:part0:1.0 available at /tools/Xilinx/Vivado/2024.1/data/xhub/boards/XilinxBoardStore/boards/Xilinx/vhk158/es/1.0/board.xml as part xcvh1582-vsva3697-2mp-e-s-es1 specified in board_part file is either invalid or not available
WARNING: [Board 49-26] cannot add Board Part xilinx.com:vhk158_es:part0:1.1 available at /tools/Xilinx/Vivado/2024.1/data/xhub/boards/XilinxBoardStore/boards/Xilinx/vhk158/es/1.1/board.xml as part xcvh1582-vsva3697-2mp-e-s-es1 specified in board_part file is either invalid or not available
WARNING: [Board 49-26] cannot add Board Part xilinx.com:zcu208ld:part0:2.0 available at /tools/Xilinx/Vivado/2024.1/data/xhub/boards/XilinxBoardStore/boards/Xilinx/zcu208ld/production/2.0/board.xml as part xczu58dr-fsvg1517-2-i specified in board_part file is either invalid or not available
WARNING: [Board 49-26] cannot add Board Part xilinx.com:zcu216ld:part0:2.0 available at /tools/Xilinx/Vivado/2024.1/data/xhub/boards/XilinxBoardStore/boards/Xilinx/zcu216ld/production/2.0/board.xml as part xczu59dr-ffvf1760-2-i specified in board_part file is either invalid or not available
WARNING: [Board 49-26] cannot add Board Part xilinx.com:zcu670ld:part0:1.0 available at /tools/Xilinx/Vivado/2024.1/data/xhub/boards/XilinxBoardStore/boards/Xilinx/zcu670ld/1.0/board.xml as part xczu57dr-fsve1156-2-i specified in board_part file is either invalid or not available
open_project /home/madsr2d2/DTU/dds/as2/as2_task_0/as2_task_0.xpr
INFO: [filemgmt 56-3] Default IP Output Path : Could not find the directory '/home/madsr2d2/DTU/dds/as2/as2_task_0/as2_task_0.gen/sources_1'.
Scanning sources...
Finished scanning sources
INFO: [IP_Flow 19-234] Refreshing IP repositories
INFO: [IP_Flow 19-1704] No user IP repositories specified
INFO: [IP_Flow 19-2313] Loaded Vivado IP repository '/tools/Xilinx/Vivado/2024.1/data/ip'.
update_compile_order -fileset sources_1
WARNING: [filemgmt 56-199] Attempt to get parsing info during refresh. "On-the-fly" syntax checking information may be incorrect. [/home/madsr2d2/DTU/dds/as2/02203_A2_code/task2/acc2.vhd:]
WARNING: [filemgmt 56-199] Attempt to get parsing info during refresh. "On-the-fly" syntax checking information may be incorrect. [/home/madsr2d2/DTU/dds/as2/02203_A2_code/task2/test2.vhd:]
WARNING: [filemgmt 56-199] Attempt to get parsing info during refresh. "On-the-fly" syntax checking information may be incorrect. [/home/madsr2d2/DTU/dds/as2/02203_A2_code/task2/acc2.vhd:]
WARNING: [filemgmt 56-199] Attempt to get parsing info during refresh. "On-the-fly" syntax checking information may be incorrect. [/home/madsr2d2/DTU/dds/as2/02203_A2_code/task2/acc2.vhd:]
WARNING: [filemgmt 56-199] Attempt to get parsing info during refresh. "On-the-fly" syntax checking information may be incorrect. [/home/madsr2d2/DTU/dds/as2/02203_A2_code/task2/acc2.vhd:]
WARNING: [filemgmt 56-199] Attempt to get parsing info during refresh. "On-the-fly" syntax checking information may be incorrect. [/home/madsr2d2/DTU/dds/as2/02203_A2_code/task2/test2.vhd:]
WARNING: [filemgmt 56-199] Attempt to get parsing info during refresh. "On-the-fly" syntax checking information may be incorrect. [/home/madsr2d2/DTU/dds/as2/02203_A2_code/task2/acc2.vhd:]
WARNING: [filemgmt 56-199] Attempt to get parsing info during refresh. "On-the-fly" syntax checking information may be incorrect. [/home/madsr2d2/DTU/dds/as2/02203_A2_code/task2/acc2.vhd:]
export_ip_user_files -of_objects  [get_files /home/madsr2d2/DTU/dds/as2/as2_task1/as2_task1.srcs/sources_1/new/line_buffer.vhd] -no_script -reset -force -quiet
remove_files  /home/madsr2d2/DTU/dds/as2/as2_task1/as2_task1.srcs/sources_1/new/line_buffer.vhd
WARNING: [filemgmt 56-199] Attempt to get parsing info during refresh. "On-the-fly" syntax checking information may be incorrect. [/home/madsr2d2/DTU/dds/as2/02203_A2_code/task2/acc2.vhd:]
WARNING: [filemgmt 56-199] Attempt to get parsing info during refresh. "On-the-fly" syntax checking information may be incorrect. [/home/madsr2d2/DTU/dds/as2/02203_A2_code/task2/test2.vhd:]
WARNING: [filemgmt 56-199] Attempt to get parsing info during refresh. "On-the-fly" syntax checking information may be incorrect. [/home/madsr2d2/DTU/dds/as2/02203_A2_code/task2/acc2.vhd:]
WARNING: [filemgmt 56-199] Attempt to get parsing info during refresh. "On-the-fly" syntax checking information may be incorrect. [/home/madsr2d2/DTU/dds/as2/02203_A2_code/task2/acc2.vhd:]
export_ip_user_files -of_objects  [get_files /home/madsr2d2/DTU/dds/as2/as2_task_0/as2_task_0.srcs/sources_1/new/line_buffer_memory.vhd] -no_script -reset -force -quiet
remove_files  /home/madsr2d2/DTU/dds/as2/as2_task_0/as2_task_0.srcs/sources_1/new/line_buffer_memory.vhd
WARNING: [filemgmt 56-199] Attempt to get parsing info during refresh. "On-the-fly" syntax checking information may be incorrect. [/home/madsr2d2/DTU/dds/as2/02203_A2_code/task2/acc2.vhd:]
WARNING: [filemgmt 56-199] Attempt to get parsing info during refresh. "On-the-fly" syntax checking information may be incorrect. [/home/madsr2d2/DTU/dds/as2/02203_A2_code/task2/test2.vhd:]
WARNING: [filemgmt 56-199] Attempt to get parsing info during refresh. "On-the-fly" syntax checking information may be incorrect. [/home/madsr2d2/DTU/dds/as2/02203_A2_code/task2/acc2.vhd:]
WARNING: [filemgmt 56-199] Attempt to get parsing info during refresh. "On-the-fly" syntax checking information may be incorrect. [/home/madsr2d2/DTU/dds/as2/02203_A2_code/task2/acc2.vhd:]
export_ip_user_files -of_objects  [get_files /home/madsr2d2/DTU/dds/as2/as2_task_0/as2_task_0.srcs/sim_1/new/line_buffer_tb.vhd] -no_script -reset -force -quiet
remove_files  -fileset sim_1 /home/madsr2d2/DTU/dds/as2/as2_task_0/as2_task_0.srcs/sim_1/new/line_buffer_tb.vhd
add_files -norecurse /home/madsr2d2/DTU/dds/as2/as2_task1/as2_task1.srcs/sources_1/new/acc.vhd
WARNING: [filemgmt 56-199] Attempt to get parsing info during refresh. "On-the-fly" syntax checking information may be incorrect. [/home/madsr2d2/DTU/dds/as2/02203_A2_code/task2/acc2.vhd:]
WARNING: [filemgmt 56-199] Attempt to get parsing info during refresh. "On-the-fly" syntax checking information may be incorrect. [/home/madsr2d2/DTU/dds/as2/02203_A2_code/task2/test2.vhd:]
WARNING: [filemgmt 56-199] Attempt to get parsing info during refresh. "On-the-fly" syntax checking information may be incorrect. [/home/madsr2d2/DTU/dds/as2/02203_A2_code/task2/acc2.vhd:]
WARNING: [filemgmt 56-199] Attempt to get parsing info during refresh. "On-the-fly" syntax checking information may be incorrect. [/home/madsr2d2/DTU/dds/as2/02203_A2_code/task2/acc2.vhd:]
update_compile_order -fileset sources_1
WARNING: [filemgmt 56-199] Attempt to get parsing info during refresh. "On-the-fly" syntax checking information may be incorrect. [/home/madsr2d2/DTU/dds/as2/02203_A2_code/task2/acc2.vhd:]
WARNING: [filemgmt 56-199] Attempt to get parsing info during refresh. "On-the-fly" syntax checking information may be incorrect. [/home/madsr2d2/DTU/dds/as2/02203_A2_code/task2/test2.vhd:]
WARNING: [filemgmt 56-199] Attempt to get parsing info during refresh. "On-the-fly" syntax checking information may be incorrect. [/home/madsr2d2/DTU/dds/as2/02203_A2_code/task2/acc2.vhd:]
WARNING: [filemgmt 56-199] Attempt to get parsing info during refresh. "On-the-fly" syntax checking information may be incorrect. [/home/madsr2d2/DTU/dds/as2/02203_A2_code/task2/acc2.vhd:]
export_ip_user_files -of_objects  [get_files /home/madsr2d2/DTU/dds/as2/02203_A2_code/task2/acc2.vhd] -no_script -reset -force -quiet
remove_files  /home/madsr2d2/DTU/dds/as2/02203_A2_code/task2/acc2.vhd
add_files -norecurse {/home/madsr2d2/DTU/dds/as2/as2_task1/as2_task1.srcs/sources_1/new/ram_dp.vhd /home/madsr2d2/DTU/dds/as2/as2_task1/as2_task1.srcs/sources_1/new/sobel_filter_8bit.vhd /home/madsr2d2/DTU/dds/as2/as2_task1/as2_task1.srcs/sources_1/new/types_pkg.vhd}
WARNING: [filemgmt 56-199] Attempt to get parsing info during refresh. "On-the-fly" syntax checking information may be incorrect. [/home/madsr2d2/DTU/dds/as2/as2_task1/as2_task1.srcs/sources_1/new/acc.vhd:]
WARNING: [filemgmt 56-199] Attempt to get parsing info during refresh. "On-the-fly" syntax checking information may be incorrect. [/home/madsr2d2/DTU/dds/as2/02203_A2_code/task2/acc2.vhd:]
WARNING: [filemgmt 56-199] Attempt to get parsing info during refresh. "On-the-fly" syntax checking information may be incorrect. [/home/madsr2d2/DTU/dds/as2/02203_A2_code/task2/test2.vhd:]
WARNING: [filemgmt 56-199] Attempt to get parsing info during refresh. "On-the-fly" syntax checking information may be incorrect. [/home/madsr2d2/DTU/dds/as2/as2_task1/as2_task1.srcs/sources_1/new/acc.vhd:]
WARNING: [filemgmt 56-199] Attempt to get parsing info during refresh. "On-the-fly" syntax checking information may be incorrect. [/home/madsr2d2/DTU/dds/as2/as2_task1/as2_task1.srcs/sources_1/new/acc.vhd:]
update_compile_order -fileset sources_1
WARNING: [filemgmt 56-199] Attempt to get parsing info during refresh. "On-the-fly" syntax checking information may be incorrect. [/home/madsr2d2/DTU/dds/as2/as2_task1/as2_task1.srcs/sources_1/new/acc.vhd:]
WARNING: [filemgmt 56-199] Attempt to get parsing info during refresh. "On-the-fly" syntax checking information may be incorrect. [/home/madsr2d2/DTU/dds/as2/02203_A2_code/task2/acc2.vhd:]
WARNING: [filemgmt 56-199] Attempt to get parsing info during refresh. "On-the-fly" syntax checking information may be incorrect. [/home/madsr2d2/DTU/dds/as2/02203_A2_code/task2/test2.vhd:]
WARNING: [filemgmt 56-199] Attempt to get parsing info during refresh. "On-the-fly" syntax checking information may be incorrect. [/home/madsr2d2/DTU/dds/as2/as2_task1/as2_task1.srcs/sources_1/new/acc.vhd:]
WARNING: [filemgmt 56-199] Attempt to get parsing info during refresh. "On-the-fly" syntax checking information may be incorrect. [/home/madsr2d2/DTU/dds/as2/as2_task1/as2_task1.srcs/sources_1/new/acc.vhd:]
set_property top testbench [current_fileset]
WARNING: [filemgmt 56-199] Attempt to get parsing info during refresh. "On-the-fly" syntax checking information may be incorrect. [/home/madsr2d2/DTU/dds/as2/as2_task1/as2_task1.srcs/sources_1/new/acc.vhd:]
WARNING: [filemgmt 56-199] Attempt to get parsing info during refresh. "On-the-fly" syntax checking information may be incorrect. [/home/madsr2d2/DTU/dds/as2/02203_A2_code/task2/acc2.vhd:]
WARNING: [filemgmt 56-199] Attempt to get parsing info during refresh. "On-the-fly" syntax checking information may be incorrect. [/home/madsr2d2/DTU/dds/as2/02203_A2_code/task2/test2.vhd:]
WARNING: [filemgmt 56-199] Attempt to get parsing info during refresh. "On-the-fly" syntax checking information may be incorrect. [/home/madsr2d2/DTU/dds/as2/02203_A2_code/task2/test2.vhd:]
WARNING: [filemgmt 56-199] Attempt to get parsing info during refresh. "On-the-fly" syntax checking information may be incorrect. [/home/madsr2d2/DTU/dds/as2/02203_A2_code/task2/test2.vhd:]
update_compile_order -fileset sources_1
WARNING: [filemgmt 56-199] Attempt to get parsing info during refresh. "On-the-fly" syntax checking information may be incorrect. [/home/madsr2d2/DTU/dds/as2/as2_task1/as2_task1.srcs/sources_1/new/acc.vhd:]
WARNING: [filemgmt 56-199] Attempt to get parsing info during refresh. "On-the-fly" syntax checking information may be incorrect. [/home/madsr2d2/DTU/dds/as2/02203_A2_code/task2/acc2.vhd:]
WARNING: [filemgmt 56-199] Attempt to get parsing info during refresh. "On-the-fly" syntax checking information may be incorrect. [/home/madsr2d2/DTU/dds/as2/02203_A2_code/task2/test2.vhd:]
WARNING: [filemgmt 56-199] Attempt to get parsing info during refresh. "On-the-fly" syntax checking information may be incorrect. [/home/madsr2d2/DTU/dds/as2/as2_task1/as2_task1.srcs/sources_1/new/acc.vhd:]
WARNING: [filemgmt 56-199] Attempt to get parsing info during refresh. "On-the-fly" syntax checking information may be incorrect. [/home/madsr2d2/DTU/dds/as2/as2_task1/as2_task1.srcs/sources_1/new/acc.vhd:]
reset_run synth_1
launch_runs synth_1 -jobs 16
[Fri Oct 25 13:45:53 2024] Launched synth_1...
Run output will be captured here: /home/madsr2d2/DTU/dds/as2/as2_task_0/as2_task_0.runs/synth_1/runme.log
set_property file_type {VHDL 2008} [get_files  /home/madsr2d2/DTU/dds/as2/as2_task1/as2_task1.srcs/sources_1/new/acc.vhd]
WARNING: [filemgmt 56-199] Attempt to get parsing info during refresh. "On-the-fly" syntax checking information may be incorrect. [/home/madsr2d2/DTU/dds/as2/as2_task1/as2_task1.srcs/sources_1/new/acc.vhd:]
WARNING: [filemgmt 56-199] Attempt to get parsing info during refresh. "On-the-fly" syntax checking information may be incorrect. [/home/madsr2d2/DTU/dds/as2/02203_A2_code/task2/acc2.vhd:]
WARNING: [filemgmt 56-199] Attempt to get parsing info during refresh. "On-the-fly" syntax checking information may be incorrect. [/home/madsr2d2/DTU/dds/as2/02203_A2_code/task2/test2.vhd:]
WARNING: [filemgmt 56-199] Attempt to get parsing info during refresh. "On-the-fly" syntax checking information may be incorrect. [/home/madsr2d2/DTU/dds/as2/as2_task1/as2_task1.srcs/sources_1/new/acc.vhd:]
WARNING: [filemgmt 56-199] Attempt to get parsing info during refresh. "On-the-fly" syntax checking information may be incorrect. [/home/madsr2d2/DTU/dds/as2/as2_task1/as2_task1.srcs/sources_1/new/acc.vhd:]
update_compile_order -fileset sources_1
WARNING: [filemgmt 56-199] Attempt to get parsing info during refresh. "On-the-fly" syntax checking information may be incorrect. [/home/madsr2d2/DTU/dds/as2/as2_task1/as2_task1.srcs/sources_1/new/acc.vhd:]
WARNING: [filemgmt 56-199] Attempt to get parsing info during refresh. "On-the-fly" syntax checking information may be incorrect. [/home/madsr2d2/DTU/dds/as2/02203_A2_code/task2/acc2.vhd:]
WARNING: [filemgmt 56-199] Attempt to get parsing info during refresh. "On-the-fly" syntax checking information may be incorrect. [/home/madsr2d2/DTU/dds/as2/02203_A2_code/task2/test2.vhd:]
WARNING: [filemgmt 56-199] Attempt to get parsing info during refresh. "On-the-fly" syntax checking information may be incorrect. [/home/madsr2d2/DTU/dds/as2/02203_A2_code/task2/test2.vhd:]
WARNING: [filemgmt 56-199] Attempt to get parsing info during refresh. "On-the-fly" syntax checking information may be incorrect. [/home/madsr2d2/DTU/dds/as2/02203_A2_code/task2/test2.vhd:]
reset_run synth_1
launch_runs synth_1 -jobs 16
[Fri Oct 25 13:46:39 2024] Launched synth_1...
Run output will be captured here: /home/madsr2d2/DTU/dds/as2/as2_task_0/as2_task_0.runs/synth_1/runme.log
set_property file_type {VHDL 2008} [get_files  /home/madsr2d2/DTU/dds/as2/as2_task1/as2_task1.srcs/sources_1/new/sobel_filter_8bit.vhd]
WARNING: [filemgmt 56-199] Attempt to get parsing info during refresh. "On-the-fly" syntax checking information may be incorrect. [/home/madsr2d2/DTU/dds/as2/as2_task1/as2_task1.srcs/sources_1/new/acc.vhd:]
WARNING: [filemgmt 56-199] Attempt to get parsing info during refresh. "On-the-fly" syntax checking information may be incorrect. [/home/madsr2d2/DTU/dds/as2/as2_task1/as2_task1.srcs/sources_1/new/ram_dp.vhd:]
WARNING: [filemgmt 56-199] Attempt to get parsing info during refresh. "On-the-fly" syntax checking information may be incorrect. [/home/madsr2d2/DTU/dds/as2/02203_A2_code/task2/acc2.vhd:]
WARNING: [filemgmt 56-199] Attempt to get parsing info during refresh. "On-the-fly" syntax checking information may be incorrect. [/home/madsr2d2/DTU/dds/as2/02203_A2_code/task2/test2.vhd:]
WARNING: [filemgmt 56-199] Attempt to get parsing info during refresh. "On-the-fly" syntax checking information may be incorrect. [/home/madsr2d2/DTU/dds/as2/as2_task1/as2_task1.srcs/sources_1/new/acc.vhd:]
WARNING: [filemgmt 56-199] Attempt to get parsing info during refresh. "On-the-fly" syntax checking information may be incorrect. [/home/madsr2d2/DTU/dds/as2/as2_task1/as2_task1.srcs/sources_1/new/acc.vhd:]
WARNING: [filemgmt 56-199] Attempt to get parsing info during refresh. "On-the-fly" syntax checking information may be incorrect. [/home/madsr2d2/DTU/dds/as2/as2_task1/as2_task1.srcs/sources_1/new/acc.vhd:]
WARNING: [filemgmt 56-199] Attempt to get parsing info during refresh. "On-the-fly" syntax checking information may be incorrect. [/home/madsr2d2/DTU/dds/as2/as2_task1/as2_task1.srcs/sources_1/new/ram_dp.vhd:]
WARNING: [filemgmt 56-199] Attempt to get parsing info during refresh. "On-the-fly" syntax checking information may be incorrect. [/home/madsr2d2/DTU/dds/as2/02203_A2_code/task2/acc2.vhd:]
WARNING: [filemgmt 56-199] Attempt to get parsing info during refresh. "On-the-fly" syntax checking information may be incorrect. [/home/madsr2d2/DTU/dds/as2/02203_A2_code/task2/test2.vhd:]
WARNING: [filemgmt 56-199] Attempt to get parsing info during refresh. "On-the-fly" syntax checking information may be incorrect. [/home/madsr2d2/DTU/dds/as2/02203_A2_code/task2/test2.vhd:]
WARNING: [filemgmt 56-199] Attempt to get parsing info during refresh. "On-the-fly" syntax checking information may be incorrect. [/home/madsr2d2/DTU/dds/as2/02203_A2_code/task2/test2.vhd:]
update_compile_order -fileset sources_1
WARNING: [filemgmt 56-199] Attempt to get parsing info during refresh. "On-the-fly" syntax checking information may be incorrect. [/home/madsr2d2/DTU/dds/as2/as2_task1/as2_task1.srcs/sources_1/new/acc.vhd:]
WARNING: [filemgmt 56-199] Attempt to get parsing info during refresh. "On-the-fly" syntax checking information may be incorrect. [/home/madsr2d2/DTU/dds/as2/as2_task1/as2_task1.srcs/sources_1/new/ram_dp.vhd:]
WARNING: [filemgmt 56-199] Attempt to get parsing info during refresh. "On-the-fly" syntax checking information may be incorrect. [/home/madsr2d2/DTU/dds/as2/02203_A2_code/task2/acc2.vhd:]
WARNING: [filemgmt 56-199] Attempt to get parsing info during refresh. "On-the-fly" syntax checking information may be incorrect. [/home/madsr2d2/DTU/dds/as2/02203_A2_code/task2/test2.vhd:]
WARNING: [filemgmt 56-199] Attempt to get parsing info during refresh. "On-the-fly" syntax checking information may be incorrect. [/home/madsr2d2/DTU/dds/as2/02203_A2_code/task2/test2.vhd:]
WARNING: [filemgmt 56-199] Attempt to get parsing info during refresh. "On-the-fly" syntax checking information may be incorrect. [/home/madsr2d2/DTU/dds/as2/02203_A2_code/task2/test2.vhd:]
WARNING: [filemgmt 56-199] Attempt to get parsing info during refresh. "On-the-fly" syntax checking information may be incorrect. [/home/madsr2d2/DTU/dds/as2/as2_task1/as2_task1.srcs/sources_1/new/acc.vhd:]
WARNING: [filemgmt 56-199] Attempt to get parsing info during refresh. "On-the-fly" syntax checking information may be incorrect. [/home/madsr2d2/DTU/dds/as2/as2_task1/as2_task1.srcs/sources_1/new/ram_dp.vhd:]
WARNING: [filemgmt 56-199] Attempt to get parsing info during refresh. "On-the-fly" syntax checking information may be incorrect. [/home/madsr2d2/DTU/dds/as2/02203_A2_code/task2/acc2.vhd:]
WARNING: [filemgmt 56-199] Attempt to get parsing info during refresh. "On-the-fly" syntax checking information may be incorrect. [/home/madsr2d2/DTU/dds/as2/02203_A2_code/task2/test2.vhd:]
WARNING: [filemgmt 56-199] Attempt to get parsing info during refresh. "On-the-fly" syntax checking information may be incorrect. [/home/madsr2d2/DTU/dds/as2/as2_task1/as2_task1.srcs/sources_1/new/ram_dp.vhd:]
WARNING: [filemgmt 56-199] Attempt to get parsing info during refresh. "On-the-fly" syntax checking information may be incorrect. [/home/madsr2d2/DTU/dds/as2/as2_task1/as2_task1.srcs/sources_1/new/ram_dp.vhd:]
reset_run synth_1
launch_runs synth_1 -jobs 16
[Fri Oct 25 13:47:17 2024] Launched synth_1...
Run output will be captured here: /home/madsr2d2/DTU/dds/as2/as2_task_0/as2_task_0.runs/synth_1/runme.log
set_property file_type {VHDL 2008} [get_files  /home/madsr2d2/DTU/dds/as2/as2_task1/as2_task1.srcs/sources_1/new/ram_dp.vhd]
WARNING: [filemgmt 56-199] Attempt to get parsing info during refresh. "On-the-fly" syntax checking information may be incorrect. [/home/madsr2d2/DTU/dds/as2/as2_task1/as2_task1.srcs/sources_1/new/acc.vhd:]
WARNING: [filemgmt 56-199] Attempt to get parsing info during refresh. "On-the-fly" syntax checking information may be incorrect. [/home/madsr2d2/DTU/dds/as2/as2_task1/as2_task1.srcs/sources_1/new/ram_dp.vhd:]
WARNING: [filemgmt 56-199] Attempt to get parsing info during refresh. "On-the-fly" syntax checking information may be incorrect. [/home/madsr2d2/DTU/dds/as2/02203_A2_code/task2/acc2.vhd:]
WARNING: [filemgmt 56-199] Attempt to get parsing info during refresh. "On-the-fly" syntax checking information may be incorrect. [/home/madsr2d2/DTU/dds/as2/02203_A2_code/task2/test2.vhd:]
WARNING: [filemgmt 56-199] Attempt to get parsing info during refresh. "On-the-fly" syntax checking information may be incorrect. [/home/madsr2d2/DTU/dds/as2/as2_task1/as2_task1.srcs/sources_1/new/acc.vhd:]
WARNING: [filemgmt 56-199] Attempt to get parsing info during refresh. "On-the-fly" syntax checking information may be incorrect. [/home/madsr2d2/DTU/dds/as2/as2_task1/as2_task1.srcs/sources_1/new/acc.vhd:]
WARNING: [filemgmt 56-199] Attempt to get parsing info during refresh. "On-the-fly" syntax checking information may be incorrect. [/home/madsr2d2/DTU/dds/as2/as2_task1/as2_task1.srcs/sources_1/new/acc.vhd:]
WARNING: [filemgmt 56-199] Attempt to get parsing info during refresh. "On-the-fly" syntax checking information may be incorrect. [/home/madsr2d2/DTU/dds/as2/as2_task1/as2_task1.srcs/sources_1/new/ram_dp.vhd:]
WARNING: [filemgmt 56-199] Attempt to get parsing info during refresh. "On-the-fly" syntax checking information may be incorrect. [/home/madsr2d2/DTU/dds/as2/02203_A2_code/task2/acc2.vhd:]
WARNING: [filemgmt 56-199] Attempt to get parsing info during refresh. "On-the-fly" syntax checking information may be incorrect. [/home/madsr2d2/DTU/dds/as2/02203_A2_code/task2/test2.vhd:]
WARNING: [filemgmt 56-199] Attempt to get parsing info during refresh. "On-the-fly" syntax checking information may be incorrect. [/home/madsr2d2/DTU/dds/as2/02203_A2_code/task2/test2.vhd:]
WARNING: [filemgmt 56-199] Attempt to get parsing info during refresh. "On-the-fly" syntax checking information may be incorrect. [/home/madsr2d2/DTU/dds/as2/02203_A2_code/task2/test2.vhd:]
update_compile_order -fileset sources_1
WARNING: [filemgmt 56-199] Attempt to get parsing info during refresh. "On-the-fly" syntax checking information may be incorrect. [/home/madsr2d2/DTU/dds/as2/as2_task1/as2_task1.srcs/sources_1/new/acc.vhd:]
WARNING: [filemgmt 56-199] Attempt to get parsing info during refresh. "On-the-fly" syntax checking information may be incorrect. [/home/madsr2d2/DTU/dds/as2/as2_task1/as2_task1.srcs/sources_1/new/ram_dp.vhd:]
WARNING: [filemgmt 56-199] Attempt to get parsing info during refresh. "On-the-fly" syntax checking information may be incorrect. [/home/madsr2d2/DTU/dds/as2/02203_A2_code/task2/acc2.vhd:]
WARNING: [filemgmt 56-199] Attempt to get parsing info during refresh. "On-the-fly" syntax checking information may be incorrect. [/home/madsr2d2/DTU/dds/as2/02203_A2_code/task2/test2.vhd:]
WARNING: [filemgmt 56-199] Attempt to get parsing info during refresh. "On-the-fly" syntax checking information may be incorrect. [/home/madsr2d2/DTU/dds/as2/as2_task1/as2_task1.srcs/sources_1/new/acc.vhd:]
WARNING: [filemgmt 56-199] Attempt to get parsing info during refresh. "On-the-fly" syntax checking information may be incorrect. [/home/madsr2d2/DTU/dds/as2/as2_task1/as2_task1.srcs/sources_1/new/acc.vhd:]
WARNING: [filemgmt 56-199] Attempt to get parsing info during refresh. "On-the-fly" syntax checking information may be incorrect. [/home/madsr2d2/DTU/dds/as2/as2_task1/as2_task1.srcs/sources_1/new/acc.vhd:]
WARNING: [filemgmt 56-199] Attempt to get parsing info during refresh. "On-the-fly" syntax checking information may be incorrect. [/home/madsr2d2/DTU/dds/as2/as2_task1/as2_task1.srcs/sources_1/new/ram_dp.vhd:]
WARNING: [filemgmt 56-199] Attempt to get parsing info during refresh. "On-the-fly" syntax checking information may be incorrect. [/home/madsr2d2/DTU/dds/as2/02203_A2_code/task2/acc2.vhd:]
WARNING: [filemgmt 56-199] Attempt to get parsing info during refresh. "On-the-fly" syntax checking information may be incorrect. [/home/madsr2d2/DTU/dds/as2/02203_A2_code/task2/test2.vhd:]
WARNING: [filemgmt 56-199] Attempt to get parsing info during refresh. "On-the-fly" syntax checking information may be incorrect. [/home/madsr2d2/DTU/dds/as2/02203_A2_code/task2/test2.vhd:]
WARNING: [filemgmt 56-199] Attempt to get parsing info during refresh. "On-the-fly" syntax checking information may be incorrect. [/home/madsr2d2/DTU/dds/as2/02203_A2_code/task2/test2.vhd:]
reset_run synth_1
launch_runs synth_1 -jobs 16
[Fri Oct 25 13:48:28 2024] Launched synth_1...
Run output will be captured here: /home/madsr2d2/DTU/dds/as2/as2_task_0/as2_task_0.runs/synth_1/runme.log
set_property file_type {VHDL 2008} [get_files  /home/madsr2d2/DTU/dds/as2/02203_A2_code/task2/test2.vhd]
WARNING: [filemgmt 56-199] Attempt to get parsing info during refresh. "On-the-fly" syntax checking information may be incorrect. [/home/madsr2d2/DTU/dds/as2/as2_task1/as2_task1.srcs/sources_1/new/acc.vhd:]
WARNING: [filemgmt 56-199] Attempt to get parsing info during refresh. "On-the-fly" syntax checking information may be incorrect. [/home/madsr2d2/DTU/dds/as2/as2_task1/as2_task1.srcs/sources_1/new/ram_dp.vhd:]
WARNING: [filemgmt 56-199] Attempt to get parsing info during refresh. "On-the-fly" syntax checking information may be incorrect. [/home/madsr2d2/DTU/dds/as2/02203_A2_code/task2/acc2.vhd:]
WARNING: [filemgmt 56-199] Attempt to get parsing info during refresh. "On-the-fly" syntax checking information may be incorrect. [/home/madsr2d2/DTU/dds/as2/02203_A2_code/task2/test2.vhd:]
WARNING: [filemgmt 56-199] Attempt to get parsing info during refresh. "On-the-fly" syntax checking information may be incorrect. [/home/madsr2d2/DTU/dds/as2/as2_task1/as2_task1.srcs/sources_1/new/ram_dp.vhd:]
WARNING: [filemgmt 56-199] Attempt to get parsing info during refresh. "On-the-fly" syntax checking information may be incorrect. [/home/madsr2d2/DTU/dds/as2/as2_task1/as2_task1.srcs/sources_1/new/ram_dp.vhd:]
WARNING: [filemgmt 56-199] Attempt to get parsing info during refresh. "On-the-fly" syntax checking information may be incorrect. [/home/madsr2d2/DTU/dds/as2/as2_task1/as2_task1.srcs/sources_1/new/acc.vhd:]
WARNING: [filemgmt 56-199] Attempt to get parsing info during refresh. "On-the-fly" syntax checking information may be incorrect. [/home/madsr2d2/DTU/dds/as2/as2_task1/as2_task1.srcs/sources_1/new/ram_dp.vhd:]
WARNING: [filemgmt 56-199] Attempt to get parsing info during refresh. "On-the-fly" syntax checking information may be incorrect. [/home/madsr2d2/DTU/dds/as2/02203_A2_code/task2/acc2.vhd:]
WARNING: [filemgmt 56-199] Attempt to get parsing info during refresh. "On-the-fly" syntax checking information may be incorrect. [/home/madsr2d2/DTU/dds/as2/02203_A2_code/task2/test2.vhd:]
WARNING: [filemgmt 56-199] Attempt to get parsing info during refresh. "On-the-fly" syntax checking information may be incorrect. [/home/madsr2d2/DTU/dds/as2/02203_A2_code/task2/test2.vhd:]
WARNING: [filemgmt 56-199] Attempt to get parsing info during refresh. "On-the-fly" syntax checking information may be incorrect. [/home/madsr2d2/DTU/dds/as2/02203_A2_code/task2/test2.vhd:]
reset_run synth_1
launch_runs synth_1 -jobs 16
[Fri Oct 25 13:54:21 2024] Launched synth_1...
Run output will be captured here: /home/madsr2d2/DTU/dds/as2/as2_task_0/as2_task_0.runs/synth_1/runme.log
WARNING: [filemgmt 56-199] Attempt to get parsing info during refresh. "On-the-fly" syntax checking information may be incorrect. [/home/madsr2d2/DTU/dds/as2/as2_task1/as2_task1.srcs/sources_1/new/acc.vhd:]
WARNING: [filemgmt 56-199] Attempt to get parsing info during refresh. "On-the-fly" syntax checking information may be incorrect. [/home/madsr2d2/DTU/dds/as2/as2_task1/as2_task1.srcs/sources_1/new/ram_dp.vhd:]
WARNING: [filemgmt 56-199] Attempt to get parsing info during refresh. "On-the-fly" syntax checking information may be incorrect. [/home/madsr2d2/DTU/dds/as2/02203_A2_code/task2/acc2.vhd:]
WARNING: [filemgmt 56-199] Attempt to get parsing info during refresh. "On-the-fly" syntax checking information may be incorrect. [/home/madsr2d2/DTU/dds/as2/02203_A2_code/task2/test2.vhd:]
WARNING: [filemgmt 56-199] Attempt to get parsing info during refresh. "On-the-fly" syntax checking information may be incorrect. [/home/madsr2d2/DTU/dds/as2/as2_task1/as2_task1.srcs/sources_1/new/ram_dp.vhd:]
WARNING: [filemgmt 56-199] Attempt to get parsing info during refresh. "On-the-fly" syntax checking information may be incorrect. [/home/madsr2d2/DTU/dds/as2/as2_task1/as2_task1.srcs/sources_1/new/ram_dp.vhd:]
WARNING: [filemgmt 56-199] Attempt to get parsing info during refresh. "On-the-fly" syntax checking information may be incorrect. [/home/madsr2d2/DTU/dds/as2/as2_task1/as2_task1.srcs/sources_1/new/acc.vhd:]
WARNING: [filemgmt 56-199] Attempt to get parsing info during refresh. "On-the-fly" syntax checking information may be incorrect. [/home/madsr2d2/DTU/dds/as2/as2_task1/as2_task1.srcs/sources_1/new/ram_dp.vhd:]
WARNING: [filemgmt 56-199] Attempt to get parsing info during refresh. "On-the-fly" syntax checking information may be incorrect. [/home/madsr2d2/DTU/dds/as2/02203_A2_code/task2/acc2.vhd:]
WARNING: [filemgmt 56-199] Attempt to get parsing info during refresh. "On-the-fly" syntax checking information may be incorrect. [/home/madsr2d2/DTU/dds/as2/02203_A2_code/task2/test2.vhd:]
WARNING: [filemgmt 56-199] Attempt to get parsing info during refresh. "On-the-fly" syntax checking information may be incorrect. [/home/madsr2d2/DTU/dds/as2/02203_A2_code/task2/test2.vhd:]
WARNING: [filemgmt 56-199] Attempt to get parsing info during refresh. "On-the-fly" syntax checking information may be incorrect. [/home/madsr2d2/DTU/dds/as2/02203_A2_code/task2/test2.vhd:]
reset_run synth_1
launch_runs synth_1 -jobs 16
[Fri Oct 25 13:59:35 2024] Launched synth_1...
Run output will be captured here: /home/madsr2d2/DTU/dds/as2/as2_task_0/as2_task_0.runs/synth_1/runme.log
WARNING: [filemgmt 56-199] Attempt to get parsing info during refresh. "On-the-fly" syntax checking information may be incorrect. [/home/madsr2d2/DTU/dds/as2/02203_A2_code/task2/memory2.vhd:]
WARNING: [filemgmt 56-199] Attempt to get parsing info during refresh. "On-the-fly" syntax checking information may be incorrect. [/home/madsr2d2/DTU/dds/as2/as2_task1/as2_task1.srcs/sources_1/new/acc.vhd:]
WARNING: [filemgmt 56-199] Attempt to get parsing info during refresh. "On-the-fly" syntax checking information may be incorrect. [/home/madsr2d2/DTU/dds/as2/as2_task1/as2_task1.srcs/sources_1/new/ram_dp.vhd:]
WARNING: [filemgmt 56-199] Attempt to get parsing info during refresh. "On-the-fly" syntax checking information may be incorrect. [/home/madsr2d2/DTU/dds/as2/02203_A2_code/task2/acc2.vhd:]
WARNING: [filemgmt 56-199] Attempt to get parsing info during refresh. "On-the-fly" syntax checking information may be incorrect. [/home/madsr2d2/DTU/dds/as2/02203_A2_code/task2/test2.vhd:]
WARNING: [filemgmt 56-199] Attempt to get parsing info during refresh. "On-the-fly" syntax checking information may be incorrect. [/home/madsr2d2/DTU/dds/as2/as2_task1/as2_task1.srcs/sources_1/new/ram_dp.vhd:]
WARNING: [filemgmt 56-199] Attempt to get parsing info during refresh. "On-the-fly" syntax checking information may be incorrect. [/home/madsr2d2/DTU/dds/as2/as2_task1/as2_task1.srcs/sources_1/new/ram_dp.vhd:]
WARNING: [filemgmt 56-199] Attempt to get parsing info during refresh. "On-the-fly" syntax checking information may be incorrect. [/home/madsr2d2/DTU/dds/as2/02203_A2_code/task2/memory2.vhd:]
WARNING: [filemgmt 56-199] Attempt to get parsing info during refresh. "On-the-fly" syntax checking information may be incorrect. [/home/madsr2d2/DTU/dds/as2/as2_task1/as2_task1.srcs/sources_1/new/acc.vhd:]
WARNING: [filemgmt 56-199] Attempt to get parsing info during refresh. "On-the-fly" syntax checking information may be incorrect. [/home/madsr2d2/DTU/dds/as2/as2_task1/as2_task1.srcs/sources_1/new/ram_dp.vhd:]
WARNING: [filemgmt 56-199] Attempt to get parsing info during refresh. "On-the-fly" syntax checking information may be incorrect. [/home/madsr2d2/DTU/dds/as2/02203_A2_code/task2/acc2.vhd:]
WARNING: [filemgmt 56-199] Attempt to get parsing info during refresh. "On-the-fly" syntax checking information may be incorrect. [/home/madsr2d2/DTU/dds/as2/02203_A2_code/task2/test2.vhd:]
WARNING: [filemgmt 56-199] Attempt to get parsing info during refresh. "On-the-fly" syntax checking information may be incorrect. [/home/madsr2d2/DTU/dds/as2/02203_A2_code/task2/test2.vhd:]
WARNING: [filemgmt 56-199] Attempt to get parsing info during refresh. "On-the-fly" syntax checking information may be incorrect. [/home/madsr2d2/DTU/dds/as2/02203_A2_code/task2/test2.vhd:]
WARNING: [filemgmt 56-199] Attempt to get parsing info during refresh. "On-the-fly" syntax checking information may be incorrect. [/home/madsr2d2/DTU/dds/as2/02203_A2_code/task2/memory2.vhd:]
WARNING: [filemgmt 56-199] Attempt to get parsing info during refresh. "On-the-fly" syntax checking information may be incorrect. [/home/madsr2d2/DTU/dds/as2/as2_task1/as2_task1.srcs/sources_1/new/acc.vhd:]
WARNING: [filemgmt 56-199] Attempt to get parsing info during refresh. "On-the-fly" syntax checking information may be incorrect. [/home/madsr2d2/DTU/dds/as2/as2_task1/as2_task1.srcs/sources_1/new/ram_dp.vhd:]
WARNING: [filemgmt 56-199] Attempt to get parsing info during refresh. "On-the-fly" syntax checking information may be incorrect. [/home/madsr2d2/DTU/dds/as2/02203_A2_code/task2/acc2.vhd:]
WARNING: [filemgmt 56-199] Attempt to get parsing info during refresh. "On-the-fly" syntax checking information may be incorrect. [/home/madsr2d2/DTU/dds/as2/02203_A2_code/task2/test2.vhd:]
WARNING: [filemgmt 56-199] Attempt to get parsing info during refresh. "On-the-fly" syntax checking information may be incorrect. [/home/madsr2d2/DTU/dds/as2/02203_A2_code/task2/memory2.vhd:]
WARNING: [filemgmt 56-199] Attempt to get parsing info during refresh. "On-the-fly" syntax checking information may be incorrect. [/home/madsr2d2/DTU/dds/as2/02203_A2_code/task2/memory2.vhd:]
WARNING: [filemgmt 56-199] Attempt to get parsing info during refresh. "On-the-fly" syntax checking information may be incorrect. [/home/madsr2d2/DTU/dds/as2/02203_A2_code/task2/memory2.vhd:]
WARNING: [filemgmt 56-199] Attempt to get parsing info during refresh. "On-the-fly" syntax checking information may be incorrect. [/home/madsr2d2/DTU/dds/as2/as2_task1/as2_task1.srcs/sources_1/new/acc.vhd:]
WARNING: [filemgmt 56-199] Attempt to get parsing info during refresh. "On-the-fly" syntax checking information may be incorrect. [/home/madsr2d2/DTU/dds/as2/as2_task1/as2_task1.srcs/sources_1/new/ram_dp.vhd:]
WARNING: [filemgmt 56-199] Attempt to get parsing info during refresh. "On-the-fly" syntax checking information may be incorrect. [/home/madsr2d2/DTU/dds/as2/02203_A2_code/task2/acc2.vhd:]
WARNING: [filemgmt 56-199] Attempt to get parsing info during refresh. "On-the-fly" syntax checking information may be incorrect. [/home/madsr2d2/DTU/dds/as2/02203_A2_code/task2/test2.vhd:]
WARNING: [filemgmt 56-199] Attempt to get parsing info during refresh. "On-the-fly" syntax checking information may be incorrect. [/home/madsr2d2/DTU/dds/as2/as2_task1/as2_task1.srcs/sources_1/new/ram_dp.vhd:]
WARNING: [filemgmt 56-199] Attempt to get parsing info during refresh. "On-the-fly" syntax checking information may be incorrect. [/home/madsr2d2/DTU/dds/as2/as2_task1/as2_task1.srcs/sources_1/new/ram_dp.vhd:]
WARNING: [filemgmt 56-199] Attempt to get parsing info during refresh. "On-the-fly" syntax checking information may be incorrect. [/home/madsr2d2/DTU/dds/as2/02203_A2_code/task2/memory2.vhd:]
WARNING: [filemgmt 56-199] Attempt to get parsing info during refresh. "On-the-fly" syntax checking information may be incorrect. [/home/madsr2d2/DTU/dds/as2/as2_task1/as2_task1.srcs/sources_1/new/acc.vhd:]
WARNING: [filemgmt 56-199] Attempt to get parsing info during refresh. "On-the-fly" syntax checking information may be incorrect. [/home/madsr2d2/DTU/dds/as2/as2_task1/as2_task1.srcs/sources_1/new/ram_dp.vhd:]
WARNING: [filemgmt 56-199] Attempt to get parsing info during refresh. "On-the-fly" syntax checking information may be incorrect. [/home/madsr2d2/DTU/dds/as2/02203_A2_code/task2/acc2.vhd:]
WARNING: [filemgmt 56-199] Attempt to get parsing info during refresh. "On-the-fly" syntax checking information may be incorrect. [/home/madsr2d2/DTU/dds/as2/02203_A2_code/task2/test2.vhd:]
WARNING: [filemgmt 56-199] Attempt to get parsing info during refresh. "On-the-fly" syntax checking information may be incorrect. [/home/madsr2d2/DTU/dds/as2/02203_A2_code/task2/test2.vhd:]
WARNING: [filemgmt 56-199] Attempt to get parsing info during refresh. "On-the-fly" syntax checking information may be incorrect. [/home/madsr2d2/DTU/dds/as2/02203_A2_code/task2/test2.vhd:]
WARNING: [filemgmt 56-199] Attempt to get parsing info during refresh. "On-the-fly" syntax checking information may be incorrect. [/home/madsr2d2/DTU/dds/as2/02203_A2_code/task2/memory2.vhd:]
WARNING: [filemgmt 56-199] Attempt to get parsing info during refresh. "On-the-fly" syntax checking information may be incorrect. [/home/madsr2d2/DTU/dds/as2/as2_task1/as2_task1.srcs/sources_1/new/acc.vhd:]
WARNING: [filemgmt 56-199] Attempt to get parsing info during refresh. "On-the-fly" syntax checking information may be incorrect. [/home/madsr2d2/DTU/dds/as2/as2_task1/as2_task1.srcs/sources_1/new/ram_dp.vhd:]
WARNING: [filemgmt 56-199] Attempt to get parsing info during refresh. "On-the-fly" syntax checking information may be incorrect. [/home/madsr2d2/DTU/dds/as2/02203_A2_code/task2/acc2.vhd:]
WARNING: [filemgmt 56-199] Attempt to get parsing info during refresh. "On-the-fly" syntax checking information may be incorrect. [/home/madsr2d2/DTU/dds/as2/02203_A2_code/task2/test2.vhd:]
WARNING: [filemgmt 56-199] Attempt to get parsing info during refresh. "On-the-fly" syntax checking information may be incorrect. [/home/madsr2d2/DTU/dds/as2/02203_A2_code/task2/memory2.vhd:]
WARNING: [filemgmt 56-199] Attempt to get parsing info during refresh. "On-the-fly" syntax checking information may be incorrect. [/home/madsr2d2/DTU/dds/as2/02203_A2_code/task2/memory2.vhd:]
WARNING: [filemgmt 56-199] Attempt to get parsing info during refresh. "On-the-fly" syntax checking information may be incorrect. [/home/madsr2d2/DTU/dds/as2/02203_A2_code/task2/memory2.vhd:]
WARNING: [filemgmt 56-199] Attempt to get parsing info during refresh. "On-the-fly" syntax checking information may be incorrect. [/home/madsr2d2/DTU/dds/as2/as2_task1/as2_task1.srcs/sources_1/new/acc.vhd:]
WARNING: [filemgmt 56-199] Attempt to get parsing info during refresh. "On-the-fly" syntax checking information may be incorrect. [/home/madsr2d2/DTU/dds/as2/as2_task1/as2_task1.srcs/sources_1/new/ram_dp.vhd:]
WARNING: [filemgmt 56-199] Attempt to get parsing info during refresh. "On-the-fly" syntax checking information may be incorrect. [/home/madsr2d2/DTU/dds/as2/02203_A2_code/task2/acc2.vhd:]
WARNING: [filemgmt 56-199] Attempt to get parsing info during refresh. "On-the-fly" syntax checking information may be incorrect. [/home/madsr2d2/DTU/dds/as2/02203_A2_code/task2/test2.vhd:]
WARNING: [filemgmt 56-199] Attempt to get parsing info during refresh. "On-the-fly" syntax checking information may be incorrect. [/home/madsr2d2/DTU/dds/as2/as2_task1/as2_task1.srcs/sources_1/new/ram_dp.vhd:]
WARNING: [filemgmt 56-199] Attempt to get parsing info during refresh. "On-the-fly" syntax checking information may be incorrect. [/home/madsr2d2/DTU/dds/as2/as2_task1/as2_task1.srcs/sources_1/new/ram_dp.vhd:]
WARNING: [filemgmt 56-199] Attempt to get parsing info during refresh. "On-the-fly" syntax checking information may be incorrect. [/home/madsr2d2/DTU/dds/as2/02203_A2_code/task2/memory2.vhd:]
WARNING: [filemgmt 56-199] Attempt to get parsing info during refresh. "On-the-fly" syntax checking information may be incorrect. [/home/madsr2d2/DTU/dds/as2/as2_task1/as2_task1.srcs/sources_1/new/acc.vhd:]
WARNING: [filemgmt 56-199] Attempt to get parsing info during refresh. "On-the-fly" syntax checking information may be incorrect. [/home/madsr2d2/DTU/dds/as2/as2_task1/as2_task1.srcs/sources_1/new/ram_dp.vhd:]
WARNING: [filemgmt 56-199] Attempt to get parsing info during refresh. "On-the-fly" syntax checking information may be incorrect. [/home/madsr2d2/DTU/dds/as2/02203_A2_code/task2/acc2.vhd:]
WARNING: [filemgmt 56-199] Attempt to get parsing info during refresh. "On-the-fly" syntax checking information may be incorrect. [/home/madsr2d2/DTU/dds/as2/02203_A2_code/task2/test2.vhd:]
WARNING: [filemgmt 56-199] Attempt to get parsing info during refresh. "On-the-fly" syntax checking information may be incorrect. [/home/madsr2d2/DTU/dds/as2/02203_A2_code/task2/test2.vhd:]
WARNING: [filemgmt 56-199] Attempt to get parsing info during refresh. "On-the-fly" syntax checking information may be incorrect. [/home/madsr2d2/DTU/dds/as2/02203_A2_code/task2/test2.vhd:]
WARNING: [filemgmt 56-199] Attempt to get parsing info during refresh. "On-the-fly" syntax checking information may be incorrect. [/home/madsr2d2/DTU/dds/as2/02203_A2_code/task2/memory2.vhd:]
WARNING: [filemgmt 56-199] Attempt to get parsing info during refresh. "On-the-fly" syntax checking information may be incorrect. [/home/madsr2d2/DTU/dds/as2/as2_task1/as2_task1.srcs/sources_1/new/acc.vhd:]
WARNING: [filemgmt 56-199] Attempt to get parsing info during refresh. "On-the-fly" syntax checking information may be incorrect. [/home/madsr2d2/DTU/dds/as2/as2_task1/as2_task1.srcs/sources_1/new/ram_dp.vhd:]
WARNING: [filemgmt 56-199] Attempt to get parsing info during refresh. "On-the-fly" syntax checking information may be incorrect. [/home/madsr2d2/DTU/dds/as2/02203_A2_code/task2/acc2.vhd:]
WARNING: [filemgmt 56-199] Attempt to get parsing info during refresh. "On-the-fly" syntax checking information may be incorrect. [/home/madsr2d2/DTU/dds/as2/02203_A2_code/task2/test2.vhd:]
WARNING: [filemgmt 56-199] Attempt to get parsing info during refresh. "On-the-fly" syntax checking information may be incorrect. [/home/madsr2d2/DTU/dds/as2/02203_A2_code/task2/memory2.vhd:]
WARNING: [filemgmt 56-199] Attempt to get parsing info during refresh. "On-the-fly" syntax checking information may be incorrect. [/home/madsr2d2/DTU/dds/as2/02203_A2_code/task2/memory2.vhd:]
WARNING: [filemgmt 56-199] Attempt to get parsing info during refresh. "On-the-fly" syntax checking information may be incorrect. [/home/madsr2d2/DTU/dds/as2/02203_A2_code/task2/memory2.vhd:]
WARNING: [filemgmt 56-199] Attempt to get parsing info during refresh. "On-the-fly" syntax checking information may be incorrect. [/home/madsr2d2/DTU/dds/as2/as2_task1/as2_task1.srcs/sources_1/new/acc.vhd:]
WARNING: [filemgmt 56-199] Attempt to get parsing info during refresh. "On-the-fly" syntax checking information may be incorrect. [/home/madsr2d2/DTU/dds/as2/as2_task1/as2_task1.srcs/sources_1/new/ram_dp.vhd:]
WARNING: [filemgmt 56-199] Attempt to get parsing info during refresh. "On-the-fly" syntax checking information may be incorrect. [/home/madsr2d2/DTU/dds/as2/02203_A2_code/task2/acc2.vhd:]
WARNING: [filemgmt 56-199] Attempt to get parsing info during refresh. "On-the-fly" syntax checking information may be incorrect. [/home/madsr2d2/DTU/dds/as2/02203_A2_code/task2/test2.vhd:]
WARNING: [filemgmt 56-199] Attempt to get parsing info during refresh. "On-the-fly" syntax checking information may be incorrect. [/home/madsr2d2/DTU/dds/as2/as2_task1/as2_task1.srcs/sources_1/new/acc.vhd:]
WARNING: [filemgmt 56-199] Attempt to get parsing info during refresh. "On-the-fly" syntax checking information may be incorrect. [/home/madsr2d2/DTU/dds/as2/as2_task1/as2_task1.srcs/sources_1/new/acc.vhd:]
WARNING: [filemgmt 56-199] Attempt to get parsing info during refresh. "On-the-fly" syntax checking information may be incorrect. [/home/madsr2d2/DTU/dds/as2/02203_A2_code/task2/memory2.vhd:]
WARNING: [filemgmt 56-199] Attempt to get parsing info during refresh. "On-the-fly" syntax checking information may be incorrect. [/home/madsr2d2/DTU/dds/as2/as2_task1/as2_task1.srcs/sources_1/new/acc.vhd:]
WARNING: [filemgmt 56-199] Attempt to get parsing info during refresh. "On-the-fly" syntax checking information may be incorrect. [/home/madsr2d2/DTU/dds/as2/as2_task1/as2_task1.srcs/sources_1/new/ram_dp.vhd:]
WARNING: [filemgmt 56-199] Attempt to get parsing info during refresh. "On-the-fly" syntax checking information may be incorrect. [/home/madsr2d2/DTU/dds/as2/02203_A2_code/task2/acc2.vhd:]
WARNING: [filemgmt 56-199] Attempt to get parsing info during refresh. "On-the-fly" syntax checking information may be incorrect. [/home/madsr2d2/DTU/dds/as2/02203_A2_code/task2/test2.vhd:]
WARNING: [filemgmt 56-199] Attempt to get parsing info during refresh. "On-the-fly" syntax checking information may be incorrect. [/home/madsr2d2/DTU/dds/as2/as2_task1/as2_task1.srcs/sources_1/new/ram_dp.vhd:]
WARNING: [filemgmt 56-199] Attempt to get parsing info during refresh. "On-the-fly" syntax checking information may be incorrect. [/home/madsr2d2/DTU/dds/as2/as2_task1/as2_task1.srcs/sources_1/new/ram_dp.vhd:]
WARNING: [filemgmt 56-199] Attempt to get parsing info during refresh. "On-the-fly" syntax checking information may be incorrect. [/home/madsr2d2/DTU/dds/as2/02203_A2_code/task2/memory2.vhd:]
WARNING: [filemgmt 56-199] Attempt to get parsing info during refresh. "On-the-fly" syntax checking information may be incorrect. [/home/madsr2d2/DTU/dds/as2/as2_task1/as2_task1.srcs/sources_1/new/acc.vhd:]
WARNING: [filemgmt 56-199] Attempt to get parsing info during refresh. "On-the-fly" syntax checking information may be incorrect. [/home/madsr2d2/DTU/dds/as2/as2_task1/as2_task1.srcs/sources_1/new/ram_dp.vhd:]
WARNING: [filemgmt 56-199] Attempt to get parsing info during refresh. "On-the-fly" syntax checking information may be incorrect. [/home/madsr2d2/DTU/dds/as2/02203_A2_code/task2/acc2.vhd:]
WARNING: [filemgmt 56-199] Attempt to get parsing info during refresh. "On-the-fly" syntax checking information may be incorrect. [/home/madsr2d2/DTU/dds/as2/02203_A2_code/task2/test2.vhd:]
WARNING: [filemgmt 56-199] Attempt to get parsing info during refresh. "On-the-fly" syntax checking information may be incorrect. [/home/madsr2d2/DTU/dds/as2/as2_task1/as2_task1.srcs/sources_1/new/acc.vhd:]
WARNING: [filemgmt 56-199] Attempt to get parsing info during refresh. "On-the-fly" syntax checking information may be incorrect. [/home/madsr2d2/DTU/dds/as2/as2_task1/as2_task1.srcs/sources_1/new/acc.vhd:]
WARNING: [filemgmt 56-199] Attempt to get parsing info during refresh. "On-the-fly" syntax checking information may be incorrect. [/home/madsr2d2/DTU/dds/as2/02203_A2_code/task2/memory2.vhd:]
WARNING: [filemgmt 56-199] Attempt to get parsing info during refresh. "On-the-fly" syntax checking information may be incorrect. [/home/madsr2d2/DTU/dds/as2/as2_task1/as2_task1.srcs/sources_1/new/acc.vhd:]
WARNING: [filemgmt 56-199] Attempt to get parsing info during refresh. "On-the-fly" syntax checking information may be incorrect. [/home/madsr2d2/DTU/dds/as2/as2_task1/as2_task1.srcs/sources_1/new/ram_dp.vhd:]
WARNING: [filemgmt 56-199] Attempt to get parsing info during refresh. "On-the-fly" syntax checking information may be incorrect. [/home/madsr2d2/DTU/dds/as2/02203_A2_code/task2/acc2.vhd:]
WARNING: [filemgmt 56-199] Attempt to get parsing info during refresh. "On-the-fly" syntax checking information may be incorrect. [/home/madsr2d2/DTU/dds/as2/02203_A2_code/task2/test2.vhd:]
WARNING: [filemgmt 56-199] Attempt to get parsing info during refresh. "On-the-fly" syntax checking information may be incorrect. [/home/madsr2d2/DTU/dds/as2/02203_A2_code/task2/test2.vhd:]
WARNING: [filemgmt 56-199] Attempt to get parsing info during refresh. "On-the-fly" syntax checking information may be incorrect. [/home/madsr2d2/DTU/dds/as2/02203_A2_code/task2/test2.vhd:]
WARNING: [filemgmt 56-199] Attempt to get parsing info during refresh. "On-the-fly" syntax checking information may be incorrect. [/home/madsr2d2/DTU/dds/as2/02203_A2_code/task2/memory2.vhd:]
WARNING: [filemgmt 56-199] Attempt to get parsing info during refresh. "On-the-fly" syntax checking information may be incorrect. [/home/madsr2d2/DTU/dds/as2/as2_task1/as2_task1.srcs/sources_1/new/acc.vhd:]
WARNING: [filemgmt 56-199] Attempt to get parsing info during refresh. "On-the-fly" syntax checking information may be incorrect. [/home/madsr2d2/DTU/dds/as2/as2_task1/as2_task1.srcs/sources_1/new/ram_dp.vhd:]
WARNING: [filemgmt 56-199] Attempt to get parsing info during refresh. "On-the-fly" syntax checking information may be incorrect. [/home/madsr2d2/DTU/dds/as2/02203_A2_code/task2/acc2.vhd:]
WARNING: [filemgmt 56-199] Attempt to get parsing info during refresh. "On-the-fly" syntax checking information may be incorrect. [/home/madsr2d2/DTU/dds/as2/02203_A2_code/task2/test2.vhd:]
WARNING: [filemgmt 56-199] Attempt to get parsing info during refresh. "On-the-fly" syntax checking information may be incorrect. [/home/madsr2d2/DTU/dds/as2/as2_task1/as2_task1.srcs/sources_1/new/ram_dp.vhd:]
WARNING: [filemgmt 56-199] Attempt to get parsing info during refresh. "On-the-fly" syntax checking information may be incorrect. [/home/madsr2d2/DTU/dds/as2/as2_task1/as2_task1.srcs/sources_1/new/ram_dp.vhd:]
WARNING: [filemgmt 56-199] Attempt to get parsing info during refresh. "On-the-fly" syntax checking information may be incorrect. [/home/madsr2d2/DTU/dds/as2/02203_A2_code/task2/memory2.vhd:]
WARNING: [filemgmt 56-199] Attempt to get parsing info during refresh. "On-the-fly" syntax checking information may be incorrect. [/home/madsr2d2/DTU/dds/as2/as2_task1/as2_task1.srcs/sources_1/new/acc.vhd:]
WARNING: [filemgmt 56-199] Attempt to get parsing info during refresh. "On-the-fly" syntax checking information may be incorrect. [/home/madsr2d2/DTU/dds/as2/as2_task1/as2_task1.srcs/sources_1/new/ram_dp.vhd:]
WARNING: [filemgmt 56-199] Attempt to get parsing info during refresh. "On-the-fly" syntax checking information may be incorrect. [/home/madsr2d2/DTU/dds/as2/02203_A2_code/task2/acc2.vhd:]
WARNING: [filemgmt 56-199] Attempt to get parsing info during refresh. "On-the-fly" syntax checking information may be incorrect. [/home/madsr2d2/DTU/dds/as2/02203_A2_code/task2/test2.vhd:]
WARNING: [filemgmt 56-199] Attempt to get parsing info during refresh. "On-the-fly" syntax checking information may be incorrect. [/home/madsr2d2/DTU/dds/as2/02203_A2_code/task2/test2.vhd:]
WARNING: [filemgmt 56-199] Attempt to get parsing info during refresh. "On-the-fly" syntax checking information may be incorrect. [/home/madsr2d2/DTU/dds/as2/02203_A2_code/task2/test2.vhd:]
WARNING: [filemgmt 56-199] Attempt to get parsing info during refresh. "On-the-fly" syntax checking information may be incorrect. [/home/madsr2d2/DTU/dds/as2/02203_A2_code/task2/memory2.vhd:]
WARNING: [filemgmt 56-199] Attempt to get parsing info during refresh. "On-the-fly" syntax checking information may be incorrect. [/home/madsr2d2/DTU/dds/as2/as2_task1/as2_task1.srcs/sources_1/new/acc.vhd:]
WARNING: [filemgmt 56-199] Attempt to get parsing info during refresh. "On-the-fly" syntax checking information may be incorrect. [/home/madsr2d2/DTU/dds/as2/as2_task1/as2_task1.srcs/sources_1/new/ram_dp.vhd:]
WARNING: [filemgmt 56-199] Attempt to get parsing info during refresh. "On-the-fly" syntax checking information may be incorrect. [/home/madsr2d2/DTU/dds/as2/02203_A2_code/task2/acc2.vhd:]
WARNING: [filemgmt 56-199] Attempt to get parsing info during refresh. "On-the-fly" syntax checking information may be incorrect. [/home/madsr2d2/DTU/dds/as2/02203_A2_code/task2/test2.vhd:]
WARNING: [filemgmt 56-199] Attempt to get parsing info during refresh. "On-the-fly" syntax checking information may be incorrect. [/home/madsr2d2/DTU/dds/as2/02203_A2_code/task2/memory2.vhd:]
WARNING: [filemgmt 56-199] Attempt to get parsing info during refresh. "On-the-fly" syntax checking information may be incorrect. [/home/madsr2d2/DTU/dds/as2/02203_A2_code/task2/memory2.vhd:]
reset_run synth_1
launch_runs synth_1 -jobs 16
CRITICAL WARNING: [HDL 9-1206] Syntax error near 'signal' [/home/madsr2d2/DTU/dds/as2/02203_A2_code/task2/memory2.vhd:74]
CRITICAL WARNING: [HDL 9-1206] Syntax error near ':=' [/home/madsr2d2/DTU/dds/as2/02203_A2_code/task2/memory2.vhd:74]
CRITICAL WARNING: [HDL 9-1206] Syntax error near 'begin' [/home/madsr2d2/DTU/dds/as2/02203_A2_code/task2/memory2.vhd:76]
[Fri Oct 25 14:49:35 2024] Launched synth_1...
Run output will be captured here: /home/madsr2d2/DTU/dds/as2/as2_task_0/as2_task_0.runs/synth_1/runme.log
WARNING: [filemgmt 56-199] Attempt to get parsing info during refresh. "On-the-fly" syntax checking information may be incorrect. [/home/madsr2d2/DTU/dds/as2/02203_A2_code/task2/memory2.vhd:]
WARNING: [filemgmt 56-199] Attempt to get parsing info during refresh. "On-the-fly" syntax checking information may be incorrect. [/home/madsr2d2/DTU/dds/as2/as2_task1/as2_task1.srcs/sources_1/new/acc.vhd:]
WARNING: [filemgmt 56-199] Attempt to get parsing info during refresh. "On-the-fly" syntax checking information may be incorrect. [/home/madsr2d2/DTU/dds/as2/as2_task1/as2_task1.srcs/sources_1/new/ram_dp.vhd:]
WARNING: [filemgmt 56-199] Attempt to get parsing info during refresh. "On-the-fly" syntax checking information may be incorrect. [/home/madsr2d2/DTU/dds/as2/02203_A2_code/task2/acc2.vhd:]
WARNING: [filemgmt 56-199] Attempt to get parsing info during refresh. "On-the-fly" syntax checking information may be incorrect. [/home/madsr2d2/DTU/dds/as2/02203_A2_code/task2/test2.vhd:]
WARNING: [filemgmt 56-199] Attempt to get parsing info during refresh. "On-the-fly" syntax checking information may be incorrect. [/home/madsr2d2/DTU/dds/as2/as2_task1/as2_task1.srcs/sources_1/new/acc.vhd:]
WARNING: [filemgmt 56-199] Attempt to get parsing info during refresh. "On-the-fly" syntax checking information may be incorrect. [/home/madsr2d2/DTU/dds/as2/as2_task1/as2_task1.srcs/sources_1/new/acc.vhd:]
WARNING: [filemgmt 56-199] Attempt to get parsing info during refresh. "On-the-fly" syntax checking information may be incorrect. [/home/madsr2d2/DTU/dds/as2/02203_A2_code/task2/memory2.vhd:]
WARNING: [filemgmt 56-199] Attempt to get parsing info during refresh. "On-the-fly" syntax checking information may be incorrect. [/home/madsr2d2/DTU/dds/as2/as2_task1/as2_task1.srcs/sources_1/new/acc.vhd:]
WARNING: [filemgmt 56-199] Attempt to get parsing info during refresh. "On-the-fly" syntax checking information may be incorrect. [/home/madsr2d2/DTU/dds/as2/as2_task1/as2_task1.srcs/sources_1/new/ram_dp.vhd:]
WARNING: [filemgmt 56-199] Attempt to get parsing info during refresh. "On-the-fly" syntax checking information may be incorrect. [/home/madsr2d2/DTU/dds/as2/02203_A2_code/task2/acc2.vhd:]
WARNING: [filemgmt 56-199] Attempt to get parsing info during refresh. "On-the-fly" syntax checking information may be incorrect. [/home/madsr2d2/DTU/dds/as2/02203_A2_code/task2/test2.vhd:]
WARNING: [filemgmt 56-199] Attempt to get parsing info during refresh. "On-the-fly" syntax checking information may be incorrect. [/home/madsr2d2/DTU/dds/as2/02203_A2_code/task2/test2.vhd:]
WARNING: [filemgmt 56-199] Attempt to get parsing info during refresh. "On-the-fly" syntax checking information may be incorrect. [/home/madsr2d2/DTU/dds/as2/02203_A2_code/task2/test2.vhd:]
WARNING: [filemgmt 56-199] Attempt to get parsing info during refresh. "On-the-fly" syntax checking information may be incorrect. [/home/madsr2d2/DTU/dds/as2/02203_A2_code/task2/memory2.vhd:]
WARNING: [filemgmt 56-199] Attempt to get parsing info during refresh. "On-the-fly" syntax checking information may be incorrect. [/home/madsr2d2/DTU/dds/as2/as2_task1/as2_task1.srcs/sources_1/new/acc.vhd:]
WARNING: [filemgmt 56-199] Attempt to get parsing info during refresh. "On-the-fly" syntax checking information may be incorrect. [/home/madsr2d2/DTU/dds/as2/as2_task1/as2_task1.srcs/sources_1/new/ram_dp.vhd:]
WARNING: [filemgmt 56-199] Attempt to get parsing info during refresh. "On-the-fly" syntax checking information may be incorrect. [/home/madsr2d2/DTU/dds/as2/02203_A2_code/task2/acc2.vhd:]
WARNING: [filemgmt 56-199] Attempt to get parsing info during refresh. "On-the-fly" syntax checking information may be incorrect. [/home/madsr2d2/DTU/dds/as2/02203_A2_code/task2/test2.vhd:]
WARNING: [filemgmt 56-199] Attempt to get parsing info during refresh. "On-the-fly" syntax checking information may be incorrect. [/home/madsr2d2/DTU/dds/as2/02203_A2_code/task2/memory2.vhd:]
WARNING: [filemgmt 56-199] Attempt to get parsing info during refresh. "On-the-fly" syntax checking information may be incorrect. [/home/madsr2d2/DTU/dds/as2/02203_A2_code/task2/memory2.vhd:]
WARNING: [filemgmt 56-199] Attempt to get parsing info during refresh. "On-the-fly" syntax checking information may be incorrect. [/home/madsr2d2/DTU/dds/as2/02203_A2_code/task2/memory2.vhd:]
WARNING: [filemgmt 56-199] Attempt to get parsing info during refresh. "On-the-fly" syntax checking information may be incorrect. [/home/madsr2d2/DTU/dds/as2/as2_task1/as2_task1.srcs/sources_1/new/acc.vhd:]
WARNING: [filemgmt 56-199] Attempt to get parsing info during refresh. "On-the-fly" syntax checking information may be incorrect. [/home/madsr2d2/DTU/dds/as2/as2_task1/as2_task1.srcs/sources_1/new/ram_dp.vhd:]
WARNING: [filemgmt 56-199] Attempt to get parsing info during refresh. "On-the-fly" syntax checking information may be incorrect. [/home/madsr2d2/DTU/dds/as2/02203_A2_code/task2/acc2.vhd:]
WARNING: [filemgmt 56-199] Attempt to get parsing info during refresh. "On-the-fly" syntax checking information may be incorrect. [/home/madsr2d2/DTU/dds/as2/02203_A2_code/task2/test2.vhd:]
WARNING: [filemgmt 56-199] Attempt to get parsing info during refresh. "On-the-fly" syntax checking information may be incorrect. [/home/madsr2d2/DTU/dds/as2/as2_task1/as2_task1.srcs/sources_1/new/acc.vhd:]
WARNING: [filemgmt 56-199] Attempt to get parsing info during refresh. "On-the-fly" syntax checking information may be incorrect. [/home/madsr2d2/DTU/dds/as2/as2_task1/as2_task1.srcs/sources_1/new/acc.vhd:]
WARNING: [filemgmt 56-199] Attempt to get parsing info during refresh. "On-the-fly" syntax checking information may be incorrect. [/home/madsr2d2/DTU/dds/as2/02203_A2_code/task2/memory2.vhd:]
WARNING: [filemgmt 56-199] Attempt to get parsing info during refresh. "On-the-fly" syntax checking information may be incorrect. [/home/madsr2d2/DTU/dds/as2/as2_task1/as2_task1.srcs/sources_1/new/acc.vhd:]
WARNING: [filemgmt 56-199] Attempt to get parsing info during refresh. "On-the-fly" syntax checking information may be incorrect. [/home/madsr2d2/DTU/dds/as2/as2_task1/as2_task1.srcs/sources_1/new/ram_dp.vhd:]
WARNING: [filemgmt 56-199] Attempt to get parsing info during refresh. "On-the-fly" syntax checking information may be incorrect. [/home/madsr2d2/DTU/dds/as2/02203_A2_code/task2/acc2.vhd:]
WARNING: [filemgmt 56-199] Attempt to get parsing info during refresh. "On-the-fly" syntax checking information may be incorrect. [/home/madsr2d2/DTU/dds/as2/02203_A2_code/task2/test2.vhd:]
WARNING: [filemgmt 56-199] Attempt to get parsing info during refresh. "On-the-fly" syntax checking information may be incorrect. [/home/madsr2d2/DTU/dds/as2/02203_A2_code/task2/test2.vhd:]
WARNING: [filemgmt 56-199] Attempt to get parsing info during refresh. "On-the-fly" syntax checking information may be incorrect. [/home/madsr2d2/DTU/dds/as2/02203_A2_code/task2/test2.vhd:]
WARNING: [filemgmt 56-199] Attempt to get parsing info during refresh. "On-the-fly" syntax checking information may be incorrect. [/home/madsr2d2/DTU/dds/as2/02203_A2_code/task2/memory2.vhd:]
WARNING: [filemgmt 56-199] Attempt to get parsing info during refresh. "On-the-fly" syntax checking information may be incorrect. [/home/madsr2d2/DTU/dds/as2/as2_task1/as2_task1.srcs/sources_1/new/acc.vhd:]
WARNING: [filemgmt 56-199] Attempt to get parsing info during refresh. "On-the-fly" syntax checking information may be incorrect. [/home/madsr2d2/DTU/dds/as2/as2_task1/as2_task1.srcs/sources_1/new/ram_dp.vhd:]
WARNING: [filemgmt 56-199] Attempt to get parsing info during refresh. "On-the-fly" syntax checking information may be incorrect. [/home/madsr2d2/DTU/dds/as2/02203_A2_code/task2/acc2.vhd:]
WARNING: [filemgmt 56-199] Attempt to get parsing info during refresh. "On-the-fly" syntax checking information may be incorrect. [/home/madsr2d2/DTU/dds/as2/02203_A2_code/task2/test2.vhd:]
WARNING: [filemgmt 56-199] Attempt to get parsing info during refresh. "On-the-fly" syntax checking information may be incorrect. [/home/madsr2d2/DTU/dds/as2/as2_task1/as2_task1.srcs/sources_1/new/ram_dp.vhd:]
WARNING: [filemgmt 56-199] Attempt to get parsing info during refresh. "On-the-fly" syntax checking information may be incorrect. [/home/madsr2d2/DTU/dds/as2/as2_task1/as2_task1.srcs/sources_1/new/ram_dp.vhd:]
WARNING: [filemgmt 56-199] Attempt to get parsing info during refresh. "On-the-fly" syntax checking information may be incorrect. [/home/madsr2d2/DTU/dds/as2/02203_A2_code/task2/memory2.vhd:]
WARNING: [filemgmt 56-199] Attempt to get parsing info during refresh. "On-the-fly" syntax checking information may be incorrect. [/home/madsr2d2/DTU/dds/as2/as2_task1/as2_task1.srcs/sources_1/new/acc.vhd:]
WARNING: [filemgmt 56-199] Attempt to get parsing info during refresh. "On-the-fly" syntax checking information may be incorrect. [/home/madsr2d2/DTU/dds/as2/as2_task1/as2_task1.srcs/sources_1/new/ram_dp.vhd:]
WARNING: [filemgmt 56-199] Attempt to get parsing info during refresh. "On-the-fly" syntax checking information may be incorrect. [/home/madsr2d2/DTU/dds/as2/02203_A2_code/task2/acc2.vhd:]
WARNING: [filemgmt 56-199] Attempt to get parsing info during refresh. "On-the-fly" syntax checking information may be incorrect. [/home/madsr2d2/DTU/dds/as2/02203_A2_code/task2/test2.vhd:]
WARNING: [filemgmt 56-199] Attempt to get parsing info during refresh. "On-the-fly" syntax checking information may be incorrect. [/home/madsr2d2/DTU/dds/as2/as2_task1/as2_task1.srcs/sources_1/new/ram_dp.vhd:]
WARNING: [filemgmt 56-199] Attempt to get parsing info during refresh. "On-the-fly" syntax checking information may be incorrect. [/home/madsr2d2/DTU/dds/as2/as2_task1/as2_task1.srcs/sources_1/new/ram_dp.vhd:]
WARNING: [filemgmt 56-199] Attempt to get parsing info during refresh. "On-the-fly" syntax checking information may be incorrect. [/home/madsr2d2/DTU/dds/as2/02203_A2_code/task2/memory2.vhd:]
WARNING: [filemgmt 56-199] Attempt to get parsing info during refresh. "On-the-fly" syntax checking information may be incorrect. [/home/madsr2d2/DTU/dds/as2/as2_task1/as2_task1.srcs/sources_1/new/acc.vhd:]
WARNING: [filemgmt 56-199] Attempt to get parsing info during refresh. "On-the-fly" syntax checking information may be incorrect. [/home/madsr2d2/DTU/dds/as2/as2_task1/as2_task1.srcs/sources_1/new/ram_dp.vhd:]
WARNING: [filemgmt 56-199] Attempt to get parsing info during refresh. "On-the-fly" syntax checking information may be incorrect. [/home/madsr2d2/DTU/dds/as2/02203_A2_code/task2/acc2.vhd:]
WARNING: [filemgmt 56-199] Attempt to get parsing info during refresh. "On-the-fly" syntax checking information may be incorrect. [/home/madsr2d2/DTU/dds/as2/02203_A2_code/task2/test2.vhd:]
WARNING: [filemgmt 56-199] Attempt to get parsing info during refresh. "On-the-fly" syntax checking information may be incorrect. [/home/madsr2d2/DTU/dds/as2/02203_A2_code/task2/test2.vhd:]
WARNING: [filemgmt 56-199] Attempt to get parsing info during refresh. "On-the-fly" syntax checking information may be incorrect. [/home/madsr2d2/DTU/dds/as2/02203_A2_code/task2/test2.vhd:]
WARNING: [filemgmt 56-199] Attempt to get parsing info during refresh. "On-the-fly" syntax checking information may be incorrect. [/home/madsr2d2/DTU/dds/as2/02203_A2_code/task2/memory2.vhd:]
WARNING: [filemgmt 56-199] Attempt to get parsing info during refresh. "On-the-fly" syntax checking information may be incorrect. [/home/madsr2d2/DTU/dds/as2/as2_task1/as2_task1.srcs/sources_1/new/acc.vhd:]
WARNING: [filemgmt 56-199] Attempt to get parsing info during refresh. "On-the-fly" syntax checking information may be incorrect. [/home/madsr2d2/DTU/dds/as2/as2_task1/as2_task1.srcs/sources_1/new/ram_dp.vhd:]
WARNING: [filemgmt 56-199] Attempt to get parsing info during refresh. "On-the-fly" syntax checking information may be incorrect. [/home/madsr2d2/DTU/dds/as2/02203_A2_code/task2/acc2.vhd:]
WARNING: [filemgmt 56-199] Attempt to get parsing info during refresh. "On-the-fly" syntax checking information may be incorrect. [/home/madsr2d2/DTU/dds/as2/02203_A2_code/task2/test2.vhd:]
WARNING: [filemgmt 56-199] Attempt to get parsing info during refresh. "On-the-fly" syntax checking information may be incorrect. [/home/madsr2d2/DTU/dds/as2/02203_A2_code/task2/memory2.vhd:]
WARNING: [filemgmt 56-199] Attempt to get parsing info during refresh. "On-the-fly" syntax checking information may be incorrect. [/home/madsr2d2/DTU/dds/as2/02203_A2_code/task2/memory2.vhd:]
WARNING: [filemgmt 56-199] Attempt to get parsing info during refresh. "On-the-fly" syntax checking information may be incorrect. [/home/madsr2d2/DTU/dds/as2/02203_A2_code/task2/memory2.vhd:]
WARNING: [filemgmt 56-199] Attempt to get parsing info during refresh. "On-the-fly" syntax checking information may be incorrect. [/home/madsr2d2/DTU/dds/as2/as2_task1/as2_task1.srcs/sources_1/new/acc.vhd:]
WARNING: [filemgmt 56-199] Attempt to get parsing info during refresh. "On-the-fly" syntax checking information may be incorrect. [/home/madsr2d2/DTU/dds/as2/as2_task1/as2_task1.srcs/sources_1/new/ram_dp.vhd:]
WARNING: [filemgmt 56-199] Attempt to get parsing info during refresh. "On-the-fly" syntax checking information may be incorrect. [/home/madsr2d2/DTU/dds/as2/02203_A2_code/task2/acc2.vhd:]
WARNING: [filemgmt 56-199] Attempt to get parsing info during refresh. "On-the-fly" syntax checking information may be incorrect. [/home/madsr2d2/DTU/dds/as2/02203_A2_code/task2/test2.vhd:]
WARNING: [filemgmt 56-199] Attempt to get parsing info during refresh. "On-the-fly" syntax checking information may be incorrect. [/home/madsr2d2/DTU/dds/as2/as2_task1/as2_task1.srcs/sources_1/new/ram_dp.vhd:]
WARNING: [filemgmt 56-199] Attempt to get parsing info during refresh. "On-the-fly" syntax checking information may be incorrect. [/home/madsr2d2/DTU/dds/as2/as2_task1/as2_task1.srcs/sources_1/new/ram_dp.vhd:]
WARNING: [filemgmt 56-199] Attempt to get parsing info during refresh. "On-the-fly" syntax checking information may be incorrect. [/home/madsr2d2/DTU/dds/as2/02203_A2_code/task2/memory2.vhd:]
WARNING: [filemgmt 56-199] Attempt to get parsing info during refresh. "On-the-fly" syntax checking information may be incorrect. [/home/madsr2d2/DTU/dds/as2/as2_task1/as2_task1.srcs/sources_1/new/acc.vhd:]
WARNING: [filemgmt 56-199] Attempt to get parsing info during refresh. "On-the-fly" syntax checking information may be incorrect. [/home/madsr2d2/DTU/dds/as2/as2_task1/as2_task1.srcs/sources_1/new/ram_dp.vhd:]
WARNING: [filemgmt 56-199] Attempt to get parsing info during refresh. "On-the-fly" syntax checking information may be incorrect. [/home/madsr2d2/DTU/dds/as2/02203_A2_code/task2/acc2.vhd:]
WARNING: [filemgmt 56-199] Attempt to get parsing info during refresh. "On-the-fly" syntax checking information may be incorrect. [/home/madsr2d2/DTU/dds/as2/02203_A2_code/task2/test2.vhd:]
WARNING: [filemgmt 56-199] Attempt to get parsing info during refresh. "On-the-fly" syntax checking information may be incorrect. [/home/madsr2d2/DTU/dds/as2/02203_A2_code/task2/test2.vhd:]
WARNING: [filemgmt 56-199] Attempt to get parsing info during refresh. "On-the-fly" syntax checking information may be incorrect. [/home/madsr2d2/DTU/dds/as2/02203_A2_code/task2/test2.vhd:]
WARNING: [filemgmt 56-199] Attempt to get parsing info during refresh. "On-the-fly" syntax checking information may be incorrect. [/home/madsr2d2/DTU/dds/as2/02203_A2_code/task2/memory2.vhd:]
WARNING: [filemgmt 56-199] Attempt to get parsing info during refresh. "On-the-fly" syntax checking information may be incorrect. [/home/madsr2d2/DTU/dds/as2/as2_task1/as2_task1.srcs/sources_1/new/acc.vhd:]
WARNING: [filemgmt 56-199] Attempt to get parsing info during refresh. "On-the-fly" syntax checking information may be incorrect. [/home/madsr2d2/DTU/dds/as2/as2_task1/as2_task1.srcs/sources_1/new/ram_dp.vhd:]
WARNING: [filemgmt 56-199] Attempt to get parsing info during refresh. "On-the-fly" syntax checking information may be incorrect. [/home/madsr2d2/DTU/dds/as2/02203_A2_code/task2/acc2.vhd:]
WARNING: [filemgmt 56-199] Attempt to get parsing info during refresh. "On-the-fly" syntax checking information may be incorrect. [/home/madsr2d2/DTU/dds/as2/02203_A2_code/task2/test2.vhd:]
WARNING: [filemgmt 56-199] Attempt to get parsing info during refresh. "On-the-fly" syntax checking information may be incorrect. [/home/madsr2d2/DTU/dds/as2/02203_A2_code/task2/memory2.vhd:]
WARNING: [filemgmt 56-199] Attempt to get parsing info during refresh. "On-the-fly" syntax checking information may be incorrect. [/home/madsr2d2/DTU/dds/as2/02203_A2_code/task2/memory2.vhd:]
set_property file_type {VHDL 2008} [get_files  /home/madsr2d2/DTU/dds/as2/02203_A2_code/task2/memory2.vhd]
WARNING: [filemgmt 56-199] Attempt to get parsing info during refresh. "On-the-fly" syntax checking information may be incorrect. [/home/madsr2d2/DTU/dds/as2/02203_A2_code/task2/memory2.vhd:]
WARNING: [filemgmt 56-199] Attempt to get parsing info during refresh. "On-the-fly" syntax checking information may be incorrect. [/home/madsr2d2/DTU/dds/as2/as2_task1/as2_task1.srcs/sources_1/new/acc.vhd:]
WARNING: [filemgmt 56-199] Attempt to get parsing info during refresh. "On-the-fly" syntax checking information may be incorrect. [/home/madsr2d2/DTU/dds/as2/as2_task1/as2_task1.srcs/sources_1/new/ram_dp.vhd:]
WARNING: [filemgmt 56-199] Attempt to get parsing info during refresh. "On-the-fly" syntax checking information may be incorrect. [/home/madsr2d2/DTU/dds/as2/02203_A2_code/task2/acc2.vhd:]
WARNING: [filemgmt 56-199] Attempt to get parsing info during refresh. "On-the-fly" syntax checking information may be incorrect. [/home/madsr2d2/DTU/dds/as2/02203_A2_code/task2/test2.vhd:]
WARNING: [filemgmt 56-199] Attempt to get parsing info during refresh. "On-the-fly" syntax checking information may be incorrect. [/home/madsr2d2/DTU/dds/as2/as2_task1/as2_task1.srcs/sources_1/new/ram_dp.vhd:]
WARNING: [filemgmt 56-199] Attempt to get parsing info during refresh. "On-the-fly" syntax checking information may be incorrect. [/home/madsr2d2/DTU/dds/as2/as2_task1/as2_task1.srcs/sources_1/new/ram_dp.vhd:]
WARNING: [filemgmt 56-199] Attempt to get parsing info during refresh. "On-the-fly" syntax checking information may be incorrect. [/home/madsr2d2/DTU/dds/as2/02203_A2_code/task2/memory2.vhd:]
WARNING: [filemgmt 56-199] Attempt to get parsing info during refresh. "On-the-fly" syntax checking information may be incorrect. [/home/madsr2d2/DTU/dds/as2/as2_task1/as2_task1.srcs/sources_1/new/acc.vhd:]
WARNING: [filemgmt 56-199] Attempt to get parsing info during refresh. "On-the-fly" syntax checking information may be incorrect. [/home/madsr2d2/DTU/dds/as2/as2_task1/as2_task1.srcs/sources_1/new/ram_dp.vhd:]
WARNING: [filemgmt 56-199] Attempt to get parsing info during refresh. "On-the-fly" syntax checking information may be incorrect. [/home/madsr2d2/DTU/dds/as2/02203_A2_code/task2/acc2.vhd:]
WARNING: [filemgmt 56-199] Attempt to get parsing info during refresh. "On-the-fly" syntax checking information may be incorrect. [/home/madsr2d2/DTU/dds/as2/02203_A2_code/task2/test2.vhd:]
WARNING: [filemgmt 56-199] Attempt to get parsing info during refresh. "On-the-fly" syntax checking information may be incorrect. [/home/madsr2d2/DTU/dds/as2/02203_A2_code/task2/test2.vhd:]
WARNING: [filemgmt 56-199] Attempt to get parsing info during refresh. "On-the-fly" syntax checking information may be incorrect. [/home/madsr2d2/DTU/dds/as2/02203_A2_code/task2/test2.vhd:]
WARNING: [filemgmt 56-199] Attempt to get parsing info during refresh. "On-the-fly" syntax checking information may be incorrect. [/home/madsr2d2/DTU/dds/as2/02203_A2_code/task2/memory2.vhd:]
WARNING: [filemgmt 56-199] Attempt to get parsing info during refresh. "On-the-fly" syntax checking information may be incorrect. [/home/madsr2d2/DTU/dds/as2/as2_task1/as2_task1.srcs/sources_1/new/acc.vhd:]
WARNING: [filemgmt 56-199] Attempt to get parsing info during refresh. "On-the-fly" syntax checking information may be incorrect. [/home/madsr2d2/DTU/dds/as2/as2_task1/as2_task1.srcs/sources_1/new/ram_dp.vhd:]
WARNING: [filemgmt 56-199] Attempt to get parsing info during refresh. "On-the-fly" syntax checking information may be incorrect. [/home/madsr2d2/DTU/dds/as2/02203_A2_code/task2/acc2.vhd:]
WARNING: [filemgmt 56-199] Attempt to get parsing info during refresh. "On-the-fly" syntax checking information may be incorrect. [/home/madsr2d2/DTU/dds/as2/02203_A2_code/task2/test2.vhd:]
WARNING: [filemgmt 56-199] Attempt to get parsing info during refresh. "On-the-fly" syntax checking information may be incorrect. [/home/madsr2d2/DTU/dds/as2/as2_task1/as2_task1.srcs/sources_1/new/acc.vhd:]
WARNING: [filemgmt 56-199] Attempt to get parsing info during refresh. "On-the-fly" syntax checking information may be incorrect. [/home/madsr2d2/DTU/dds/as2/as2_task1/as2_task1.srcs/sources_1/new/acc.vhd:]
update_compile_order -fileset sources_1
WARNING: [filemgmt 56-199] Attempt to get parsing info during refresh. "On-the-fly" syntax checking information may be incorrect. [/home/madsr2d2/DTU/dds/as2/02203_A2_code/task2/memory2.vhd:]
WARNING: [filemgmt 56-199] Attempt to get parsing info during refresh. "On-the-fly" syntax checking information may be incorrect. [/home/madsr2d2/DTU/dds/as2/as2_task1/as2_task1.srcs/sources_1/new/acc.vhd:]
WARNING: [filemgmt 56-199] Attempt to get parsing info during refresh. "On-the-fly" syntax checking information may be incorrect. [/home/madsr2d2/DTU/dds/as2/as2_task1/as2_task1.srcs/sources_1/new/ram_dp.vhd:]
WARNING: [filemgmt 56-199] Attempt to get parsing info during refresh. "On-the-fly" syntax checking information may be incorrect. [/home/madsr2d2/DTU/dds/as2/02203_A2_code/task2/acc2.vhd:]
WARNING: [filemgmt 56-199] Attempt to get parsing info during refresh. "On-the-fly" syntax checking information may be incorrect. [/home/madsr2d2/DTU/dds/as2/02203_A2_code/task2/test2.vhd:]
WARNING: [filemgmt 56-199] Attempt to get parsing info during refresh. "On-the-fly" syntax checking information may be incorrect. [/home/madsr2d2/DTU/dds/as2/as2_task1/as2_task1.srcs/sources_1/new/ram_dp.vhd:]
WARNING: [filemgmt 56-199] Attempt to get parsing info during refresh. "On-the-fly" syntax checking information may be incorrect. [/home/madsr2d2/DTU/dds/as2/as2_task1/as2_task1.srcs/sources_1/new/ram_dp.vhd:]
WARNING: [filemgmt 56-199] Attempt to get parsing info during refresh. "On-the-fly" syntax checking information may be incorrect. [/home/madsr2d2/DTU/dds/as2/02203_A2_code/task2/memory2.vhd:]
WARNING: [filemgmt 56-199] Attempt to get parsing info during refresh. "On-the-fly" syntax checking information may be incorrect. [/home/madsr2d2/DTU/dds/as2/as2_task1/as2_task1.srcs/sources_1/new/acc.vhd:]
WARNING: [filemgmt 56-199] Attempt to get parsing info during refresh. "On-the-fly" syntax checking information may be incorrect. [/home/madsr2d2/DTU/dds/as2/as2_task1/as2_task1.srcs/sources_1/new/ram_dp.vhd:]
WARNING: [filemgmt 56-199] Attempt to get parsing info during refresh. "On-the-fly" syntax checking information may be incorrect. [/home/madsr2d2/DTU/dds/as2/02203_A2_code/task2/acc2.vhd:]
WARNING: [filemgmt 56-199] Attempt to get parsing info during refresh. "On-the-fly" syntax checking information may be incorrect. [/home/madsr2d2/DTU/dds/as2/02203_A2_code/task2/test2.vhd:]
WARNING: [filemgmt 56-199] Attempt to get parsing info during refresh. "On-the-fly" syntax checking information may be incorrect. [/home/madsr2d2/DTU/dds/as2/02203_A2_code/task2/test2.vhd:]
WARNING: [filemgmt 56-199] Attempt to get parsing info during refresh. "On-the-fly" syntax checking information may be incorrect. [/home/madsr2d2/DTU/dds/as2/02203_A2_code/task2/test2.vhd:]
WARNING: [filemgmt 56-199] Attempt to get parsing info during refresh. "On-the-fly" syntax checking information may be incorrect. [/home/madsr2d2/DTU/dds/as2/02203_A2_code/task2/memory2.vhd:]
WARNING: [filemgmt 56-199] Attempt to get parsing info during refresh. "On-the-fly" syntax checking information may be incorrect. [/home/madsr2d2/DTU/dds/as2/as2_task1/as2_task1.srcs/sources_1/new/acc.vhd:]
WARNING: [filemgmt 56-199] Attempt to get parsing info during refresh. "On-the-fly" syntax checking information may be incorrect. [/home/madsr2d2/DTU/dds/as2/as2_task1/as2_task1.srcs/sources_1/new/ram_dp.vhd:]
WARNING: [filemgmt 56-199] Attempt to get parsing info during refresh. "On-the-fly" syntax checking information may be incorrect. [/home/madsr2d2/DTU/dds/as2/02203_A2_code/task2/acc2.vhd:]
WARNING: [filemgmt 56-199] Attempt to get parsing info during refresh. "On-the-fly" syntax checking information may be incorrect. [/home/madsr2d2/DTU/dds/as2/02203_A2_code/task2/test2.vhd:]
WARNING: [filemgmt 56-199] Attempt to get parsing info during refresh. "On-the-fly" syntax checking information may be incorrect. [/home/madsr2d2/DTU/dds/as2/02203_A2_code/task2/memory2.vhd:]
WARNING: [filemgmt 56-199] Attempt to get parsing info during refresh. "On-the-fly" syntax checking information may be incorrect. [/home/madsr2d2/DTU/dds/as2/02203_A2_code/task2/memory2.vhd:]
reset_run synth_1
launch_runs synth_1 -jobs 16
[Fri Oct 25 15:05:55 2024] Launched synth_1...
Run output will be captured here: /home/madsr2d2/DTU/dds/as2/as2_task_0/as2_task_0.runs/synth_1/runme.log
WARNING: [filemgmt 56-199] Attempt to get parsing info during refresh. "On-the-fly" syntax checking information may be incorrect. [/home/madsr2d2/DTU/dds/as2/02203_A2_code/task2/memory2.vhd:]
WARNING: [filemgmt 56-199] Attempt to get parsing info during refresh. "On-the-fly" syntax checking information may be incorrect. [/home/madsr2d2/DTU/dds/as2/as2_task1/as2_task1.srcs/sources_1/new/acc.vhd:]
WARNING: [filemgmt 56-199] Attempt to get parsing info during refresh. "On-the-fly" syntax checking information may be incorrect. [/home/madsr2d2/DTU/dds/as2/as2_task1/as2_task1.srcs/sources_1/new/ram_dp.vhd:]
WARNING: [filemgmt 56-199] Attempt to get parsing info during refresh. "On-the-fly" syntax checking information may be incorrect. [/home/madsr2d2/DTU/dds/as2/02203_A2_code/task2/acc2.vhd:]
WARNING: [filemgmt 56-199] Attempt to get parsing info during refresh. "On-the-fly" syntax checking information may be incorrect. [/home/madsr2d2/DTU/dds/as2/02203_A2_code/task2/test2.vhd:]
WARNING: [filemgmt 56-199] Attempt to get parsing info during refresh. "On-the-fly" syntax checking information may be incorrect. [/home/madsr2d2/DTU/dds/as2/as2_task1/as2_task1.srcs/sources_1/new/acc.vhd:]
WARNING: [filemgmt 56-199] Attempt to get parsing info during refresh. "On-the-fly" syntax checking information may be incorrect. [/home/madsr2d2/DTU/dds/as2/as2_task1/as2_task1.srcs/sources_1/new/acc.vhd:]
WARNING: [filemgmt 56-199] Attempt to get parsing info during refresh. "On-the-fly" syntax checking information may be incorrect. [/home/madsr2d2/DTU/dds/as2/02203_A2_code/task2/memory2.vhd:]
WARNING: [filemgmt 56-199] Attempt to get parsing info during refresh. "On-the-fly" syntax checking information may be incorrect. [/home/madsr2d2/DTU/dds/as2/as2_task1/as2_task1.srcs/sources_1/new/acc.vhd:]
WARNING: [filemgmt 56-199] Attempt to get parsing info during refresh. "On-the-fly" syntax checking information may be incorrect. [/home/madsr2d2/DTU/dds/as2/as2_task1/as2_task1.srcs/sources_1/new/ram_dp.vhd:]
WARNING: [filemgmt 56-199] Attempt to get parsing info during refresh. "On-the-fly" syntax checking information may be incorrect. [/home/madsr2d2/DTU/dds/as2/02203_A2_code/task2/acc2.vhd:]
WARNING: [filemgmt 56-199] Attempt to get parsing info during refresh. "On-the-fly" syntax checking information may be incorrect. [/home/madsr2d2/DTU/dds/as2/02203_A2_code/task2/test2.vhd:]
WARNING: [filemgmt 56-199] Attempt to get parsing info during refresh. "On-the-fly" syntax checking information may be incorrect. [/home/madsr2d2/DTU/dds/as2/02203_A2_code/task2/memory2.vhd:]
WARNING: [filemgmt 56-199] Attempt to get parsing info during refresh. "On-the-fly" syntax checking information may be incorrect. [/home/madsr2d2/DTU/dds/as2/02203_A2_code/task2/memory2.vhd:]
WARNING: [filemgmt 56-199] Attempt to get parsing info during refresh. "On-the-fly" syntax checking information may be incorrect. [/home/madsr2d2/DTU/dds/as2/02203_A2_code/task2/memory2.vhd:]
WARNING: [filemgmt 56-199] Attempt to get parsing info during refresh. "On-the-fly" syntax checking information may be incorrect. [/home/madsr2d2/DTU/dds/as2/as2_task1/as2_task1.srcs/sources_1/new/acc.vhd:]
WARNING: [filemgmt 56-199] Attempt to get parsing info during refresh. "On-the-fly" syntax checking information may be incorrect. [/home/madsr2d2/DTU/dds/as2/as2_task1/as2_task1.srcs/sources_1/new/ram_dp.vhd:]
WARNING: [filemgmt 56-199] Attempt to get parsing info during refresh. "On-the-fly" syntax checking information may be incorrect. [/home/madsr2d2/DTU/dds/as2/02203_A2_code/task2/acc2.vhd:]
WARNING: [filemgmt 56-199] Attempt to get parsing info during refresh. "On-the-fly" syntax checking information may be incorrect. [/home/madsr2d2/DTU/dds/as2/02203_A2_code/task2/test2.vhd:]
WARNING: [filemgmt 56-199] Attempt to get parsing info during refresh. "On-the-fly" syntax checking information may be incorrect. [/home/madsr2d2/DTU/dds/as2/02203_A2_code/task2/test2.vhd:]
WARNING: [filemgmt 56-199] Attempt to get parsing info during refresh. "On-the-fly" syntax checking information may be incorrect. [/home/madsr2d2/DTU/dds/as2/02203_A2_code/task2/test2.vhd:]
WARNING: [filemgmt 56-199] Attempt to get parsing info during refresh. "On-the-fly" syntax checking information may be incorrect. [/home/madsr2d2/DTU/dds/as2/02203_A2_code/task2/memory2.vhd:]
WARNING: [filemgmt 56-199] Attempt to get parsing info during refresh. "On-the-fly" syntax checking information may be incorrect. [/home/madsr2d2/DTU/dds/as2/as2_task1/as2_task1.srcs/sources_1/new/acc.vhd:]
WARNING: [filemgmt 56-199] Attempt to get parsing info during refresh. "On-the-fly" syntax checking information may be incorrect. [/home/madsr2d2/DTU/dds/as2/as2_task1/as2_task1.srcs/sources_1/new/ram_dp.vhd:]
WARNING: [filemgmt 56-199] Attempt to get parsing info during refresh. "On-the-fly" syntax checking information may be incorrect. [/home/madsr2d2/DTU/dds/as2/02203_A2_code/task2/acc2.vhd:]
WARNING: [filemgmt 56-199] Attempt to get parsing info during refresh. "On-the-fly" syntax checking information may be incorrect. [/home/madsr2d2/DTU/dds/as2/02203_A2_code/task2/test2.vhd:]
WARNING: [filemgmt 56-199] Attempt to get parsing info during refresh. "On-the-fly" syntax checking information may be incorrect. [/home/madsr2d2/DTU/dds/as2/as2_task1/as2_task1.srcs/sources_1/new/ram_dp.vhd:]
WARNING: [filemgmt 56-199] Attempt to get parsing info during refresh. "On-the-fly" syntax checking information may be incorrect. [/home/madsr2d2/DTU/dds/as2/as2_task1/as2_task1.srcs/sources_1/new/ram_dp.vhd:]
WARNING: [filemgmt 56-199] Attempt to get parsing info during refresh. "On-the-fly" syntax checking information may be incorrect. [/home/madsr2d2/DTU/dds/as2/02203_A2_code/task2/memory2.vhd:]
WARNING: [filemgmt 56-199] Attempt to get parsing info during refresh. "On-the-fly" syntax checking information may be incorrect. [/home/madsr2d2/DTU/dds/as2/as2_task1/as2_task1.srcs/sources_1/new/acc.vhd:]
WARNING: [filemgmt 56-199] Attempt to get parsing info during refresh. "On-the-fly" syntax checking information may be incorrect. [/home/madsr2d2/DTU/dds/as2/as2_task1/as2_task1.srcs/sources_1/new/ram_dp.vhd:]
WARNING: [filemgmt 56-199] Attempt to get parsing info during refresh. "On-the-fly" syntax checking information may be incorrect. [/home/madsr2d2/DTU/dds/as2/02203_A2_code/task2/acc2.vhd:]
WARNING: [filemgmt 56-199] Attempt to get parsing info during refresh. "On-the-fly" syntax checking information may be incorrect. [/home/madsr2d2/DTU/dds/as2/02203_A2_code/task2/test2.vhd:]
WARNING: [filemgmt 56-199] Attempt to get parsing info during refresh. "On-the-fly" syntax checking information may be incorrect. [/home/madsr2d2/DTU/dds/as2/02203_A2_code/task2/test2.vhd:]
WARNING: [filemgmt 56-199] Attempt to get parsing info during refresh. "On-the-fly" syntax checking information may be incorrect. [/home/madsr2d2/DTU/dds/as2/02203_A2_code/task2/test2.vhd:]
WARNING: [filemgmt 56-199] Attempt to get parsing info during refresh. "On-the-fly" syntax checking information may be incorrect. [/home/madsr2d2/DTU/dds/as2/02203_A2_code/task2/memory2.vhd:]
WARNING: [filemgmt 56-199] Attempt to get parsing info during refresh. "On-the-fly" syntax checking information may be incorrect. [/home/madsr2d2/DTU/dds/as2/as2_task1/as2_task1.srcs/sources_1/new/acc.vhd:]
WARNING: [filemgmt 56-199] Attempt to get parsing info during refresh. "On-the-fly" syntax checking information may be incorrect. [/home/madsr2d2/DTU/dds/as2/as2_task1/as2_task1.srcs/sources_1/new/ram_dp.vhd:]
WARNING: [filemgmt 56-199] Attempt to get parsing info during refresh. "On-the-fly" syntax checking information may be incorrect. [/home/madsr2d2/DTU/dds/as2/02203_A2_code/task2/acc2.vhd:]
WARNING: [filemgmt 56-199] Attempt to get parsing info during refresh. "On-the-fly" syntax checking information may be incorrect. [/home/madsr2d2/DTU/dds/as2/02203_A2_code/task2/test2.vhd:]
WARNING: [filemgmt 56-199] Attempt to get parsing info during refresh. "On-the-fly" syntax checking information may be incorrect. [/home/madsr2d2/DTU/dds/as2/02203_A2_code/task2/memory2.vhd:]
WARNING: [filemgmt 56-199] Attempt to get parsing info during refresh. "On-the-fly" syntax checking information may be incorrect. [/home/madsr2d2/DTU/dds/as2/02203_A2_code/task2/memory2.vhd:]
WARNING: [filemgmt 56-199] Attempt to get parsing info during refresh. "On-the-fly" syntax checking information may be incorrect. [/home/madsr2d2/DTU/dds/as2/02203_A2_code/task2/memory2.vhd:]
WARNING: [filemgmt 56-199] Attempt to get parsing info during refresh. "On-the-fly" syntax checking information may be incorrect. [/home/madsr2d2/DTU/dds/as2/as2_task1/as2_task1.srcs/sources_1/new/acc.vhd:]
WARNING: [filemgmt 56-199] Attempt to get parsing info during refresh. "On-the-fly" syntax checking information may be incorrect. [/home/madsr2d2/DTU/dds/as2/as2_task1/as2_task1.srcs/sources_1/new/ram_dp.vhd:]
WARNING: [filemgmt 56-199] Attempt to get parsing info during refresh. "On-the-fly" syntax checking information may be incorrect. [/home/madsr2d2/DTU/dds/as2/02203_A2_code/task2/acc2.vhd:]
WARNING: [filemgmt 56-199] Attempt to get parsing info during refresh. "On-the-fly" syntax checking information may be incorrect. [/home/madsr2d2/DTU/dds/as2/02203_A2_code/task2/test2.vhd:]
WARNING: [filemgmt 56-199] Attempt to get parsing info during refresh. "On-the-fly" syntax checking information may be incorrect. [/home/madsr2d2/DTU/dds/as2/as2_task1/as2_task1.srcs/sources_1/new/ram_dp.vhd:]
WARNING: [filemgmt 56-199] Attempt to get parsing info during refresh. "On-the-fly" syntax checking information may be incorrect. [/home/madsr2d2/DTU/dds/as2/as2_task1/as2_task1.srcs/sources_1/new/ram_dp.vhd:]
WARNING: [filemgmt 56-199] Attempt to get parsing info during refresh. "On-the-fly" syntax checking information may be incorrect. [/home/madsr2d2/DTU/dds/as2/02203_A2_code/task2/memory2.vhd:]
WARNING: [filemgmt 56-199] Attempt to get parsing info during refresh. "On-the-fly" syntax checking information may be incorrect. [/home/madsr2d2/DTU/dds/as2/as2_task1/as2_task1.srcs/sources_1/new/acc.vhd:]
WARNING: [filemgmt 56-199] Attempt to get parsing info during refresh. "On-the-fly" syntax checking information may be incorrect. [/home/madsr2d2/DTU/dds/as2/as2_task1/as2_task1.srcs/sources_1/new/ram_dp.vhd:]
WARNING: [filemgmt 56-199] Attempt to get parsing info during refresh. "On-the-fly" syntax checking information may be incorrect. [/home/madsr2d2/DTU/dds/as2/02203_A2_code/task2/acc2.vhd:]
WARNING: [filemgmt 56-199] Attempt to get parsing info during refresh. "On-the-fly" syntax checking information may be incorrect. [/home/madsr2d2/DTU/dds/as2/02203_A2_code/task2/test2.vhd:]
WARNING: [filemgmt 56-199] Attempt to get parsing info during refresh. "On-the-fly" syntax checking information may be incorrect. [/home/madsr2d2/DTU/dds/as2/02203_A2_code/task2/test2.vhd:]
WARNING: [filemgmt 56-199] Attempt to get parsing info during refresh. "On-the-fly" syntax checking information may be incorrect. [/home/madsr2d2/DTU/dds/as2/02203_A2_code/task2/test2.vhd:]
WARNING: [filemgmt 56-199] Attempt to get parsing info during refresh. "On-the-fly" syntax checking information may be incorrect. [/home/madsr2d2/DTU/dds/as2/02203_A2_code/task2/memory2.vhd:]
WARNING: [filemgmt 56-199] Attempt to get parsing info during refresh. "On-the-fly" syntax checking information may be incorrect. [/home/madsr2d2/DTU/dds/as2/as2_task1/as2_task1.srcs/sources_1/new/acc.vhd:]
WARNING: [filemgmt 56-199] Attempt to get parsing info during refresh. "On-the-fly" syntax checking information may be incorrect. [/home/madsr2d2/DTU/dds/as2/as2_task1/as2_task1.srcs/sources_1/new/ram_dp.vhd:]
WARNING: [filemgmt 56-199] Attempt to get parsing info during refresh. "On-the-fly" syntax checking information may be incorrect. [/home/madsr2d2/DTU/dds/as2/02203_A2_code/task2/acc2.vhd:]
WARNING: [filemgmt 56-199] Attempt to get parsing info during refresh. "On-the-fly" syntax checking information may be incorrect. [/home/madsr2d2/DTU/dds/as2/02203_A2_code/task2/test2.vhd:]
WARNING: [filemgmt 56-199] Attempt to get parsing info during refresh. "On-the-fly" syntax checking information may be incorrect. [/home/madsr2d2/DTU/dds/as2/02203_A2_code/task2/memory2.vhd:]
WARNING: [filemgmt 56-199] Attempt to get parsing info during refresh. "On-the-fly" syntax checking information may be incorrect. [/home/madsr2d2/DTU/dds/as2/02203_A2_code/task2/memory2.vhd:]
reset_run synth_1
launch_runs synth_1 -jobs 16
[Fri Oct 25 15:07:28 2024] Launched synth_1...
Run output will be captured here: /home/madsr2d2/DTU/dds/as2/as2_task_0/as2_task_0.runs/synth_1/runme.log
exit
INFO: [Common 17-206] Exiting Vivado at Fri Oct 25 15:51:03 2024...
